TN:
SF:src/modules/AccessControlModuleStandalone.sol
DA:30,1622
FN:30,AccessControlModuleStandalone.constructor
FNDA:1622,AccessControlModuleStandalone.constructor
DA:31,1622
BRDA:31,0,0,7
BRDA:31,0,1,1615
DA:35,1615
DA:46,1746
FN:46,AccessControlModuleStandalone.hasRole
FNDA:1746,AccessControlModuleStandalone.hasRole
DA:55,21064
BRDA:55,1,0,4032
BRDA:55,1,1,17032
DA:56,4032
DA:58,17032
FNF:2
FNH:2
LF:7
LH:7
BRF:4
BRH:4
end_of_record
TN:
SF:src/modules/Ownable2StepERC165Module.sol
DA:17,68
FN:17,Ownable2StepERC165Module.supportsInterface
FNDA:68,Ownable2StepERC165Module.supportsInterface
DA:18,68
DA:19,57
DA:20,46
FNF:1
FNH:1
LF:4
LH:4
BRF:0
BRH:0
end_of_record
TN:
SF:src/modules/VersionModule.sol
DA:23,7
FN:23,VersionModule.version
FNDA:7,VersionModule.version
DA:24,7
FNF:1
FNH:1
LF:2
LH:2
BRF:0
BRH:0
end_of_record
TN:
SF:src/rules/operation/RuleConditionalTransferLight.sol
DA:41,48
FN:41,RuleConditionalTransferLight.supportsInterface
FNDA:48,RuleConditionalTransferLight.supportsInterface
DA:48,48
DA:49,47
DA:50,46
DA:51,30
DA:52,29
DA:62,58
FN:62,RuleConditionalTransferLight._onlyComplianceManager
FNDA:58,RuleConditionalTransferLight._onlyComplianceManager
DA:67,7607
FN:67,RuleConditionalTransferLight._authorizeTransferApproval
FNDA:7607,RuleConditionalTransferLight._authorizeTransferApproval
DA:72,3
FN:72,RuleConditionalTransferLight._authorizeComplianceBindingChange
FNDA:3,RuleConditionalTransferLight._authorizeComplianceBindingChange
FNF:4
FNH:4
LF:9
LH:9
BRF:0
BRH:0
end_of_record
TN:
SF:src/rules/operation/RuleConditionalTransferLightMultiToken.sol
DA:33,6
FN:33,RuleConditionalTransferLightMultiToken.supportsInterface
FNDA:6,RuleConditionalTransferLightMultiToken.supportsInterface
DA:40,6
DA:41,6
DA:42,6
DA:43,4
DA:44,4
DA:50,38
FN:50,RuleConditionalTransferLightMultiToken._onlyComplianceManager
FNDA:38,RuleConditionalTransferLightMultiToken._onlyComplianceManager
DA:55,31
FN:55,RuleConditionalTransferLightMultiToken._authorizeTransferApproval
FNDA:31,RuleConditionalTransferLightMultiToken._authorizeTransferApproval
FNF:3
FNH:3
LF:8
LH:8
BRF:0
BRH:0
end_of_record
TN:
SF:src/rules/operation/RuleConditionalTransferLightMultiTokenOwnable2Step.sol
DA:33,5
FN:33,RuleConditionalTransferLightMultiTokenOwnable2Step.supportsInterface
FNDA:5,RuleConditionalTransferLightMultiTokenOwnable2Step.supportsInterface
DA:39,5
DA:40,2
DA:41,2
DA:42,2
DA:43,2
DA:49,0
FN:49,RuleConditionalTransferLightMultiTokenOwnable2Step._onlyComplianceManager
FNDA:0,RuleConditionalTransferLightMultiTokenOwnable2Step._onlyComplianceManager
DA:54,0
FN:54,RuleConditionalTransferLightMultiTokenOwnable2Step._authorizeTransferApproval
FNDA:0,RuleConditionalTransferLightMultiTokenOwnable2Step._authorizeTransferApproval
FNF:3
FNH:1
LF:8
LH:6
BRF:0
BRH:0
end_of_record
TN:
SF:src/rules/operation/RuleConditionalTransferLightOwnable2Step.sol
DA:40,12
FN:40,RuleConditionalTransferLightOwnable2Step.supportsInterface
FNDA:12,RuleConditionalTransferLightOwnable2Step.supportsInterface
DA:46,12
DA:47,8
DA:48,7
DA:49,6
DA:50,4
DA:60,3
FN:60,RuleConditionalTransferLightOwnable2Step._onlyComplianceManager
FNDA:3,RuleConditionalTransferLightOwnable2Step._onlyComplianceManager
DA:65,4
FN:65,RuleConditionalTransferLightOwnable2Step._authorizeTransferApproval
FNDA:4,RuleConditionalTransferLightOwnable2Step._authorizeTransferApproval
DA:70,0
FN:70,RuleConditionalTransferLightOwnable2Step._authorizeComplianceBindingChange
FNDA:0,RuleConditionalTransferLightOwnable2Step._authorizeComplianceBindingChange
FNF:4
FNH:3
LF:9
LH:8
BRF:0
BRH:0
end_of_record
TN:
SF:src/rules/operation/RuleMintAllowance.sol
DA:38,34
FN:38,RuleMintAllowance.supportsInterface
FNDA:34,RuleMintAllowance.supportsInterface
DA:47,34
DA:48,33
DA:49,32
DA:50,21
DA:60,312
FN:60,RuleMintAllowance._onlyComplianceManager
FNDA:312,RuleMintAllowance._onlyComplianceManager
DA:65,10070
FN:65,RuleMintAllowance._authorizeSetMintAllowance
FNDA:10070,RuleMintAllowance._authorizeSetMintAllowance
DA:70,4
FN:70,RuleMintAllowance._authorizeComplianceBindingChange
FNDA:4,RuleMintAllowance._authorizeComplianceBindingChange
FNF:4
FNH:4
LF:8
LH:8
BRF:0
BRH:0
end_of_record
TN:
SF:src/rules/operation/RuleMintAllowanceOwnable2Step.sol
DA:36,8
FN:36,RuleMintAllowanceOwnable2Step.supportsInterface
FNDA:8,RuleMintAllowanceOwnable2Step.supportsInterface
DA:44,8
DA:45,6
DA:46,5
DA:47,4
DA:57,11
FN:57,RuleMintAllowanceOwnable2Step._onlyComplianceManager
FNDA:11,RuleMintAllowanceOwnable2Step._onlyComplianceManager
DA:62,6
FN:62,RuleMintAllowanceOwnable2Step._authorizeSetMintAllowance
FNDA:6,RuleMintAllowanceOwnable2Step._authorizeSetMintAllowance
DA:67,2
FN:67,RuleMintAllowanceOwnable2Step._authorizeComplianceBindingChange
FNDA:2,RuleMintAllowanceOwnable2Step._authorizeComplianceBindingChange
FNF:4
FNH:4
LF:8
LH:8
BRF:0
BRH:0
end_of_record
TN:
SF:src/rules/operation/abstract/RuleConditionalTransferLightApprovalBase.sol
DA:22,4
FN:22,RuleConditionalTransferLightApprovalBase.onlyTransferApprover
FNDA:4,RuleConditionalTransferLightApprovalBase.onlyTransferApprover
DA:23,4
DA:27,3
FN:27,RuleConditionalTransferLightApprovalBase.onlyTransferExecutor
FNDA:3,RuleConditionalTransferLightApprovalBase.onlyTransferExecutor
DA:28,3
DA:40,3
FN:40,RuleConditionalTransferLightApprovalBase.transferred
FNDA:3,RuleConditionalTransferLightApprovalBase.transferred
DA:41,3
DA:54,6210
FN:54,RuleConditionalTransferLightApprovalBase.approveTransfer
FNDA:6210,RuleConditionalTransferLightApprovalBase.approveTransfer
DA:55,6213
DA:56,6213
DA:57,6213
DA:66,1386
FN:66,RuleConditionalTransferLightApprovalBase.cancelTransferApproval
FNDA:1386,RuleConditionalTransferLightApprovalBase.cancelTransferApproval
DA:67,1385
DA:68,1385
DA:69,1385
BRDA:69,0,0,1
BRDA:69,0,1,1384
DA:70,1384
DA:71,1384
DA:86,4
FN:86,RuleConditionalTransferLightApprovalBase.resetApproval
FNDA:4,RuleConditionalTransferLightApprovalBase.resetApproval
DA:92,3
DA:93,3
DA:94,3
BRDA:94,1,0,1
BRDA:94,1,1,2
DA:95,2
DA:96,2
DA:106,9207
FN:106,RuleConditionalTransferLightApprovalBase.approvedCount
FNDA:9207,RuleConditionalTransferLightApprovalBase.approvedCount
DA:107,9207
DA:108,9207
DA:119,3
FN:119,RuleConditionalTransferLightApprovalBase._transferredFromContext
FNDA:3,RuleConditionalTransferLightApprovalBase._transferredFromContext
DA:120,3
DA:130,6353
FN:130,RuleConditionalTransferLightApprovalBase._transferred
FNDA:6353,RuleConditionalTransferLightApprovalBase._transferred
DA:131,6353
BRDA:131,2,0,6353
DA:132,6353
DA:134,2307
DA:135,2307
DA:137,2307
BRDA:137,3,0,5
BRDA:137,3,1,2302
DA:139,2302
DA:140,2302
DA:150,19124
FN:150,RuleConditionalTransferLightApprovalBase._transferHash
FNDA:19124,RuleConditionalTransferLightApprovalBase._transferHash
DA:153,19124
DA:154,19124
DA:155,19124
DA:156,19124
DA:157,19124
DA:164,0
FN:164,RuleConditionalTransferLightApprovalBase._authorizeTransferApproval
FNDA:0,RuleConditionalTransferLightApprovalBase._authorizeTransferApproval
DA:169,0
FN:169,RuleConditionalTransferLightApprovalBase._authorizeTransferExecution
FNDA:0,RuleConditionalTransferLightApprovalBase._authorizeTransferExecution
FNF:12
FNH:10
LF:43
LH:41
BRF:7
BRH:7
end_of_record
TN:
SF:src/rules/operation/abstract/RuleConditionalTransferLightBase.sol
DA:59,1
FN:59,RuleConditionalTransferLightBase.created
FNDA:1,RuleConditionalTransferLightBase.created
DA:60,1
DA:68,1
FN:68,RuleConditionalTransferLightBase.destroyed
FNDA:1,RuleConditionalTransferLightBase.destroyed
DA:69,1
DA:75,1
FN:75,RuleConditionalTransferLightBase.canReturnTransferRestrictionCode
FNDA:1,RuleConditionalTransferLightBase.canReturnTransferRestrictionCode
DA:76,1
DA:82,2
FN:82,RuleConditionalTransferLightBase.messageForTransferRestriction
FNDA:2,RuleConditionalTransferLightBase.messageForTransferRestriction
DA:88,2
BRDA:88,0,0,1
DA:89,1
DA:91,1
DA:113,6
FN:113,RuleConditionalTransferLightBase.approveAndTransferIfAllowed
FNDA:6,RuleConditionalTransferLightBase.approveAndTransferIfAllowed
DA:118,6
DA:119,6
BRDA:119,1,0,1
BRDA:119,1,1,5
DA:121,5
DA:123,5
DA:124,4
BRDA:124,2,0,1
BRDA:124,2,1,3
DA:126,3
DA:127,2
DA:133,6347
FN:133,RuleConditionalTransferLightBase.transferred.0
FNDA:6347,RuleConditionalTransferLightBase.transferred.0
DA:138,6342
DA:144,7
FN:144,RuleConditionalTransferLightBase.transferred.1
FNDA:7,RuleConditionalTransferLightBase.transferred.1
DA:155,6
DA:177,45
FN:177,RuleConditionalTransferLightBase.bindToken
FNDA:45,RuleConditionalTransferLightBase.bindToken
DA:178,44
BRDA:178,3,0,1
BRDA:178,3,1,43
DA:179,43
DA:208,13
FN:208,RuleConditionalTransferLightBase.bindRuleEngine
FNDA:13,RuleConditionalTransferLightBase.bindRuleEngine
DA:209,12
BRDA:209,4,0,1
BRDA:209,4,1,11
DA:210,11
BRDA:210,5,0,1
BRDA:210,5,1,10
DA:211,10
DA:212,10
DA:219,3
FN:219,RuleConditionalTransferLightBase.unbindRuleEngine
FNDA:3,RuleConditionalTransferLightBase.unbindRuleEngine
DA:220,2
DA:221,2
BRDA:221,6,0,1
BRDA:221,6,1,1
DA:222,1
DA:223,1
DA:231,8
FN:231,RuleConditionalTransferLightBase.isTransferExecutor
FNDA:8,RuleConditionalTransferLightBase.isTransferExecutor
DA:232,6365
DA:238,7
FN:238,RuleConditionalTransferLightBase.detectTransferRestriction
FNDA:7,RuleConditionalTransferLightBase.detectTransferRestriction
DA:244,13
BRDA:244,7,0,4
DA:245,4
DA:247,9
DA:248,9
BRDA:248,8,0,6
DA:249,6
DA:251,3
DA:257,1
FN:257,RuleConditionalTransferLightBase.detectTransferRestrictionFrom
FNDA:1,RuleConditionalTransferLightBase.detectTransferRestrictionFrom
DA:269,2
DA:275,4
FN:275,RuleConditionalTransferLightBase.canTransfer
FNDA:4,RuleConditionalTransferLightBase.canTransfer
DA:281,4
DA:287,1
FN:287,RuleConditionalTransferLightBase.canTransferFrom
FNDA:1,RuleConditionalTransferLightBase.canTransferFrom
DA:293,1
DA:306,6357
FN:306,RuleConditionalTransferLightBase._authorizeTransferExecution
FNDA:6357,RuleConditionalTransferLightBase._authorizeTransferExecution
DA:307,6357
BRDA:307,9,0,6
BRDA:307,9,1,6351
FNF:16
FNH:16
LF:52
LH:52
BRF:17
BRH:17
end_of_record
TN:
SF:src/rules/operation/abstract/RuleConditionalTransferLightMultiTokenBase.sol
DA:34,24
FN:34,RuleConditionalTransferLightMultiTokenBase.onlyTransferApprover
FNDA:24,RuleConditionalTransferLightMultiTokenBase.onlyTransferApprover
DA:35,24
DA:39,3
FN:39,RuleConditionalTransferLightMultiTokenBase.onlyTransferExecutor
FNDA:3,RuleConditionalTransferLightMultiTokenBase.onlyTransferExecutor
DA:40,3
DA:49,2
FN:49,RuleConditionalTransferLightMultiTokenBase.created
FNDA:2,RuleConditionalTransferLightMultiTokenBase.created
DA:50,1
DA:58,2
FN:58,RuleConditionalTransferLightMultiTokenBase.destroyed
FNDA:2,RuleConditionalTransferLightMultiTokenBase.destroyed
DA:59,1
DA:66,3
FN:66,RuleConditionalTransferLightMultiTokenBase.transferred.0
FNDA:3,RuleConditionalTransferLightMultiTokenBase.transferred.0
DA:67,3
DA:73,2
FN:73,RuleConditionalTransferLightMultiTokenBase.canReturnTransferRestrictionCode
FNDA:2,RuleConditionalTransferLightMultiTokenBase.canReturnTransferRestrictionCode
DA:74,2
DA:80,2
FN:80,RuleConditionalTransferLightMultiTokenBase.messageForTransferRestriction
FNDA:2,RuleConditionalTransferLightMultiTokenBase.messageForTransferRestriction
DA:86,2
BRDA:86,0,0,1
DA:87,1
DA:89,1
DA:99,24
FN:99,RuleConditionalTransferLightMultiTokenBase.approveTransfer
FNDA:24,RuleConditionalTransferLightMultiTokenBase.approveTransfer
DA:100,24
DA:110,3
FN:110,RuleConditionalTransferLightMultiTokenBase.cancelTransferApproval
FNDA:3,RuleConditionalTransferLightMultiTokenBase.cancelTransferApproval
DA:114,2
DA:126,1
FN:126,RuleConditionalTransferLightMultiTokenBase.approveAndTransferIfAllowed
FNDA:1,RuleConditionalTransferLightMultiTokenBase.approveAndTransferIfAllowed
DA:131,1
BRDA:131,1,0,-
BRDA:131,1,1,1
DA:133,1
DA:135,1
DA:136,1
BRDA:136,2,0,-
BRDA:136,2,1,1
DA:140,1
DA:141,1
DA:147,4
FN:147,RuleConditionalTransferLightMultiTokenBase.transferred.1
FNDA:4,RuleConditionalTransferLightMultiTokenBase.transferred.1
DA:152,4
DA:158,6
FN:158,RuleConditionalTransferLightMultiTokenBase.transferred.2
FNDA:6,RuleConditionalTransferLightMultiTokenBase.transferred.2
DA:169,6
DA:187,3
FN:187,RuleConditionalTransferLightMultiTokenBase.resetApproval
FNDA:3,RuleConditionalTransferLightMultiTokenBase.resetApproval
DA:193,2
DA:194,2
DA:195,2
BRDA:195,3,0,1
BRDA:195,3,1,1
DA:196,1
DA:197,1
DA:208,16
FN:208,RuleConditionalTransferLightMultiTokenBase.approvedCount
FNDA:16,RuleConditionalTransferLightMultiTokenBase.approvedCount
DA:209,16
DA:210,16
DA:222,265
FN:222,RuleConditionalTransferLightMultiTokenBase.detectTransferRestriction
FNDA:265,RuleConditionalTransferLightMultiTokenBase.detectTransferRestriction
DA:228,270
DA:242,263
FN:242,RuleConditionalTransferLightMultiTokenBase.detectTransferRestrictionForToken
FNDA:263,RuleConditionalTransferLightMultiTokenBase.detectTransferRestrictionForToken
DA:248,263
DA:261,5
FN:261,RuleConditionalTransferLightMultiTokenBase.canTransferForToken
FNDA:5,RuleConditionalTransferLightMultiTokenBase.canTransferForToken
DA:267,5
DA:274,2
FN:274,RuleConditionalTransferLightMultiTokenBase.detectTransferRestrictionFrom
FNDA:2,RuleConditionalTransferLightMultiTokenBase.detectTransferRestrictionFrom
DA:286,4
DA:294,1
FN:294,RuleConditionalTransferLightMultiTokenBase.canTransfer
FNDA:1,RuleConditionalTransferLightMultiTokenBase.canTransfer
DA:300,1
DA:306,2
FN:306,RuleConditionalTransferLightMultiTokenBase.canTransferFrom
FNDA:2,RuleConditionalTransferLightMultiTokenBase.canTransferFrom
DA:312,2
DA:328,538
FN:328,RuleConditionalTransferLightMultiTokenBase._detectTransferRestrictionForToken
FNDA:538,RuleConditionalTransferLightMultiTokenBase._detectTransferRestrictionForToken
DA:334,538
BRDA:334,4,0,2
DA:335,2
DA:338,536
BRDA:338,5,0,7
DA:339,7
DA:342,529
BRDA:342,6,0,519
DA:343,519
DA:346,10
DA:360,38
FN:360,RuleConditionalTransferLightMultiTokenBase._authorizeComplianceBindingChange
FNDA:38,RuleConditionalTransferLightMultiTokenBase._authorizeComplianceBindingChange
DA:361,38
DA:371,25
FN:371,RuleConditionalTransferLightMultiTokenBase._approveTransfer
FNDA:25,RuleConditionalTransferLightMultiTokenBase._approveTransfer
DA:372,25
BRDA:372,7,0,2
BRDA:372,7,1,23
DA:373,23
DA:374,23
DA:375,23
DA:385,2
FN:385,RuleConditionalTransferLightMultiTokenBase._cancelTransferApproval
FNDA:2,RuleConditionalTransferLightMultiTokenBase._cancelTransferApproval
DA:386,2
BRDA:386,8,0,-
BRDA:386,8,1,2
DA:387,2
DA:388,2
DA:390,2
BRDA:390,9,0,1
BRDA:390,9,1,1
DA:392,1
DA:393,1
DA:404,15
FN:404,RuleConditionalTransferLightMultiTokenBase._transferred
FNDA:15,RuleConditionalTransferLightMultiTokenBase._transferred
DA:405,15
BRDA:405,10,0,15
DA:406,15
DA:409,9
DA:410,9
DA:412,9
BRDA:412,11,0,3
BRDA:412,11,1,6
DA:414,6
DA:415,6
DA:421,13
FN:421,RuleConditionalTransferLightMultiTokenBase._authorizeTransferExecution
FNDA:13,RuleConditionalTransferLightMultiTokenBase._authorizeTransferExecution
DA:422,13
BRDA:422,12,0,-
BRDA:422,12,1,13
DA:431,0
FN:431,RuleConditionalTransferLightMultiTokenBase._authorizeTransferApproval
FNDA:0,RuleConditionalTransferLightMultiTokenBase._authorizeTransferApproval
DA:441,581
FN:441,RuleConditionalTransferLightMultiTokenBase._transferHash
FNDA:581,RuleConditionalTransferLightMultiTokenBase._transferHash
DA:448,581
DA:449,581
DA:450,581
DA:451,581
DA:452,581
DA:453,581
FNF:28
FNH:27
LF:92
LH:91
BRF:21
BRH:17
end_of_record
TN:
SF:src/rules/operation/abstract/RuleMintAllowanceBase.sol
DA:51,4
FN:51,RuleMintAllowanceBase.onlyAllowanceOperator
FNDA:4,RuleMintAllowanceBase.onlyAllowanceOperator
DA:52,4
DA:63,1
FN:63,RuleMintAllowanceBase.created
FNDA:1,RuleMintAllowanceBase.created
DA:68,1
FN:68,RuleMintAllowanceBase.destroyed
FNDA:1,RuleMintAllowanceBase.destroyed
DA:73,2
FN:73,RuleMintAllowanceBase.canReturnTransferRestrictionCode
FNDA:2,RuleMintAllowanceBase.canReturnTransferRestrictionCode
DA:74,2
DA:86,3753
FN:86,RuleMintAllowanceBase.setMintAllowance
FNDA:3753,RuleMintAllowanceBase.setMintAllowance
DA:87,3751
DA:95,3241
FN:95,RuleMintAllowanceBase.increaseMintAllowance
FNDA:3241,RuleMintAllowanceBase.increaseMintAllowance
DA:96,3240
DA:97,3240
DA:98,3240
DA:107,3078
FN:107,RuleMintAllowanceBase.decreaseMintAllowance
FNDA:3078,RuleMintAllowanceBase.decreaseMintAllowance
DA:108,3077
DA:109,3077
BRDA:109,0,0,1
BRDA:109,0,1,3076
DA:110,3076
DA:111,3076
DA:112,3076
DA:124,4
FN:124,RuleMintAllowanceBase.clearMintAllowances
FNDA:4,RuleMintAllowanceBase.clearMintAllowances
DA:125,3
DA:126,7
DA:142,323
FN:142,RuleMintAllowanceBase.bindToken
FNDA:323,RuleMintAllowanceBase.bindToken
DA:143,321
BRDA:143,1,0,2
BRDA:143,1,1,319
DA:144,319
DA:154,3
FN:154,RuleMintAllowanceBase.transferred.0
FNDA:3,RuleMintAllowanceBase.transferred.0
DA:160,2
DA:171,6849
FN:171,RuleMintAllowanceBase.transferred.1
FNDA:6849,RuleMintAllowanceBase.transferred.1
DA:177,6848
DA:183,2
FN:183,RuleMintAllowanceBase.messageForTransferRestriction
FNDA:2,RuleMintAllowanceBase.messageForTransferRestriction
DA:189,2
BRDA:189,2,0,1
DA:190,1
DA:192,1
DA:200,5
FN:200,RuleMintAllowanceBase.detectTransferRestriction
FNDA:5,RuleMintAllowanceBase.detectTransferRestriction
DA:207,5
DA:213,9
FN:213,RuleMintAllowanceBase.detectTransferRestrictionFrom
FNDA:9,RuleMintAllowanceBase.detectTransferRestrictionFrom
DA:220,15
DA:227,3
FN:227,RuleMintAllowanceBase.canTransfer
FNDA:3,RuleMintAllowanceBase.canTransfer
DA:234,3
DA:240,6
FN:240,RuleMintAllowanceBase.canTransferFrom
FNDA:6,RuleMintAllowanceBase.canTransferFrom
DA:247,6
DA:258,2
FN:258,RuleMintAllowanceBase._transferred
FNDA:2,RuleMintAllowanceBase._transferred
DA:270,6848
FN:270,RuleMintAllowanceBase._transferredFrom
FNDA:6848,RuleMintAllowanceBase._transferredFrom
DA:271,6848
BRDA:271,3,0,6848
DA:272,6848
DA:274,3577
DA:275,3577
BRDA:275,4,0,252
BRDA:275,4,1,3325
DA:276,3325
DA:277,3325
DA:278,3325
DA:286,3758
FN:286,RuleMintAllowanceBase._setMintAllowance
FNDA:3758,RuleMintAllowanceBase._setMintAllowance
DA:287,3758
DA:288,3758
DA:299,15
FN:299,RuleMintAllowanceBase._detectTransferRestrictionFrom
FNDA:15,RuleMintAllowanceBase._detectTransferRestrictionFrom
DA:305,15
BRDA:305,5,0,7
DA:306,7
DA:308,8
DA:314,0
FN:314,RuleMintAllowanceBase._authorizeSetMintAllowance
FNDA:0,RuleMintAllowanceBase._authorizeSetMintAllowance
FNF:21
FNH:20
LF:57
LH:56
BRF:9
BRH:9
end_of_record
TN:
SF:src/rules/validation/abstract/RuleAddressSet/RuleAddressSet.sol
DA:40,278
FN:40,RuleAddressSet.onlyAddressListAdd
FNDA:278,RuleAddressSet.onlyAddressListAdd
DA:41,278
DA:45,12
FN:45,RuleAddressSet.onlyAddressListRemove
FNDA:12,RuleAddressSet.onlyAddressListRemove
DA:46,12
DA:61,278
FN:61,RuleAddressSet.addAddresses
FNDA:278,RuleAddressSet.addAddresses
DA:62,277
DA:63,275
DA:73,260
FN:73,RuleAddressSet.removeAddresses
FNDA:260,RuleAddressSet.removeAddresses
DA:74,259
DA:75,259
DA:85,132
FN:85,RuleAddressSet.addAddress
FNDA:132,RuleAddressSet.addAddress
DA:86,127
BRDA:86,0,0,2
BRDA:86,0,1,125
DA:87,125
BRDA:87,1,0,1
BRDA:87,1,1,124
DA:88,124
DA:89,124
DA:99,12
FN:99,RuleAddressSet.removeAddress
FNDA:12,RuleAddressSet.removeAddress
DA:100,7
BRDA:100,2,0,1
BRDA:100,2,1,6
DA:101,6
DA:102,6
DA:109,543
FN:109,RuleAddressSet.listedAddressCount
FNDA:543,RuleAddressSet.listedAddressCount
DA:110,543
DA:118,4
FN:118,RuleAddressSet.contains
FNDA:4,RuleAddressSet.contains
DA:119,4
DA:127,79
FN:127,RuleAddressSet.isAddressListed
FNDA:79,RuleAddressSet.isAddressListed
DA:128,577
DA:136,155
FN:136,RuleAddressSet.areAddressesListed
FNDA:155,RuleAddressSet.areAddressesListed
DA:137,155
DA:138,155
DA:139,345
DA:150,0
FN:150,RuleAddressSet._authorizeAddressListAdd
FNDA:0,RuleAddressSet._authorizeAddressListAdd
DA:155,0
FN:155,RuleAddressSet._authorizeAddressListRemove
FNDA:0,RuleAddressSet._authorizeAddressListRemove
DA:160,994
FN:160,RuleAddressSet._msgSender
FNDA:994,RuleAddressSet._msgSender
DA:161,994
DA:167,6
FN:167,RuleAddressSet._msgData
FNDA:6,RuleAddressSet._msgData
DA:168,6
DA:174,1002
FN:174,RuleAddressSet._contextSuffixLength
FNDA:1002,RuleAddressSet._contextSuffixLength
DA:175,1002
FNF:15
FNH:13
LF:37
LH:35
BRF:6
BRH:6
end_of_record
TN:
SF:src/rules/validation/abstract/RuleAddressSet/RuleAddressSetInternal.sol
DA:41,277
FN:41,RuleAddressSetInternal._addAddresses
FNDA:277,RuleAddressSetInternal._addAddresses
DA:42,277
DA:49,813
BRDA:49,0,0,2
BRDA:49,0,1,811
DA:50,811
BRDA:50,1,0,551
BRDA:50,1,1,260
DA:51,551
DA:53,260
DA:67,259
FN:67,RuleAddressSetInternal._removeAddresses
FNDA:259,RuleAddressSetInternal._removeAddresses
DA:71,259
DA:72,775
BRDA:72,2,0,518
BRDA:72,2,1,257
DA:73,518
DA:75,257
DA:84,124
FN:84,RuleAddressSetInternal._addAddress
FNDA:124,RuleAddressSetInternal._addAddress
DA:85,124
DA:92,6
FN:92,RuleAddressSetInternal._removeAddress
FNDA:6,RuleAddressSetInternal._removeAddress
DA:93,6
DA:100,543
FN:100,RuleAddressSetInternal._listedAddressCount
FNDA:543,RuleAddressSetInternal._listedAddressCount
DA:101,543
DA:109,1093
FN:109,RuleAddressSetInternal._isAddressListed
FNDA:1093,RuleAddressSetInternal._isAddressListed
DA:110,1093
FNF:6
FNH:6
LF:19
LH:19
BRF:6
BRH:6
end_of_record
TN:
SF:src/rules/validation/abstract/RuleERC2980/RuleERC2980Internal.sol
DA:44,4
FN:44,RuleERC2980Internal._addWhitelistAddresses
FNDA:4,RuleERC2980Internal._addWhitelistAddresses
DA:48,4
DA:51,6
BRDA:51,0,0,-
BRDA:51,0,1,6
DA:52,6
BRDA:52,1,0,5
BRDA:52,1,1,1
DA:53,5
DA:55,1
DA:66,3
FN:66,RuleERC2980Internal._removeWhitelistAddresses
FNDA:3,RuleERC2980Internal._removeWhitelistAddresses
DA:70,3
DA:71,3
BRDA:71,2,0,2
BRDA:71,2,1,1
DA:72,2
DA:74,1
DA:83,44
FN:83,RuleERC2980Internal._addWhitelistAddress
FNDA:44,RuleERC2980Internal._addWhitelistAddress
DA:84,44
DA:91,4
FN:91,RuleERC2980Internal._removeWhitelistAddress
FNDA:4,RuleERC2980Internal._removeWhitelistAddress
DA:92,4
DA:105,4
FN:105,RuleERC2980Internal._addFrozenlistAddresses
FNDA:4,RuleERC2980Internal._addFrozenlistAddresses
DA:109,4
DA:112,6
BRDA:112,3,0,-
BRDA:112,3,1,6
DA:113,6
BRDA:113,4,0,5
BRDA:113,4,1,1
DA:114,5
DA:116,1
DA:127,2
FN:127,RuleERC2980Internal._removeFrozenlistAddresses
FNDA:2,RuleERC2980Internal._removeFrozenlistAddresses
DA:131,2
DA:132,2
BRDA:132,5,0,1
BRDA:132,5,1,1
DA:133,1
DA:135,1
DA:144,19
FN:144,RuleERC2980Internal._addFrozenlistAddress
FNDA:19,RuleERC2980Internal._addFrozenlistAddress
DA:145,19
DA:152,4
FN:152,RuleERC2980Internal._removeFrozenlistAddress
FNDA:4,RuleERC2980Internal._removeFrozenlistAddress
DA:153,4
DA:165,115
FN:165,RuleERC2980Internal._isWhitelisted
FNDA:115,RuleERC2980Internal._isWhitelisted
DA:166,115
DA:173,5
FN:173,RuleERC2980Internal._whitelistCount
FNDA:5,RuleERC2980Internal._whitelistCount
DA:174,5
DA:182,163
FN:182,RuleERC2980Internal._isFrozen
FNDA:163,RuleERC2980Internal._isFrozen
DA:183,163
DA:190,4
FN:190,RuleERC2980Internal._frozenlistCount
FNDA:4,RuleERC2980Internal._frozenlistCount
DA:191,4
FNF:12
FNH:12
LF:38
LH:38
BRF:12
BRH:10
end_of_record
TN:
SF:src/rules/validation/abstract/base/RuleBlacklistBase.sol
DA:37,18
FN:37,RuleBlacklistBase.transferred.0
FNDA:18,RuleBlacklistBase.transferred.0
DA:43,18
DA:50,46
FN:50,RuleBlacklistBase.transferred.1
FNDA:46,RuleBlacklistBase.transferred.1
DA:56,46
DA:62,4
FN:62,RuleBlacklistBase.canReturnTransferRestrictionCode
FNDA:4,RuleBlacklistBase.canReturnTransferRestrictionCode
DA:69,4
DA:70,1
DA:76,12
FN:76,RuleBlacklistBase.messageForTransferRestriction
FNDA:12,RuleBlacklistBase.messageForTransferRestriction
DA:83,12
BRDA:83,0,0,5
BRDA:83,0,1,3
DA:84,5
DA:85,7
BRDA:85,1,0,3
BRDA:85,1,1,3
DA:86,3
DA:87,4
BRDA:87,2,0,1
BRDA:87,2,1,3
DA:88,1
DA:90,3
DA:97,65
FN:97,RuleBlacklistBase.supportsInterface
FNDA:65,RuleBlacklistBase.supportsInterface
DA:100,65
DA:101,63
DA:114,140
FN:114,RuleBlacklistBase._detectTransferRestriction
FNDA:140,RuleBlacklistBase._detectTransferRestriction
DA:124,140
BRDA:124,3,0,40
BRDA:124,3,1,81
DA:125,40
DA:126,100
BRDA:126,4,0,19
DA:127,19
DA:129,81
DA:140,80
FN:140,RuleBlacklistBase._detectTransferRestrictionFrom
FNDA:80,RuleBlacklistBase._detectTransferRestrictionFrom
DA:146,80
BRDA:146,5,0,8
DA:147,8
DA:149,72
DA:158,29
FN:158,RuleBlacklistBase._transferred
FNDA:29,RuleBlacklistBase._transferred
DA:159,29
DA:160,29
BRDA:160,6,0,17
BRDA:160,6,1,12
DA:173,54
FN:173,RuleBlacklistBase._transferredFrom
FNDA:54,RuleBlacklistBase._transferredFrom
DA:174,54
DA:175,54
BRDA:175,7,0,9
BRDA:175,7,1,45
FNF:9
FNH:9
LF:34
LH:34
BRF:14
BRH:14
end_of_record
TN:
SF:src/rules/validation/abstract/base/RuleERC2980Base.sol
DA:64,75
FN:64,RuleERC2980Base.constructor
FNDA:75,RuleERC2980Base.constructor
DA:65,75
DA:66,75
DA:67,75
DA:68,75
DA:75,5
FN:75,RuleERC2980Base.onlyMintBurnManager
FNDA:5,RuleERC2980Base.onlyMintBurnManager
DA:76,5
DA:80,6
FN:80,RuleERC2980Base.onlyWhitelistAdd
FNDA:6,RuleERC2980Base.onlyWhitelistAdd
DA:81,6
DA:85,7
FN:85,RuleERC2980Base.onlyWhitelistRemove
FNDA:7,RuleERC2980Base.onlyWhitelistRemove
DA:86,7
DA:90,6
FN:90,RuleERC2980Base.onlyFrozenlistAdd
FNDA:6,RuleERC2980Base.onlyFrozenlistAdd
DA:91,6
DA:95,2
FN:95,RuleERC2980Base.onlyFrozenlistRemove
FNDA:2,RuleERC2980Base.onlyFrozenlistRemove
DA:96,2
DA:109,6
FN:109,RuleERC2980Base.addWhitelistAddresses
FNDA:6,RuleERC2980Base.addWhitelistAddresses
DA:110,4
DA:111,4
DA:119,4
FN:119,RuleERC2980Base.removeWhitelistAddresses
FNDA:4,RuleERC2980Base.removeWhitelistAddresses
DA:120,3
DA:121,3
DA:133,49
FN:133,RuleERC2980Base.addWhitelistAddress
FNDA:49,RuleERC2980Base.addWhitelistAddress
DA:134,46
BRDA:134,0,0,1
BRDA:134,0,1,45
DA:135,45
BRDA:135,1,0,1
BRDA:135,1,1,44
DA:136,44
DA:137,44
DA:149,7
FN:149,RuleERC2980Base.removeWhitelistAddress
FNDA:7,RuleERC2980Base.removeWhitelistAddress
DA:150,5
BRDA:150,2,0,1
BRDA:150,2,1,4
DA:151,4
DA:152,4
DA:164,6
FN:164,RuleERC2980Base.addFrozenlistAddresses
FNDA:6,RuleERC2980Base.addFrozenlistAddresses
DA:165,4
DA:166,4
DA:174,2
FN:174,RuleERC2980Base.removeFrozenlistAddresses
FNDA:2,RuleERC2980Base.removeFrozenlistAddresses
DA:175,2
DA:176,2
DA:188,24
FN:188,RuleERC2980Base.addFrozenlistAddress
FNDA:24,RuleERC2980Base.addFrozenlistAddress
DA:189,21
BRDA:189,3,0,1
BRDA:189,3,1,20
DA:190,20
BRDA:190,4,0,1
BRDA:190,4,1,19
DA:191,19
DA:192,19
DA:204,7
FN:204,RuleERC2980Base.removeFrozenlistAddress
FNDA:7,RuleERC2980Base.removeFrozenlistAddress
DA:205,5
BRDA:205,5,0,1
BRDA:205,5,1,4
DA:206,4
DA:207,4
DA:218,5
FN:218,RuleERC2980Base.setAllowMint
FNDA:5,RuleERC2980Base.setAllowMint
DA:219,3
DA:220,3
DA:227,3
FN:227,RuleERC2980Base.setAllowBurn
FNDA:3,RuleERC2980Base.setAllowBurn
DA:228,2
DA:229,2
DA:235,6
FN:235,RuleERC2980Base.transferred.0
FNDA:6,RuleERC2980Base.transferred.0
DA:241,6
DA:247,4
FN:247,RuleERC2980Base.transferred.1
FNDA:4,RuleERC2980Base.transferred.1
DA:253,4
DA:259,5
FN:259,RuleERC2980Base.canReturnTransferRestrictionCode
FNDA:5,RuleERC2980Base.canReturnTransferRestrictionCode
DA:266,5
DA:267,3
DA:268,1
DA:274,7
FN:274,RuleERC2980Base.messageForTransferRestriction
FNDA:7,RuleERC2980Base.messageForTransferRestriction
DA:281,7
BRDA:281,6,0,1
BRDA:281,6,1,1
DA:282,1
DA:283,6
BRDA:283,7,0,1
BRDA:283,7,1,1
DA:284,1
DA:285,5
BRDA:285,8,0,1
BRDA:285,8,1,1
DA:286,1
DA:287,4
BRDA:287,9,0,1
BRDA:287,9,1,1
DA:288,1
DA:289,3
BRDA:289,10,0,1
BRDA:289,10,1,1
DA:290,1
DA:291,2
BRDA:291,11,0,1
BRDA:291,11,1,1
DA:292,1
DA:294,1
DA:301,3
FN:301,RuleERC2980Base.supportsInterface
FNDA:3,RuleERC2980Base.supportsInterface
DA:302,3
DA:309,5
FN:309,RuleERC2980Base.whitelistAddressCount
FNDA:5,RuleERC2980Base.whitelistAddressCount
DA:310,5
DA:318,15
FN:318,RuleERC2980Base.isWhitelisted
FNDA:15,RuleERC2980Base.isWhitelisted
DA:319,15
DA:327,11
FN:327,RuleERC2980Base.whitelist
FNDA:11,RuleERC2980Base.whitelist
DA:328,11
DA:338,5
FN:338,RuleERC2980Base.isVerified
FNDA:5,RuleERC2980Base.isVerified
DA:339,5
DA:347,1
FN:347,RuleERC2980Base.areWhitelisted
FNDA:1,RuleERC2980Base.areWhitelisted
DA:348,1
DA:349,1
DA:350,2
DA:358,4
FN:358,RuleERC2980Base.frozenlistAddressCount
FNDA:4,RuleERC2980Base.frozenlistAddressCount
DA:359,4
DA:367,12
FN:367,RuleERC2980Base.isFrozen
FNDA:12,RuleERC2980Base.isFrozen
DA:368,12
DA:376,7
FN:376,RuleERC2980Base.frozenlist
FNDA:7,RuleERC2980Base.frozenlist
DA:377,7
DA:385,1
FN:385,RuleERC2980Base.areFrozen
FNDA:1,RuleERC2980Base.areFrozen
DA:386,1
DA:387,1
DA:388,2
DA:399,0
FN:399,RuleERC2980Base._authorizeMintBurnManager
FNDA:0,RuleERC2980Base._authorizeMintBurnManager
DA:404,0
FN:404,RuleERC2980Base._authorizeWhitelistAdd
FNDA:0,RuleERC2980Base._authorizeWhitelistAdd
DA:408,0
FN:408,RuleERC2980Base._authorizeWhitelistRemove
FNDA:0,RuleERC2980Base._authorizeWhitelistRemove
DA:412,0
FN:412,RuleERC2980Base._authorizeFrozenlistAdd
FNDA:0,RuleERC2980Base._authorizeFrozenlistAdd
DA:416,0
FN:416,RuleERC2980Base._authorizeFrozenlistRemove
FNDA:0,RuleERC2980Base._authorizeFrozenlistRemove
DA:421,62
FN:421,RuleERC2980Base._detectTransferRestriction
FNDA:62,RuleERC2980Base._detectTransferRestriction
DA:432,62
DA:433,62
DA:436,62
BRDA:436,12,0,1
DA:437,1
DA:439,61
BRDA:439,13,0,2
DA:440,2
DA:444,59
BRDA:444,14,0,20
DA:445,20
DA:447,39
BRDA:447,15,0,4
DA:448,4
DA:451,35
BRDA:451,16,0,5
DA:452,5
DA:454,30
DA:460,24
FN:460,RuleERC2980Base._detectTransferRestrictionFrom
FNDA:24,RuleERC2980Base._detectTransferRestrictionFrom
DA:467,24
BRDA:467,17,0,4
DA:468,4
DA:470,20
DA:476,13
FN:476,RuleERC2980Base._transferred
FNDA:13,RuleERC2980Base._transferred
DA:477,13
DA:478,13
BRDA:478,18,0,7
BRDA:478,18,1,6
DA:487,11
FN:487,RuleERC2980Base._transferredFrom
FNDA:11,RuleERC2980Base._transferredFrom
DA:488,11
DA:489,11
BRDA:489,19,0,5
BRDA:489,19,1,6
DA:498,293
FN:498,RuleERC2980Base._msgSender
FNDA:293,RuleERC2980Base._msgSender
DA:499,293
DA:505,2
FN:505,RuleERC2980Base._msgData
FNDA:2,RuleERC2980Base._msgData
DA:506,2
DA:512,295
FN:512,RuleERC2980Base._contextSuffixLength
FNDA:295,RuleERC2980Base._contextSuffixLength
DA:513,295
FNF:42
FNH:37
LF:132
LH:127
BRF:34
BRH:34
end_of_record
TN:
SF:src/rules/validation/abstract/base/RuleIdentityRegistryBase.sol
DA:63,39
FN:63,RuleIdentityRegistryBase.constructor
FNDA:39,RuleIdentityRegistryBase.constructor
DA:64,39
BRDA:64,0,0,37
DA:65,37
DA:67,39
DA:68,39
DA:69,39
DA:70,39
DA:77,5
FN:77,RuleIdentityRegistryBase.onlyIdentityRegistryManager
FNDA:5,RuleIdentityRegistryBase.onlyIdentityRegistryManager
DA:78,5
DA:91,4
FN:91,RuleIdentityRegistryBase.canReturnTransferRestrictionCode
FNDA:4,RuleIdentityRegistryBase.canReturnTransferRestrictionCode
DA:92,4
DA:93,2
DA:104,4
FN:104,RuleIdentityRegistryBase.setIdentityRegistry
FNDA:4,RuleIdentityRegistryBase.setIdentityRegistry
DA:105,2
BRDA:105,1,0,1
BRDA:105,1,1,1
DA:106,1
DA:107,1
DA:116,2
FN:116,RuleIdentityRegistryBase.setCheckSender
FNDA:2,RuleIdentityRegistryBase.setCheckSender
DA:117,2
DA:118,2
DA:126,5
FN:126,RuleIdentityRegistryBase.setCheckSpender
FNDA:5,RuleIdentityRegistryBase.setCheckSpender
DA:127,5
DA:128,5
DA:134,5
FN:134,RuleIdentityRegistryBase.clearIdentityRegistry
FNDA:5,RuleIdentityRegistryBase.clearIdentityRegistry
DA:135,3
DA:136,3
DA:142,5
FN:142,RuleIdentityRegistryBase.transferred.0
FNDA:5,RuleIdentityRegistryBase.transferred.0
DA:143,5
DA:149,7
FN:149,RuleIdentityRegistryBase.transferred.1
FNDA:7,RuleIdentityRegistryBase.transferred.1
DA:150,7
DA:156,4
FN:156,RuleIdentityRegistryBase.messageForTransferRestriction
FNDA:4,RuleIdentityRegistryBase.messageForTransferRestriction
DA:162,4
BRDA:162,2,0,1
BRDA:162,2,1,1
DA:163,1
DA:164,3
BRDA:164,3,0,1
BRDA:164,3,1,1
DA:165,1
DA:166,2
BRDA:166,4,0,1
DA:167,1
DA:169,1
DA:179,0
FN:179,RuleIdentityRegistryBase._authorizeIdentityRegistryManager
FNDA:0,RuleIdentityRegistryBase._authorizeIdentityRegistryManager
DA:187,62
FN:187,RuleIdentityRegistryBase._detectTransferRestriction
FNDA:62,RuleIdentityRegistryBase._detectTransferRestriction
DA:197,62
BRDA:197,5,0,3
DA:198,3
DA:201,59
BRDA:201,6,0,3
DA:202,3
DA:206,56
BRDA:206,7,0,1
DA:207,1
DA:212,55
BRDA:212,8,0,6
DA:213,6
DA:215,49
DA:226,31
FN:226,RuleIdentityRegistryBase._detectTransferRestrictionFrom
FNDA:31,RuleIdentityRegistryBase._detectTransferRestrictionFrom
DA:232,31
BRDA:232,9,0,1
DA:233,1
DA:236,30
BRDA:236,10,0,2
DA:237,2
DA:245,5
DA:246,4
DA:247,3
BRDA:247,11,0,3
DA:248,3
DA:250,25
DA:256,11
FN:256,RuleIdentityRegistryBase._transferred
FNDA:11,RuleIdentityRegistryBase._transferred
DA:257,11
DA:258,11
BRDA:258,12,0,1
BRDA:258,12,1,10
DA:267,13
FN:267,RuleIdentityRegistryBase._transferredFrom
FNDA:13,RuleIdentityRegistryBase._transferredFrom
DA:268,13
DA:269,13
BRDA:269,13,0,2
BRDA:269,13,1,11
FNF:15
FNH:14
LF:64
LH:63
BRF:19
BRH:19
end_of_record
TN:
SF:src/rules/validation/abstract/base/RuleMaxTotalSupplyBase.sol
DA:34,542
FN:34,RuleMaxTotalSupplyBase.constructor
FNDA:542,RuleMaxTotalSupplyBase.constructor
DA:35,542
BRDA:35,0,0,1
BRDA:35,0,1,541
DA:36,541
DA:37,541
DA:49,2
FN:49,RuleMaxTotalSupplyBase.canReturnTransferRestrictionCode
FNDA:2,RuleMaxTotalSupplyBase.canReturnTransferRestrictionCode
DA:50,2
DA:61,260
FN:61,RuleMaxTotalSupplyBase.setMaxTotalSupply
FNDA:260,RuleMaxTotalSupplyBase.setMaxTotalSupply
DA:62,258
DA:63,258
DA:70,4
FN:70,RuleMaxTotalSupplyBase.setTokenContract
FNDA:4,RuleMaxTotalSupplyBase.setTokenContract
DA:71,2
BRDA:71,1,0,1
BRDA:71,1,1,1
DA:72,1
DA:73,1
DA:79,2
FN:79,RuleMaxTotalSupplyBase.transferred.0
FNDA:2,RuleMaxTotalSupplyBase.transferred.0
DA:80,2
DA:86,2
FN:86,RuleMaxTotalSupplyBase.transferred.1
FNDA:2,RuleMaxTotalSupplyBase.transferred.1
DA:87,2
DA:93,2
FN:93,RuleMaxTotalSupplyBase.messageForTransferRestriction
FNDA:2,RuleMaxTotalSupplyBase.messageForTransferRestriction
DA:99,2
BRDA:99,2,0,1
DA:100,1
DA:102,1
DA:109,260
FN:109,RuleMaxTotalSupplyBase.onlyMaxTotalSupplyManager
FNDA:260,RuleMaxTotalSupplyBase.onlyMaxTotalSupplyManager
DA:110,260
DA:117,0
FN:117,RuleMaxTotalSupplyBase._authorizeMaxTotalSupplyManager
FNDA:0,RuleMaxTotalSupplyBase._authorizeMaxTotalSupplyManager
DA:126,787
FN:126,RuleMaxTotalSupplyBase._detectTransferRestriction
FNDA:787,RuleMaxTotalSupplyBase._detectTransferRestriction
DA:137,787
BRDA:137,3,0,784
DA:138,784
DA:141,784
BRDA:141,4,0,458
DA:142,458
DA:145,329
DA:151,3
FN:151,RuleMaxTotalSupplyBase._detectTransferRestrictionFrom
FNDA:3,RuleMaxTotalSupplyBase._detectTransferRestrictionFrom
DA:157,3
DA:166,2
FN:166,RuleMaxTotalSupplyBase._transferred
FNDA:2,RuleMaxTotalSupplyBase._transferred
DA:167,2
DA:168,2
BRDA:168,5,0,1
BRDA:168,5,1,1
DA:181,2
FN:181,RuleMaxTotalSupplyBase._transferredFrom
FNDA:2,RuleMaxTotalSupplyBase._transferredFrom
DA:182,2
DA:183,2
BRDA:183,6,0,1
BRDA:183,6,1,1
FNF:13
FNH:12
LF:38
LH:37
BRF:11
BRH:11
end_of_record
TN:
SF:src/rules/validation/abstract/base/RuleSanctionsListBase.sol
DA:32,49
FN:32,RuleSanctionsListBase.constructor
FNDA:49,RuleSanctionsListBase.constructor
DA:35,48
BRDA:35,0,0,21
DA:36,21
DA:47,3
FN:47,RuleSanctionsListBase.canReturnTransferRestrictionCode
FNDA:3,RuleSanctionsListBase.canReturnTransferRestrictionCode
DA:48,3
DA:49,1
DA:61,18
FN:61,RuleSanctionsListBase.setSanctionListOracle
FNDA:18,RuleSanctionsListBase.setSanctionListOracle
DA:62,16
BRDA:62,1,0,1
BRDA:62,1,1,15
DA:63,15
DA:70,3
FN:70,RuleSanctionsListBase.clearSanctionListOracle
FNDA:3,RuleSanctionsListBase.clearSanctionListOracle
DA:71,3
DA:77,9
FN:77,RuleSanctionsListBase.transferred.0
FNDA:9,RuleSanctionsListBase.transferred.0
DA:78,9
DA:84,41
FN:84,RuleSanctionsListBase.transferred.1
FNDA:41,RuleSanctionsListBase.transferred.1
DA:85,41
DA:91,4
FN:91,RuleSanctionsListBase.messageForTransferRestriction
FNDA:4,RuleSanctionsListBase.messageForTransferRestriction
DA:97,4
BRDA:97,2,0,1
BRDA:97,2,1,1
DA:98,1
DA:99,3
BRDA:99,3,0,1
BRDA:99,3,1,1
DA:100,1
DA:101,2
BRDA:101,4,0,1
DA:102,1
DA:104,1
DA:111,3
FN:111,RuleSanctionsListBase.onlySanctionListManager
FNDA:3,RuleSanctionsListBase.onlySanctionListManager
DA:112,3
DA:124,39
FN:124,RuleSanctionsListBase._setSanctionListOracle
FNDA:39,RuleSanctionsListBase._setSanctionListOracle
DA:125,39
DA:126,39
DA:133,0
FN:133,RuleSanctionsListBase._authorizeSanctionListManager
FNDA:0,RuleSanctionsListBase._authorizeSanctionListManager
DA:141,119
FN:141,RuleSanctionsListBase._detectTransferRestriction
FNDA:119,RuleSanctionsListBase._detectTransferRestriction
DA:151,119
BRDA:151,5,0,112
DA:152,112
BRDA:152,6,0,27
BRDA:152,6,1,73
DA:153,27
DA:154,85
BRDA:154,7,0,12
DA:155,12
DA:158,80
DA:169,69
FN:169,RuleSanctionsListBase._detectTransferRestrictionFrom
FNDA:69,RuleSanctionsListBase._detectTransferRestrictionFrom
DA:176,69
BRDA:176,8,0,68
DA:177,68
BRDA:177,9,0,6
DA:178,6
DA:180,62
DA:182,1
DA:191,19
FN:191,RuleSanctionsListBase._transferred
FNDA:19,RuleSanctionsListBase._transferred
DA:192,19
DA:193,19
BRDA:193,10,0,10
BRDA:193,10,1,9
DA:206,48
FN:206,RuleSanctionsListBase._transferredFrom
FNDA:48,RuleSanctionsListBase._transferredFrom
DA:207,48
DA:208,48
BRDA:208,11,0,6
BRDA:208,11,1,42
FNF:14
FNH:13
LF:48
LH:47
BRF:18
BRH:18
end_of_record
TN:
SF:src/rules/validation/abstract/base/RuleSpenderWhitelistBase.sol
DA:38,2
FN:38,RuleSpenderWhitelistBase.canReturnTransferRestrictionCode
FNDA:2,RuleSpenderWhitelistBase.canReturnTransferRestrictionCode
DA:39,2
DA:49,3
FN:49,RuleSpenderWhitelistBase.transferred.0
FNDA:3,RuleSpenderWhitelistBase.transferred.0
DA:54,6
FN:54,RuleSpenderWhitelistBase.transferred.1
FNDA:6,RuleSpenderWhitelistBase.transferred.1
DA:55,6
DA:61,2
FN:61,RuleSpenderWhitelistBase.messageForTransferRestriction
FNDA:2,RuleSpenderWhitelistBase.messageForTransferRestriction
DA:67,2
BRDA:67,0,0,1
DA:68,1
DA:70,1
DA:76,8
FN:76,RuleSpenderWhitelistBase.supportsInterface
FNDA:8,RuleSpenderWhitelistBase.supportsInterface
DA:79,8
DA:80,6
DA:91,12
FN:91,RuleSpenderWhitelistBase._detectTransferRestriction
FNDA:12,RuleSpenderWhitelistBase._detectTransferRestriction
DA:92,12
DA:102,35
FN:102,RuleSpenderWhitelistBase._detectTransferRestrictionFrom
FNDA:35,RuleSpenderWhitelistBase._detectTransferRestrictionFrom
DA:111,35
BRDA:111,1,0,13
DA:112,13
DA:114,22
DA:120,9
FN:120,RuleSpenderWhitelistBase._transferred
FNDA:9,RuleSpenderWhitelistBase._transferred
DA:131,17
FN:131,RuleSpenderWhitelistBase._transferredFrom
FNDA:17,RuleSpenderWhitelistBase._transferredFrom
DA:132,17
DA:133,17
BRDA:133,2,0,7
BRDA:133,2,1,10
FNF:9
FNH:9
LF:22
LH:22
BRF:4
BRH:4
end_of_record
TN:
SF:src/rules/validation/abstract/base/RuleWhitelistBase.sol
DA:32,188
FN:32,RuleWhitelistBase.constructor
FNDA:188,RuleWhitelistBase.constructor
DA:35,188
DA:36,188
DA:48,3
FN:48,RuleWhitelistBase.setCheckSpender
FNDA:3,RuleWhitelistBase.setCheckSpender
DA:49,2
DA:50,2
DA:56,6
FN:56,RuleWhitelistBase.isVerified
FNDA:6,RuleWhitelistBase.isVerified
DA:63,6
DA:69,35
FN:69,RuleWhitelistBase.supportsInterface
FNDA:35,RuleWhitelistBase.supportsInterface
DA:72,35
DA:73,33
DA:80,3
FN:80,RuleWhitelistBase.onlyCheckSpenderManager
FNDA:3,RuleWhitelistBase.onlyCheckSpenderManager
DA:81,3
DA:93,2
FN:93,RuleWhitelistBase._setCheckSpender
FNDA:2,RuleWhitelistBase._setCheckSpender
DA:94,2
DA:101,0
FN:101,RuleWhitelistBase._authorizeCheckSpenderManager
FNDA:0,RuleWhitelistBase._authorizeCheckSpenderManager
DA:109,100
FN:109,RuleWhitelistBase._detectTransferRestriction
FNDA:100,RuleWhitelistBase._detectTransferRestriction
DA:120,100
DA:121,100
DA:124,100
DA:125,100
BRDA:125,0,0,7
DA:126,7
DA:131,93
BRDA:131,1,0,30
DA:132,30
DA:134,63
BRDA:134,2,0,11
DA:135,11
DA:137,52
DA:148,38
FN:148,RuleWhitelistBase._detectTransferRestrictionFrom
FNDA:38,RuleWhitelistBase._detectTransferRestrictionFrom
DA:157,38
BRDA:157,3,0,8
DA:158,8
DA:160,30
FNF:9
FNH:8
LF:31
LH:30
BRF:4
BRH:4
end_of_record
TN:
SF:src/rules/validation/abstract/base/RuleWhitelistWrapperBase.sol
DA:37,57
FN:37,RuleWhitelistWrapperBase.constructor
FNDA:57,RuleWhitelistWrapperBase.constructor
DA:40,57
DA:41,57
DA:48,4
FN:48,RuleWhitelistWrapperBase.onlyCheckSpenderManager
FNDA:4,RuleWhitelistWrapperBase.onlyCheckSpenderManager
DA:49,4
DA:65,4
FN:65,RuleWhitelistWrapperBase.setCheckSpender
FNDA:4,RuleWhitelistWrapperBase.setCheckSpender
DA:66,3
DA:67,3
DA:73,49
FN:73,RuleWhitelistWrapperBase.supportsInterface
FNDA:49,RuleWhitelistWrapperBase.supportsInterface
DA:74,49
DA:83,7
FN:83,RuleWhitelistWrapperBase.isVerified
FNDA:7,RuleWhitelistWrapperBase.isVerified
DA:84,7
DA:85,7
DA:86,7
DA:87,7
DA:100,0
FN:100,RuleWhitelistWrapperBase._authorizeCheckSpenderManager
FNDA:0,RuleWhitelistWrapperBase._authorizeCheckSpenderManager
DA:106,3
FN:106,RuleWhitelistWrapperBase._setCheckSpender
FNDA:3,RuleWhitelistWrapperBase._setCheckSpender
DA:107,3
DA:117,66
FN:117,RuleWhitelistWrapperBase._detectTransferRestriction
FNDA:66,RuleWhitelistWrapperBase._detectTransferRestriction
DA:129,66
DA:130,66
BRDA:130,0,0,4
DA:131,4
DA:134,62
DA:135,62
DA:142,62
BRDA:142,1,0,2
DA:143,2
DA:145,3
BRDA:145,2,0,3
DA:146,3
BRDA:146,3,0,1
DA:147,1
DA:149,2
DA:151,2
BRDA:151,4,0,2
DA:152,2
BRDA:152,5,0,1
DA:153,1
DA:155,1
DA:158,55
DA:159,55
DA:160,55
DA:162,55
DA:163,54
BRDA:163,6,0,22
BRDA:163,6,1,24
DA:164,22
DA:165,32
BRDA:165,7,0,8
BRDA:165,7,1,24
DA:166,8
DA:168,24
DA:177,5
FN:177,RuleWhitelistWrapperBase._isListedInAnyChild
FNDA:5,RuleWhitelistWrapperBase._isListedInAnyChild
DA:178,5
DA:179,5
DA:180,5
DA:191,37
FN:191,RuleWhitelistWrapperBase._detectTransferRestrictionFrom
FNDA:37,RuleWhitelistWrapperBase._detectTransferRestrictionFrom
DA:200,37
BRDA:200,8,0,2
DA:201,2
DA:204,35
DA:205,35
DA:206,35
DA:207,35
DA:209,35
DA:211,35
BRDA:211,9,0,9
BRDA:211,9,1,17
DA:212,9
DA:213,26
BRDA:213,10,0,1
BRDA:213,10,1,17
DA:214,1
DA:215,25
BRDA:215,11,0,8
BRDA:215,11,1,17
DA:216,8
DA:218,17
DA:230,20
FN:230,RuleWhitelistWrapperBase._transferred.0
FNDA:20,RuleWhitelistWrapperBase._transferred.0
DA:236,20
DA:246,1
FN:246,RuleWhitelistWrapperBase._transferred.1
FNDA:1,RuleWhitelistWrapperBase._transferred.1
DA:252,1
DA:260,102
FN:260,RuleWhitelistWrapperBase._detectTransferRestrictionForTargets
FNDA:102,RuleWhitelistWrapperBase._detectTransferRestrictionForTargets
DA:266,102
DA:267,102
DA:268,102
DA:271,153
DA:272,152
DA:273,160
BRDA:273,12,0,160
DA:274,160
DA:279,152
DA:280,152
DA:281,278
BRDA:281,13,0,105
DA:282,105
DA:283,105
DA:286,47
BRDA:286,14,0,47
DA:287,47
DA:290,101
DA:301,175
FN:301,RuleWhitelistWrapperBase._msgSender
FNDA:175,RuleWhitelistWrapperBase._msgSender
DA:302,175
DA:309,2
FN:309,RuleWhitelistWrapperBase._msgData
FNDA:2,RuleWhitelistWrapperBase._msgData
DA:310,2
DA:317,177
FN:317,RuleWhitelistWrapperBase._contextSuffixLength
FNDA:177,RuleWhitelistWrapperBase._contextSuffixLength
DA:318,177
FNF:16
FNH:15
LF:88
LH:87
BRF:20
BRH:20
end_of_record
TN:
SF:src/rules/validation/abstract/core/RuleNFTAdapter.sol
DA:46,34
FN:46,RuleNFTAdapter.transferred.0
FNDA:34,RuleNFTAdapter.transferred.0
DA:47,34
BRDA:47,0,0,17
BRDA:47,0,1,17
DA:48,17
DA:50,17
DA:57,36
FN:57,RuleNFTAdapter.transferred.1
FNDA:36,RuleNFTAdapter.transferred.1
DA:58,36
BRDA:58,1,0,17
BRDA:58,1,1,19
DA:59,17
DA:61,19
DA:72,28
FN:72,RuleNFTAdapter.transferred.2
FNDA:28,RuleNFTAdapter.transferred.2
DA:83,28
DA:89,23
FN:89,RuleNFTAdapter.transferred.3
FNDA:23,RuleNFTAdapter.transferred.3
DA:101,23
DA:107,31
FN:107,RuleNFTAdapter.detectTransferRestriction
FNDA:31,RuleNFTAdapter.detectTransferRestriction
DA:120,31
DA:126,27
FN:126,RuleNFTAdapter.detectTransferRestrictionFrom
FNDA:27,RuleNFTAdapter.detectTransferRestrictionFrom
DA:140,27
DA:146,29
FN:146,RuleNFTAdapter.canTransfer
FNDA:29,RuleNFTAdapter.canTransfer
DA:158,29
DA:164,25
FN:164,RuleNFTAdapter.canTransferFrom
FNDA:25,RuleNFTAdapter.canTransferFrom
DA:178,25
DA:192,0
FN:192,RuleNFTAdapter._transferred
FNDA:0,RuleNFTAdapter._transferred
DA:201,0
FN:201,RuleNFTAdapter._transferredFrom
FNDA:0,RuleNFTAdapter._transferredFrom
FNF:10
FNH:8
LF:22
LH:20
BRF:4
BRH:4
end_of_record
TN:
SF:src/rules/validation/abstract/core/RuleTransferValidation.sol
DA:36,923
FN:36,RuleTransferValidation.detectTransferRestriction
FNDA:923,RuleTransferValidation.detectTransferRestriction
DA:43,923
DA:49,58
FN:49,RuleTransferValidation.detectTransferRestrictionFrom
FNDA:58,RuleTransferValidation.detectTransferRestrictionFrom
DA:56,58
DA:67,37
FN:67,RuleTransferValidation.canTransfer
FNDA:37,RuleTransferValidation.canTransfer
DA:73,37
DA:79,30
FN:79,RuleTransferValidation.canTransferFrom
FNDA:30,RuleTransferValidation.canTransferFrom
DA:86,30
DA:95,230
FN:95,RuleTransferValidation.supportsInterface
FNDA:230,RuleTransferValidation.supportsInterface
DA:96,230
DA:97,229
DA:98,228
DA:99,133
DA:113,0
FN:113,RuleTransferValidation._detectTransferRestriction
FNDA:0,RuleTransferValidation._detectTransferRestriction
DA:127,0
FN:127,RuleTransferValidation._detectTransferRestrictionFrom
FNDA:0,RuleTransferValidation._detectTransferRestrictionFrom
FNF:7
FNH:5
LF:15
LH:13
BRF:0
BRH:0
end_of_record
TN:
SF:src/rules/validation/abstract/core/RuleWhitelistShared.sol
DA:46,13
FN:46,RuleWhitelistShared.onlyMintBurnManager
FNDA:13,RuleWhitelistShared.onlyMintBurnManager
DA:47,13
DA:62,10
FN:62,RuleWhitelistShared.canReturnTransferRestrictionCode
FNDA:10,RuleWhitelistShared.canReturnTransferRestrictionCode
DA:63,10
DA:64,5
DA:65,2
DA:66,2
DA:73,13
FN:73,RuleWhitelistShared.setAllowMint
FNDA:13,RuleWhitelistShared.setAllowMint
DA:74,10
DA:75,10
DA:82,7
FN:82,RuleWhitelistShared.setAllowBurn
FNDA:7,RuleWhitelistShared.setAllowBurn
DA:83,5
DA:84,5
DA:94,19
FN:94,RuleWhitelistShared.messageForTransferRestriction
FNDA:19,RuleWhitelistShared.messageForTransferRestriction
DA:100,19
BRDA:100,0,0,6
BRDA:100,0,1,2
DA:101,6
DA:102,13
BRDA:102,1,0,4
BRDA:102,1,1,2
DA:103,4
DA:104,9
BRDA:104,2,0,2
BRDA:104,2,1,2
DA:105,2
DA:106,7
BRDA:106,3,0,3
BRDA:106,3,1,2
DA:107,3
DA:108,4
BRDA:108,4,0,2
BRDA:108,4,1,2
DA:109,2
DA:111,2
DA:130,19
FN:130,RuleWhitelistShared.transferred.0
FNDA:19,RuleWhitelistShared.transferred.0
DA:131,19
DA:145,13
FN:145,RuleWhitelistShared.transferred.1
FNDA:13,RuleWhitelistShared.transferred.1
DA:146,13
DA:158,245
FN:158,RuleWhitelistShared._setAllowMintBurn
FNDA:245,RuleWhitelistShared._setAllowMintBurn
DA:159,245
DA:160,245
DA:161,245
DA:162,245
DA:172,166
FN:172,RuleWhitelistShared._detectMintBurnRestriction
FNDA:166,RuleWhitelistShared._detectMintBurnRestriction
DA:173,166
BRDA:173,5,0,8
DA:174,8
DA:176,158
BRDA:176,6,0,3
DA:177,3
DA:179,155
DA:185,0
FN:185,RuleWhitelistShared._authorizeMintBurnManager
FNDA:0,RuleWhitelistShared._authorizeMintBurnManager
DA:190,40
FN:190,RuleWhitelistShared._transferred
FNDA:40,RuleWhitelistShared._transferred
DA:191,40
DA:192,40
BRDA:192,7,0,22
BRDA:192,7,1,18
DA:201,32
FN:201,RuleWhitelistShared._transferredFrom
FNDA:32,RuleWhitelistShared._transferredFrom
DA:202,32
DA:203,32
BRDA:203,8,0,12
BRDA:203,8,1,20
FNF:12
FNH:11
LF:47
LH:46
BRF:16
BRH:16
end_of_record
TN:
SF:src/rules/validation/deployment/RuleBlacklist.sol
DA:37,92
FN:37,RuleBlacklist.supportsInterface
FNDA:92,RuleBlacklist.supportsInterface
DA:44,92
DA:45,62
DA:55,30
FN:55,RuleBlacklist._authorizeAddressListAdd
FNDA:30,RuleBlacklist._authorizeAddressListAdd
DA:60,1
FN:60,RuleBlacklist._authorizeAddressListRemove
FNDA:1,RuleBlacklist._authorizeAddressListRemove
DA:70,88
FN:70,RuleBlacklist._msgSender
FNDA:88,RuleBlacklist._msgSender
DA:71,88
DA:78,1
FN:78,RuleBlacklist._msgData
FNDA:1,RuleBlacklist._msgData
DA:79,1
DA:86,89
FN:86,RuleBlacklist._contextSuffixLength
FNDA:89,RuleBlacklist._contextSuffixLength
DA:87,89
FNF:6
FNH:6
LF:11
LH:11
BRF:0
BRH:0
end_of_record
TN:
SF:src/rules/validation/deployment/RuleBlacklistOwnable2Step.sol
DA:36,6
FN:36,RuleBlacklistOwnable2Step.supportsInterface
FNDA:6,RuleBlacklistOwnable2Step.supportsInterface
DA:43,6
DA:44,3
DA:54,2
FN:54,RuleBlacklistOwnable2Step._authorizeAddressListAdd
FNDA:2,RuleBlacklistOwnable2Step._authorizeAddressListAdd
DA:59,2
FN:59,RuleBlacklistOwnable2Step._authorizeAddressListRemove
FNDA:2,RuleBlacklistOwnable2Step._authorizeAddressListRemove
DA:69,12
FN:69,RuleBlacklistOwnable2Step._msgSender
FNDA:12,RuleBlacklistOwnable2Step._msgSender
DA:70,12
DA:77,1
FN:77,RuleBlacklistOwnable2Step._msgData
FNDA:1,RuleBlacklistOwnable2Step._msgData
DA:78,1
DA:85,13
FN:85,RuleBlacklistOwnable2Step._contextSuffixLength
FNDA:13,RuleBlacklistOwnable2Step._contextSuffixLength
DA:86,13
FNF:6
FNH:6
LF:11
LH:11
BRF:0
BRH:0
end_of_record
TN:
SF:src/rules/validation/deployment/RuleERC2980.sol
DA:56,1
FN:56,RuleERC2980.supportsInterface
FNDA:1,RuleERC2980.supportsInterface
DA:63,1
DA:76,5
FN:76,RuleERC2980._authorizeMintBurnManager
FNDA:5,RuleERC2980._authorizeMintBurnManager
DA:78,48
FN:78,RuleERC2980._authorizeWhitelistAdd
FNDA:48,RuleERC2980._authorizeWhitelistAdd
DA:83,8
FN:83,RuleERC2980._authorizeWhitelistRemove
FNDA:8,RuleERC2980._authorizeWhitelistRemove
DA:88,24
FN:88,RuleERC2980._authorizeFrozenlistAdd
FNDA:24,RuleERC2980._authorizeFrozenlistAdd
DA:93,7
FN:93,RuleERC2980._authorizeFrozenlistRemove
FNDA:7,RuleERC2980._authorizeFrozenlistRemove
DA:103,259
FN:103,RuleERC2980._msgSender
FNDA:259,RuleERC2980._msgSender
DA:104,259
DA:111,1
FN:111,RuleERC2980._msgData
FNDA:1,RuleERC2980._msgData
DA:112,1
DA:119,260
FN:119,RuleERC2980._contextSuffixLength
FNDA:260,RuleERC2980._contextSuffixLength
DA:120,260
FNF:9
FNH:9
LF:13
LH:13
BRF:0
BRH:0
end_of_record
TN:
SF:src/rules/validation/deployment/RuleERC2980Ownable2Step.sol
DA:39,5
FN:39,RuleERC2980Ownable2Step.supportsInterface
FNDA:5,RuleERC2980Ownable2Step.supportsInterface
DA:46,5
DA:59,3
FN:59,RuleERC2980Ownable2Step._authorizeMintBurnManager
FNDA:3,RuleERC2980Ownable2Step._authorizeMintBurnManager
DA:61,7
FN:61,RuleERC2980Ownable2Step._authorizeWhitelistAdd
FNDA:7,RuleERC2980Ownable2Step._authorizeWhitelistAdd
DA:66,3
FN:66,RuleERC2980Ownable2Step._authorizeWhitelistRemove
FNDA:3,RuleERC2980Ownable2Step._authorizeWhitelistRemove
DA:71,6
FN:71,RuleERC2980Ownable2Step._authorizeFrozenlistAdd
FNDA:6,RuleERC2980Ownable2Step._authorizeFrozenlistAdd
DA:76,2
FN:76,RuleERC2980Ownable2Step._authorizeFrozenlistRemove
FNDA:2,RuleERC2980Ownable2Step._authorizeFrozenlistRemove
DA:86,34
FN:86,RuleERC2980Ownable2Step._msgSender
FNDA:34,RuleERC2980Ownable2Step._msgSender
DA:87,34
DA:94,1
FN:94,RuleERC2980Ownable2Step._msgData
FNDA:1,RuleERC2980Ownable2Step._msgData
DA:95,1
DA:102,35
FN:102,RuleERC2980Ownable2Step._contextSuffixLength
FNDA:35,RuleERC2980Ownable2Step._contextSuffixLength
DA:103,35
FNF:9
FNH:9
LF:13
LH:13
BRF:0
BRH:0
end_of_record
TN:
SF:src/rules/validation/deployment/RuleIdentityRegistry.sol
DA:38,27
FN:38,RuleIdentityRegistry.supportsInterface
FNDA:27,RuleIdentityRegistry.supportsInterface
DA:45,27
DA:46,18
DA:56,12
FN:56,RuleIdentityRegistry._authorizeIdentityRegistryManager
FNDA:12,RuleIdentityRegistry._authorizeIdentityRegistryManager
FNF:2
FNH:2
LF:4
LH:4
BRF:0
BRH:0
end_of_record
TN:
SF:src/rules/validation/deployment/RuleIdentityRegistryOwnable2Step.sol
DA:38,5
FN:38,RuleIdentityRegistryOwnable2Step.supportsInterface
FNDA:5,RuleIdentityRegistryOwnable2Step.supportsInterface
DA:45,5
DA:46,2
DA:56,4
FN:56,RuleIdentityRegistryOwnable2Step._authorizeIdentityRegistryManager
FNDA:4,RuleIdentityRegistryOwnable2Step._authorizeIdentityRegistryManager
FNF:2
FNH:2
LF:4
LH:4
BRF:0
BRH:0
end_of_record
TN:
SF:src/rules/validation/deployment/RuleMaxTotalSupply.sol
DA:37,19
FN:37,RuleMaxTotalSupply.supportsInterface
FNDA:19,RuleMaxTotalSupply.supportsInterface
DA:44,19
DA:45,13
DA:55,260
FN:55,RuleMaxTotalSupply._authorizeMaxTotalSupplyManager
FNDA:260,RuleMaxTotalSupply._authorizeMaxTotalSupplyManager
FNF:2
FNH:2
LF:4
LH:4
BRF:0
BRH:0
end_of_record
TN:
SF:src/rules/validation/deployment/RuleMaxTotalSupplyOwnable2Step.sol
DA:39,5
FN:39,RuleMaxTotalSupplyOwnable2Step.supportsInterface
FNDA:5,RuleMaxTotalSupplyOwnable2Step.supportsInterface
DA:46,5
DA:47,2
DA:57,4
FN:57,RuleMaxTotalSupplyOwnable2Step._authorizeMaxTotalSupplyManager
FNDA:4,RuleMaxTotalSupplyOwnable2Step._authorizeMaxTotalSupplyManager
FNF:2
FNH:2
LF:4
LH:4
BRF:0
BRH:0
end_of_record
TN:
SF:src/rules/validation/deployment/RuleSanctionsList.sol
DA:40,58
FN:40,RuleSanctionsList.supportsInterface
FNDA:58,RuleSanctionsList.supportsInterface
DA:47,58
DA:48,39
DA:58,18
FN:58,RuleSanctionsList._authorizeSanctionListManager
FNDA:18,RuleSanctionsList._authorizeSanctionListManager
DA:68,60
FN:68,RuleSanctionsList._msgSender
FNDA:60,RuleSanctionsList._msgSender
DA:69,60
DA:76,1
FN:76,RuleSanctionsList._msgData
FNDA:1,RuleSanctionsList._msgData
DA:77,1
DA:84,61
FN:84,RuleSanctionsList._contextSuffixLength
FNDA:61,RuleSanctionsList._contextSuffixLength
DA:85,61
FNF:5
FNH:5
LF:10
LH:10
BRF:0
BRH:0
end_of_record
TN:
SF:src/rules/validation/deployment/RuleSanctionsListOwnable2Step.sol
DA:42,5
FN:42,RuleSanctionsListOwnable2Step.supportsInterface
FNDA:5,RuleSanctionsListOwnable2Step.supportsInterface
DA:49,5
DA:50,2
DA:60,3
FN:60,RuleSanctionsListOwnable2Step._authorizeSanctionListManager
FNDA:3,RuleSanctionsListOwnable2Step._authorizeSanctionListManager
DA:70,11
FN:70,RuleSanctionsListOwnable2Step._msgSender
FNDA:11,RuleSanctionsListOwnable2Step._msgSender
DA:71,11
DA:78,1
FN:78,RuleSanctionsListOwnable2Step._msgData
FNDA:1,RuleSanctionsListOwnable2Step._msgData
DA:79,1
DA:86,13
FN:86,RuleSanctionsListOwnable2Step._contextSuffixLength
FNDA:13,RuleSanctionsListOwnable2Step._contextSuffixLength
DA:87,13
FNF:5
FNH:5
LF:10
LH:10
BRF:0
BRH:0
end_of_record
TN:
SF:src/rules/validation/deployment/RuleSpenderWhitelist.sol
DA:38,6
FN:38,RuleSpenderWhitelist.supportsInterface
FNDA:6,RuleSpenderWhitelist.supportsInterface
DA:45,6
DA:46,5
DA:56,7
FN:56,RuleSpenderWhitelist._authorizeAddressListAdd
FNDA:7,RuleSpenderWhitelist._authorizeAddressListAdd
DA:61,2
FN:61,RuleSpenderWhitelist._authorizeAddressListRemove
FNDA:2,RuleSpenderWhitelist._authorizeAddressListRemove
DA:71,38
FN:71,RuleSpenderWhitelist._msgSender
FNDA:38,RuleSpenderWhitelist._msgSender
DA:72,38
DA:79,1
FN:79,RuleSpenderWhitelist._msgData
FNDA:1,RuleSpenderWhitelist._msgData
DA:80,1
DA:87,40
FN:87,RuleSpenderWhitelist._contextSuffixLength
FNDA:40,RuleSpenderWhitelist._contextSuffixLength
DA:88,40
FNF:6
FNH:6
LF:11
LH:11
BRF:0
BRH:0
end_of_record
TN:
SF:src/rules/validation/deployment/RuleSpenderWhitelistOwnable2Step.sol
DA:39,6
FN:39,RuleSpenderWhitelistOwnable2Step.supportsInterface
FNDA:6,RuleSpenderWhitelistOwnable2Step.supportsInterface
DA:46,6
DA:47,3
DA:57,2
FN:57,RuleSpenderWhitelistOwnable2Step._authorizeAddressListAdd
FNDA:2,RuleSpenderWhitelistOwnable2Step._authorizeAddressListAdd
DA:62,2
FN:62,RuleSpenderWhitelistOwnable2Step._authorizeAddressListRemove
FNDA:2,RuleSpenderWhitelistOwnable2Step._authorizeAddressListRemove
DA:72,10
FN:72,RuleSpenderWhitelistOwnable2Step._msgSender
FNDA:10,RuleSpenderWhitelistOwnable2Step._msgSender
DA:73,10
DA:80,1
FN:80,RuleSpenderWhitelistOwnable2Step._msgData
FNDA:1,RuleSpenderWhitelistOwnable2Step._msgData
DA:81,1
DA:88,12
FN:88,RuleSpenderWhitelistOwnable2Step._contextSuffixLength
FNDA:12,RuleSpenderWhitelistOwnable2Step._contextSuffixLength
DA:89,12
FNF:6
FNH:6
LF:11
LH:11
BRF:0
BRH:0
end_of_record
TN:
SF:src/rules/validation/deployment/RuleWhitelist.sol
DA:47,47
FN:47,RuleWhitelist.supportsInterface
FNDA:47,RuleWhitelist.supportsInterface
DA:54,47
DA:55,32
DA:65,1
FN:65,RuleWhitelist._authorizeCheckSpenderManager
FNDA:1,RuleWhitelist._authorizeCheckSpenderManager
DA:70,10
FN:70,RuleWhitelist._authorizeMintBurnManager
FNDA:10,RuleWhitelist._authorizeMintBurnManager
DA:75,367
FN:75,RuleWhitelist._authorizeAddressListAdd
FNDA:367,RuleWhitelist._authorizeAddressListAdd
DA:80,263
FN:80,RuleWhitelist._authorizeAddressListRemove
FNDA:263,RuleWhitelist._authorizeAddressListRemove
DA:90,827
FN:90,RuleWhitelist._msgSender
FNDA:827,RuleWhitelist._msgSender
DA:91,827
DA:98,1
FN:98,RuleWhitelist._msgData
FNDA:1,RuleWhitelist._msgData
DA:99,1
DA:106,828
FN:106,RuleWhitelist._contextSuffixLength
FNDA:828,RuleWhitelist._contextSuffixLength
DA:107,828
FNF:8
FNH:8
LF:13
LH:13
BRF:0
BRH:0
end_of_record
TN:
SF:src/rules/validation/deployment/RuleWhitelistOwnable2Step.sol
DA:40,6
FN:40,RuleWhitelistOwnable2Step.supportsInterface
FNDA:6,RuleWhitelistOwnable2Step.supportsInterface
DA:47,6
DA:48,3
DA:58,2
FN:58,RuleWhitelistOwnable2Step._authorizeAddressListAdd
FNDA:2,RuleWhitelistOwnable2Step._authorizeAddressListAdd
DA:63,2
FN:63,RuleWhitelistOwnable2Step._authorizeAddressListRemove
FNDA:2,RuleWhitelistOwnable2Step._authorizeAddressListRemove
DA:68,2
FN:68,RuleWhitelistOwnable2Step._authorizeCheckSpenderManager
FNDA:2,RuleWhitelistOwnable2Step._authorizeCheckSpenderManager
DA:73,3
FN:73,RuleWhitelistOwnable2Step._authorizeMintBurnManager
FNDA:3,RuleWhitelistOwnable2Step._authorizeMintBurnManager
DA:83,19
FN:83,RuleWhitelistOwnable2Step._msgSender
FNDA:19,RuleWhitelistOwnable2Step._msgSender
DA:84,19
DA:91,1
FN:91,RuleWhitelistOwnable2Step._msgData
FNDA:1,RuleWhitelistOwnable2Step._msgData
DA:92,1
DA:99,20
FN:99,RuleWhitelistOwnable2Step._contextSuffixLength
FNDA:20,RuleWhitelistOwnable2Step._contextSuffixLength
DA:100,20
FNF:8
FNH:8
LF:13
LH:13
BRF:0
BRH:0
end_of_record
TN:
SF:src/rules/validation/deployment/RuleWhitelistWrapper.sol
DA:47,49
FN:47,RuleWhitelistWrapper.hasRole
FNDA:49,RuleWhitelistWrapper.hasRole
DA:48,159
DA:56,47
FN:56,RuleWhitelistWrapper.supportsInterface
FNDA:47,RuleWhitelistWrapper.supportsInterface
DA:63,47
DA:64,32
DA:74,2
FN:74,RuleWhitelistWrapper._authorizeCheckSpenderManager
FNDA:2,RuleWhitelistWrapper._authorizeCheckSpenderManager
DA:79,4
FN:79,RuleWhitelistWrapper._authorizeMintBurnManager
FNDA:4,RuleWhitelistWrapper._authorizeMintBurnManager
DA:85,98
FN:85,RuleWhitelistWrapper._onlyRulesManager
FNDA:98,RuleWhitelistWrapper._onlyRulesManager
DA:90,2
FN:90,RuleWhitelistWrapper._onlyRulesLimitManager
FNDA:2,RuleWhitelistWrapper._onlyRulesLimitManager
DA:102,49
FN:102,RuleWhitelistWrapper._grantRole
FNDA:49,RuleWhitelistWrapper._grantRole
DA:103,49
DA:112,1
FN:112,RuleWhitelistWrapper._revokeRole
FNDA:1,RuleWhitelistWrapper._revokeRole
DA:113,1
DA:120,158
FN:120,RuleWhitelistWrapper._msgSender
FNDA:158,RuleWhitelistWrapper._msgSender
DA:121,158
DA:128,1
FN:128,RuleWhitelistWrapper._msgData
FNDA:1,RuleWhitelistWrapper._msgData
DA:129,1
DA:136,159
FN:136,RuleWhitelistWrapper._contextSuffixLength
FNDA:159,RuleWhitelistWrapper._contextSuffixLength
DA:143,159
FNF:11
FNH:11
LF:19
LH:19
BRF:0
BRH:0
end_of_record
TN:
SF:src/rules/validation/deployment/RuleWhitelistWrapperOwnable2Step.sol
DA:40,5
FN:40,RuleWhitelistWrapperOwnable2Step.supportsInterface
FNDA:5,RuleWhitelistWrapperOwnable2Step.supportsInterface
DA:47,5
DA:48,2
DA:58,2
FN:58,RuleWhitelistWrapperOwnable2Step._authorizeCheckSpenderManager
FNDA:2,RuleWhitelistWrapperOwnable2Step._authorizeCheckSpenderManager
DA:63,3
FN:63,RuleWhitelistWrapperOwnable2Step._authorizeMintBurnManager
FNDA:3,RuleWhitelistWrapperOwnable2Step._authorizeMintBurnManager
DA:69,2
FN:69,RuleWhitelistWrapperOwnable2Step._onlyRulesManager
FNDA:2,RuleWhitelistWrapperOwnable2Step._onlyRulesManager
DA:74,1
FN:74,RuleWhitelistWrapperOwnable2Step._onlyRulesLimitManager
FNDA:1,RuleWhitelistWrapperOwnable2Step._onlyRulesLimitManager
DA:84,17
FN:84,RuleWhitelistWrapperOwnable2Step._msgSender
FNDA:17,RuleWhitelistWrapperOwnable2Step._msgSender
DA:85,17
DA:92,1
FN:92,RuleWhitelistWrapperOwnable2Step._msgData
FNDA:1,RuleWhitelistWrapperOwnable2Step._msgData
DA:93,1
DA:100,18
FN:100,RuleWhitelistWrapperOwnable2Step._contextSuffixLength
FNDA:18,RuleWhitelistWrapperOwnable2Step._contextSuffixLength
DA:107,18
FNF:8
FNH:8
LF:13
LH:13
BRF:0
BRH:0
end_of_record
