TN:
SF:script/DeployCMTATWithBlacklist.s.sol
DA:11,1
FN:11,DeployCMTATWithBlacklist.deploy
FNDA:1,DeployCMTATWithBlacklist.deploy
DA:12,1
DA:13,1
DA:14,1
DA:15,1
DA:22,1
DA:24,1
DA:25,1
DA:27,1
DA:29,1
BRDA:29,0,0,1
DA:30,1
DA:31,1
DA:35,0
FN:35,DeployCMTATWithBlacklist.run
FNDA:0,DeployCMTATWithBlacklist.run
DA:36,0
DA:37,0
DA:38,0
FNF:2
FNH:1
LF:16
LH:12
BRF:1
BRH:1
end_of_record
TN:
SF:script/DeployCMTATWithBlacklistAndSanctionsList.s.sol
DA:27,18
FN:27,DeployCMTATWithBlacklistAndSanctionsList.deploy
FNDA:18,DeployCMTATWithBlacklistAndSanctionsList.deploy
DA:36,18
DA:37,18
DA:38,18
DA:39,18
DA:46,18
DA:49,18
DA:52,18
DA:53,18
DA:57,18
DA:60,18
DA:61,18
DA:64,18
DA:67,18
BRDA:67,0,0,18
DA:68,18
DA:69,18
DA:70,18
DA:71,18
DA:75,0
FN:75,DeployCMTATWithBlacklistAndSanctionsList.run
FNDA:0,DeployCMTATWithBlacklistAndSanctionsList.run
DA:84,0
DA:87,0
DA:89,0
FNF:2
FNH:1
LF:22
LH:18
BRF:1
BRH:1
end_of_record
TN:
SF:script/DeployCMTATWithWhitelist.s.sol
DA:11,1
FN:11,DeployCMTATWithWhitelist.deploy
FNDA:1,DeployCMTATWithWhitelist.deploy
DA:15,1
DA:16,1
DA:17,1
DA:18,1
DA:25,1
DA:27,1
DA:28,1
DA:30,1
DA:32,1
BRDA:32,0,0,1
DA:33,1
DA:34,1
DA:38,0
FN:38,DeployCMTATWithWhitelist.run
FNDA:0,DeployCMTATWithWhitelist.run
DA:39,0
DA:40,0
DA:41,0
FNF:2
FNH:1
LF:16
LH:12
BRF:1
BRH:1
end_of_record
TN:
SF:src/mocks/AggregatorV3Mock.sol
DA:24,601
FN:24,AggregatorV3Mock.constructor
FNDA:601,AggregatorV3Mock.constructor
DA:25,601
DA:26,601
DA:27,601
DA:28,601
DA:39,264
FN:39,AggregatorV3Mock.setAnswer
FNDA:264,AggregatorV3Mock.setAnswer
DA:40,264
DA:41,264
DA:42,264
DA:49,1
FN:49,AggregatorV3Mock.setUpdatedAt
FNDA:1,AggregatorV3Mock.setUpdatedAt
DA:50,1
DA:57,7
FN:57,AggregatorV3Mock.setDecimals
FNDA:7,AggregatorV3Mock.setDecimals
DA:58,7
DA:65,2
FN:65,AggregatorV3Mock.setRevertOnDecimals
FNDA:2,AggregatorV3Mock.setRevertOnDecimals
DA:66,2
DA:73,2
FN:73,AggregatorV3Mock.setRevertOnLatestRoundData
FNDA:2,AggregatorV3Mock.setRevertOnLatestRoundData
DA:74,2
DA:80,1861
FN:80,AggregatorV3Mock.decimals
FNDA:1861,AggregatorV3Mock.decimals
DA:81,1861
BRDA:81,0,0,3
BRDA:81,0,1,1858
DA:82,1858
DA:88,1
FN:88,AggregatorV3Mock.description
FNDA:1,AggregatorV3Mock.description
DA:89,1
DA:95,1
FN:95,AggregatorV3Mock.version
FNDA:1,AggregatorV3Mock.version
DA:96,1
DA:102,1
FN:102,AggregatorV3Mock.getRoundData
FNDA:1,AggregatorV3Mock.getRoundData
DA:108,1
DA:114,1247
FN:114,AggregatorV3Mock.latestRoundData
FNDA:1247,AggregatorV3Mock.latestRoundData
DA:120,1247
BRDA:120,1,0,2
BRDA:120,1,1,1245
DA:121,1245
FNF:11
FNH:11
LF:29
LH:29
BRF:4
BRH:4
end_of_record
TN:
SF:src/mocks/ERC3643TokenMock.sol
DA:46,14
FN:46,ERC3643TokenMock.constructor
FNDA:14,ERC3643TokenMock.constructor
DA:47,14
DA:48,14
DA:52,14
FN:52,ERC3643TokenMock.onlyAgent
FNDA:14,ERC3643TokenMock.onlyAgent
DA:53,14
BRDA:53,0,0,-
BRDA:53,0,1,4
DA:65,0
FN:65,ERC3643TokenMock.setIdentityRegistry
FNDA:0,ERC3643TokenMock.setIdentityRegistry
DA:66,0
DA:74,0
FN:74,ERC3643TokenMock.setAgent
FNDA:0,ERC3643TokenMock.setAgent
DA:75,0
DA:86,3
FN:86,ERC3643TokenMock.transfer
FNDA:3,ERC3643TokenMock.transfer
DA:87,3
BRDA:87,1,0,-
BRDA:87,1,1,3
DA:88,3
BRDA:88,2,0,2
DA:89,2
DA:90,2
DA:92,1
DA:103,2
FN:103,ERC3643TokenMock.transferFrom
FNDA:2,ERC3643TokenMock.transferFrom
DA:104,2
BRDA:104,3,0,-
BRDA:104,3,1,2
DA:105,2
BRDA:105,4,0,1
DA:106,1
DA:107,1
DA:109,1
DA:120,2
FN:120,ERC3643TokenMock.forcedTransfer
FNDA:2,ERC3643TokenMock.forcedTransfer
DA:121,4
BRDA:121,5,0,-
BRDA:121,5,1,4
DA:122,4
BRDA:122,6,0,3
DA:123,3
DA:124,3
DA:126,1
DA:135,14
FN:135,ERC3643TokenMock.mint
FNDA:14,ERC3643TokenMock.mint
DA:136,14
BRDA:136,7,0,2
BRDA:136,7,1,12
DA:137,12
DA:138,12
DA:139,12
DA:148,1
FN:148,ERC3643TokenMock.burn
FNDA:1,ERC3643TokenMock.burn
DA:149,1
BRDA:149,8,0,-
BRDA:149,8,1,1
DA:150,1
DA:151,1
DA:152,1
DA:170,4
FN:170,ERC3643TokenMock.recoveryAddress
FNDA:4,ERC3643TokenMock.recoveryAddress
DA:175,4
BRDA:175,9,0,-
BRDA:175,9,1,4
DA:177,4
DA:178,4
BRDA:178,10,0,3
DA:179,3
DA:180,3
DA:183,2
DA:184,2
DA:185,2
DA:186,2
DA:188,1
DA:201,6
FN:201,ERC3643TokenMock._transfer
FNDA:6,ERC3643TokenMock._transfer
DA:202,6
DA:203,6
DA:204,6
FNF:11
FNH:9
LF:52
LH:48
BRF:18
BRH:12
end_of_record
TN:
SF:src/mocks/IAddressListInterfaceIdHelper.sol
DA:88,1
FN:88,IAddressListInterfaceIdHelper.getIAddressListInterfaceId
FNDA:1,IAddressListInterfaceIdHelper.getIAddressListInterfaceId
DA:89,1
DA:96,0
FN:96,IAddressListInterfaceIdHelper.getIAddressListAllFunctionsInterfaceId
FNDA:0,IAddressListInterfaceIdHelper.getIAddressListAllFunctionsInterfaceId
DA:97,0
DA:104,0
FN:104,IAddressListInterfaceIdHelper.getAddressListInterfaceIdConstant
FNDA:0,IAddressListInterfaceIdHelper.getAddressListInterfaceIdConstant
DA:105,0
DA:112,1
FN:112,IAddressListInterfaceIdHelper.getIIdentityRegistryContainsInterfaceId
FNDA:1,IAddressListInterfaceIdHelper.getIIdentityRegistryContainsInterfaceId
DA:113,1
FNF:4
FNH:2
LF:8
LH:4
BRF:0
BRH:0
end_of_record
TN:
SF:src/mocks/IdentityRegistryMock.sol
DA:25,35
FN:25,IdentityRegistryMock.setVerified
FNDA:35,IdentityRegistryMock.setVerified
DA:26,35
DA:34,60
FN:34,IdentityRegistryMock.isVerified
FNDA:60,IdentityRegistryMock.isVerified
DA:35,60
FNF:2
FNH:2
LF:4
LH:4
BRF:0
BRH:0
end_of_record
TN:
SF:src/mocks/MockERC20TransferFromFalse.sol
DA:25,1
FN:25,MockERC20TransferFromFalse.setAllowance
FNDA:1,MockERC20TransferFromFalse.setAllowance
DA:26,1
DA:35,1
FN:35,MockERC20TransferFromFalse.allowance
FNDA:1,MockERC20TransferFromFalse.allowance
DA:36,1
DA:43,1
FN:43,MockERC20TransferFromFalse.transferFrom
FNDA:1,MockERC20TransferFromFalse.transferFrom
DA:44,1
FNF:3
FNH:3
LF:6
LH:6
BRF:0
BRH:0
end_of_record
TN:
SF:src/mocks/MockERC20WithTransferContext.sol
DA:37,19
FN:37,MockERC20WithTransferContext.setRule
FNDA:19,MockERC20WithTransferContext.setRule
DA:38,19
DA:46,19
FN:46,MockERC20WithTransferContext.mint
FNDA:19,MockERC20WithTransferContext.mint
DA:47,19
DA:58,3
FN:58,MockERC20WithTransferContext.transferWithContext
FNDA:3,MockERC20WithTransferContext.transferWithContext
DA:62,3
DA:63,2
BRDA:63,0,0,2
BRDA:63,0,1,1
DA:64,2
DA:66,1
DA:68,3
DA:80,3
FN:80,MockERC20WithTransferContext.transferFromWithContext
FNDA:3,MockERC20WithTransferContext.transferFromWithContext
DA:84,3
DA:85,3
DA:86,3
DA:88,2
BRDA:88,1,0,2
BRDA:88,1,1,1
DA:89,2
DA:91,1
DA:93,3
DA:103,3
FN:103,MockERC20WithTransferContext.transfer
FNDA:3,MockERC20WithTransferContext.transfer
DA:104,3
DA:105,3
DA:106,2
DA:112,5
FN:112,MockERC20WithTransferContext.transferFrom
FNDA:5,MockERC20WithTransferContext.transferFrom
DA:113,5
DA:114,5
DA:115,5
DA:116,4
DA:131,12
FN:131,MockERC20WithTransferContext._notifyFungible
FNDA:12,MockERC20WithTransferContext._notifyFungible
DA:132,12
BRDA:132,2,0,12
DA:133,12
DA:136,12
DA:144,12
DA:156,2
FN:156,MockERC20WithTransferContext._notifyMultiToken
FNDA:2,MockERC20WithTransferContext._notifyMultiToken
DA:157,2
BRDA:157,3,0,2
DA:158,2
DA:161,2
DA:170,2
FNF:8
FNH:8
LF:37
LH:37
BRF:6
BRH:6
end_of_record
TN:
SF:src/mocks/MockERC721WithTransferContext.sol
DA:37,3
FN:37,MockERC721WithTransferContext.setRule
FNDA:3,MockERC721WithTransferContext.setRule
DA:38,3
DA:46,3
FN:46,MockERC721WithTransferContext.mint
FNDA:3,MockERC721WithTransferContext.mint
DA:47,3
DA:57,4
FN:57,MockERC721WithTransferContext.transferFrom
FNDA:4,MockERC721WithTransferContext.transferFrom
DA:58,4
DA:59,4
DA:60,4
DA:75,4
FN:75,MockERC721WithTransferContext._notifyRule
FNDA:4,MockERC721WithTransferContext._notifyRule
DA:76,4
BRDA:76,0,0,4
DA:77,4
DA:80,4
DA:89,4
FNF:4
FNH:4
LF:13
LH:13
BRF:1
BRH:1
end_of_record
TN:
SF:src/mocks/SanctionListOracle.sol
DA:24,24
FN:24,SanctionListOracle.addToSanctionsList
FNDA:24,SanctionListOracle.addToSanctionsList
DA:25,24
DA:32,1
FN:32,SanctionListOracle.removeFromSanctionsList
FNDA:1,SanctionListOracle.removeFromSanctionsList
DA:33,1
DA:41,267
FN:41,SanctionListOracle.isSanctioned
FNDA:267,SanctionListOracle.isSanctioned
DA:42,267
FNF:3
FNH:3
LF:6
LH:6
BRF:0
BRH:0
end_of_record
TN:
SF:src/mocks/TotalSupplyDecimalsMock.sol
DA:18,593
FN:18,TotalSupplyDecimalsMock.constructor
FNDA:593,TotalSupplyDecimalsMock.constructor
DA:19,593
DA:30,554
FN:30,TotalSupplyDecimalsMock.setTotalSupply
FNDA:554,TotalSupplyDecimalsMock.setTotalSupply
DA:31,554
DA:38,2
FN:38,TotalSupplyDecimalsMock.setRevertOnTotalSupply
FNDA:2,TotalSupplyDecimalsMock.setRevertOnTotalSupply
DA:39,2
DA:46,1033
FN:46,TotalSupplyDecimalsMock.totalSupply
FNDA:1033,TotalSupplyDecimalsMock.totalSupply
DA:47,1033
BRDA:47,0,0,4
BRDA:47,0,1,1029
DA:48,1029
DA:55,594
FN:55,TotalSupplyDecimalsMock.decimals
FNDA:594,TotalSupplyDecimalsMock.decimals
DA:56,594
FNF:5
FNH:5
LF:11
LH:11
BRF:2
BRH:2
end_of_record
TN:
SF:src/mocks/TotalSupplyMock.sol
DA:22,781
FN:22,TotalSupplyMock.setTotalSupply
FNDA:781,TotalSupplyMock.setTotalSupply
DA:23,781
DA:30,1333
FN:30,TotalSupplyMock.totalSupply
FNDA:1333,TotalSupplyMock.totalSupply
DA:31,1333
FNF:2
FNH:2
LF:4
LH:4
BRF:0
BRH:0
end_of_record
TN:
SF:src/mocks/harness/DeploymentCoverageHarnesses.sol
DA:38,1
FN:38,RuleBlacklistHarness.exposedMsgDataLength.0
FNDA:1,RuleBlacklistHarness.exposedMsgDataLength.0
DA:39,1
DA:70,1
FN:70,RuleWhitelistHarness.exposedMsgDataLength.1
FNDA:1,RuleWhitelistHarness.exposedMsgDataLength.1
DA:71,1
DA:102,1
FN:102,RuleWhitelistWrapperHarness.exposedMsgDataLength.2
FNDA:1,RuleWhitelistWrapperHarness.exposedMsgDataLength.2
DA:103,1
DA:133,1
FN:133,RuleERC2980Harness.exposedMsgDataLength.3
FNDA:1,RuleERC2980Harness.exposedMsgDataLength.3
DA:134,1
DA:164,1
FN:164,RuleSanctionsListHarness.exposedMsgDataLength.4
FNDA:1,RuleSanctionsListHarness.exposedMsgDataLength.4
DA:165,1
DA:192,1
FN:192,RuleBlacklistOwnable2StepHarness.exposedMsgDataLength.5
FNDA:1,RuleBlacklistOwnable2StepHarness.exposedMsgDataLength.5
DA:193,1
DA:224,1
FN:224,RuleWhitelistOwnable2StepHarness.exposedMsgDataLength.6
FNDA:1,RuleWhitelistOwnable2StepHarness.exposedMsgDataLength.6
DA:225,1
DA:256,1
FN:256,RuleWhitelistWrapperOwnable2StepHarness.exposedMsgDataLength.7
FNDA:1,RuleWhitelistWrapperOwnable2StepHarness.exposedMsgDataLength.7
DA:257,1
DA:287,1
FN:287,RuleERC2980Ownable2StepHarness.exposedMsgDataLength.8
FNDA:1,RuleERC2980Ownable2StepHarness.exposedMsgDataLength.8
DA:288,1
FNF:9
FNH:9
LF:18
LH:18
BRF:0
BRH:0
end_of_record
TN:
SF:src/mocks/harness/RuleSanctionsListOwnable2StepHarness.sol
DA:33,1
FN:33,RuleSanctionsListOwnable2StepHarness.exposedMsgSender
FNDA:1,RuleSanctionsListOwnable2StepHarness.exposedMsgSender
DA:34,1
DA:41,1
FN:41,RuleSanctionsListOwnable2StepHarness.exposedMsgData
FNDA:1,RuleSanctionsListOwnable2StepHarness.exposedMsgData
DA:42,1
DA:49,1
FN:49,RuleSanctionsListOwnable2StepHarness.exposedContextSuffixLength
FNDA:1,RuleSanctionsListOwnable2StepHarness.exposedContextSuffixLength
DA:50,1
FNF:3
FNH:3
LF:6
LH:6
BRF:0
BRH:0
end_of_record
TN:
SF:src/mocks/harness/RuleSpenderWhitelistHarnesses.sol
DA:30,1
FN:30,RuleSpenderWhitelistHarness.exposedMsgSender.0
FNDA:1,RuleSpenderWhitelistHarness.exposedMsgSender.0
DA:31,1
DA:38,1
FN:38,RuleSpenderWhitelistHarness.exposedMsgData.0
FNDA:1,RuleSpenderWhitelistHarness.exposedMsgData.0
DA:39,1
DA:46,1
FN:46,RuleSpenderWhitelistHarness.exposedContextSuffixLength.0
FNDA:1,RuleSpenderWhitelistHarness.exposedContextSuffixLength.0
DA:47,1
DA:76,1
FN:76,RuleSpenderWhitelistOwnable2StepHarness.exposedMsgSender.1
FNDA:1,RuleSpenderWhitelistOwnable2StepHarness.exposedMsgSender.1
DA:77,1
DA:84,1
FN:84,RuleSpenderWhitelistOwnable2StepHarness.exposedMsgData.1
FNDA:1,RuleSpenderWhitelistOwnable2StepHarness.exposedMsgData.1
DA:85,1
DA:92,1
FN:92,RuleSpenderWhitelistOwnable2StepHarness.exposedContextSuffixLength.1
FNDA:1,RuleSpenderWhitelistOwnable2StepHarness.exposedContextSuffixLength.1
DA:93,1
FNF:6
FNH:6
LF:12
LH:12
BRF:0
BRH:0
end_of_record
TN:
SF:src/mocks/harness/RuleWhitelistWrapperHarnessInternal.sol
DA:36,1
FN:36,RuleWhitelistWrapperHarnessInternal.exposedTransferredSpenderInternal
FNDA:1,RuleWhitelistWrapperHarnessInternal.exposedTransferredSpenderInternal
DA:37,1
FNF:1
FNH:1
LF:2
LH:2
BRF:0
BRH:0
end_of_record
TN:
SF:src/modules/AccessControlModuleStandalone.sol
DA:30,2250
FN:30,AccessControlModuleStandalone.constructor
FNDA:2250,AccessControlModuleStandalone.constructor
DA:31,2250
BRDA:31,0,0,7
BRDA:31,0,1,2243
DA:35,2243
DA:46,2374
FN:46,AccessControlModuleStandalone.hasRole
FNDA:2374,AccessControlModuleStandalone.hasRole
DA:55,21846
BRDA:55,1,0,4094
BRDA:55,1,1,17752
DA:56,4094
DA:58,17752
FNF:2
FNH:2
LF:7
LH:7
BRF:4
BRH:4
end_of_record
TN:
SF:src/modules/Ownable2StepERC165Module.sol
DA:17,73
FN:17,Ownable2StepERC165Module.supportsInterface
FNDA:73,Ownable2StepERC165Module.supportsInterface
DA:18,73
DA:19,62
DA:20,51
FNF:1
FNH:1
LF:4
LH:4
BRF:0
BRH:0
end_of_record
TN:
SF:src/modules/VersionModule.sol
DA:23,7
FN:23,VersionModule.version
FNDA:7,VersionModule.version
DA:24,7
FNF:1
FNH:1
LF:2
LH:2
BRF:0
BRH:0
end_of_record
TN:
SF:src/registry/IdentityRegistryWhitelist.sol
DA:34,53
FN:34,IdentityRegistryWhitelist._authorizeIdentityRegistrar
FNDA:53,IdentityRegistryWhitelist._authorizeIdentityRegistrar
FNF:1
FNH:1
LF:1
LH:1
BRF:0
BRH:0
end_of_record
TN:
SF:src/registry/abstract/IdentityRegistryWhitelistBase.sol
DA:71,45
FN:71,IdentityRegistryWhitelistBase.registerIdentity
FNDA:45,IdentityRegistryWhitelistBase.registerIdentity
DA:81,43
BRDA:81,0,0,1
BRDA:81,0,1,42
DA:84,42
DA:85,42
DA:86,42
DA:93,8
FN:93,IdentityRegistryWhitelistBase.deleteIdentity
FNDA:8,IdentityRegistryWhitelistBase.deleteIdentity
DA:94,7
BRDA:94,1,0,1
BRDA:94,1,1,6
DA:96,6
DA:104,1
FN:104,IdentityRegistryWhitelistBase.registeredIdentities
FNDA:1,IdentityRegistryWhitelistBase.registeredIdentities
DA:105,1
DA:112,3
FN:112,IdentityRegistryWhitelistBase.registeredIdentityCount
FNDA:3,IdentityRegistryWhitelistBase.registeredIdentityCount
DA:113,3
DA:126,33
FN:126,IdentityRegistryWhitelistBase.isVerified
FNDA:33,IdentityRegistryWhitelistBase.isVerified
DA:127,47
DA:136,7
FN:136,IdentityRegistryWhitelistBase.investorCountry
FNDA:7,IdentityRegistryWhitelistBase.investorCountry
DA:145,7
DA:159,14
FN:159,IdentityRegistryWhitelistBase.keyHasPurpose
FNDA:14,IdentityRegistryWhitelistBase.keyHasPurpose
DA:169,14
DA:176,45
FN:176,IdentityRegistryWhitelistBase.onlyIdentityRegistrar
FNDA:45,IdentityRegistryWhitelistBase.onlyIdentityRegistrar
DA:177,45
DA:185,0
FN:185,IdentityRegistryWhitelistBase._authorizeIdentityRegistrar
FNDA:0,IdentityRegistryWhitelistBase._authorizeIdentityRegistrar
DA:197,48
FN:197,IdentityRegistryWhitelistBase._walletKey
FNDA:48,IdentityRegistryWhitelistBase._walletKey
DA:205,48
DA:206,48
FNF:10
FNH:9
LF:24
LH:23
BRF:4
BRH:4
end_of_record
TN:
SF:src/rules/operation/RuleConditionalTransferLight.sol
DA:41,48
FN:41,RuleConditionalTransferLight.supportsInterface
FNDA:48,RuleConditionalTransferLight.supportsInterface
DA:48,48
DA:49,47
DA:50,46
DA:51,30
DA:52,29
DA:62,58
FN:62,RuleConditionalTransferLight._onlyComplianceManager
FNDA:58,RuleConditionalTransferLight._onlyComplianceManager
DA:67,7593
FN:67,RuleConditionalTransferLight._authorizeTransferApproval
FNDA:7593,RuleConditionalTransferLight._authorizeTransferApproval
DA:72,3
FN:72,RuleConditionalTransferLight._authorizeComplianceBindingChange
FNDA:3,RuleConditionalTransferLight._authorizeComplianceBindingChange
FNF:4
FNH:4
LF:9
LH:9
BRF:0
BRH:0
end_of_record
TN:
SF:src/rules/operation/RuleConditionalTransferLightMultiToken.sol
DA:33,6
FN:33,RuleConditionalTransferLightMultiToken.supportsInterface
FNDA:6,RuleConditionalTransferLightMultiToken.supportsInterface
DA:40,6
DA:41,6
DA:42,6
DA:43,4
DA:44,4
DA:50,38
FN:50,RuleConditionalTransferLightMultiToken._onlyComplianceManager
FNDA:38,RuleConditionalTransferLightMultiToken._onlyComplianceManager
DA:55,31
FN:55,RuleConditionalTransferLightMultiToken._authorizeTransferApproval
FNDA:31,RuleConditionalTransferLightMultiToken._authorizeTransferApproval
FNF:3
FNH:3
LF:8
LH:8
BRF:0
BRH:0
end_of_record
TN:
SF:src/rules/operation/RuleConditionalTransferLightMultiTokenOwnable2Step.sol
DA:33,5
FN:33,RuleConditionalTransferLightMultiTokenOwnable2Step.supportsInterface
FNDA:5,RuleConditionalTransferLightMultiTokenOwnable2Step.supportsInterface
DA:39,5
DA:40,2
DA:41,2
DA:42,2
DA:43,2
DA:49,0
FN:49,RuleConditionalTransferLightMultiTokenOwnable2Step._onlyComplianceManager
FNDA:0,RuleConditionalTransferLightMultiTokenOwnable2Step._onlyComplianceManager
DA:54,0
FN:54,RuleConditionalTransferLightMultiTokenOwnable2Step._authorizeTransferApproval
FNDA:0,RuleConditionalTransferLightMultiTokenOwnable2Step._authorizeTransferApproval
FNF:3
FNH:1
LF:8
LH:6
BRF:0
BRH:0
end_of_record
TN:
SF:src/rules/operation/RuleConditionalTransferLightOwnable2Step.sol
DA:40,12
FN:40,RuleConditionalTransferLightOwnable2Step.supportsInterface
FNDA:12,RuleConditionalTransferLightOwnable2Step.supportsInterface
DA:46,12
DA:47,8
DA:48,7
DA:49,6
DA:50,4
DA:60,3
FN:60,RuleConditionalTransferLightOwnable2Step._onlyComplianceManager
FNDA:3,RuleConditionalTransferLightOwnable2Step._onlyComplianceManager
DA:65,4
FN:65,RuleConditionalTransferLightOwnable2Step._authorizeTransferApproval
FNDA:4,RuleConditionalTransferLightOwnable2Step._authorizeTransferApproval
DA:70,0
FN:70,RuleConditionalTransferLightOwnable2Step._authorizeComplianceBindingChange
FNDA:0,RuleConditionalTransferLightOwnable2Step._authorizeComplianceBindingChange
FNF:4
FNH:3
LF:9
LH:8
BRF:0
BRH:0
end_of_record
TN:
SF:src/rules/operation/RuleMintAllowance.sol
DA:38,34
FN:38,RuleMintAllowance.supportsInterface
FNDA:34,RuleMintAllowance.supportsInterface
DA:47,34
DA:48,33
DA:49,32
DA:50,21
DA:60,312
FN:60,RuleMintAllowance._onlyComplianceManager
FNDA:312,RuleMintAllowance._onlyComplianceManager
DA:65,10080
FN:65,RuleMintAllowance._authorizeSetMintAllowance
FNDA:10080,RuleMintAllowance._authorizeSetMintAllowance
DA:70,4
FN:70,RuleMintAllowance._authorizeComplianceBindingChange
FNDA:4,RuleMintAllowance._authorizeComplianceBindingChange
FNF:4
FNH:4
LF:8
LH:8
BRF:0
BRH:0
end_of_record
TN:
SF:src/rules/operation/RuleMintAllowanceOwnable2Step.sol
DA:36,8
FN:36,RuleMintAllowanceOwnable2Step.supportsInterface
FNDA:8,RuleMintAllowanceOwnable2Step.supportsInterface
DA:44,8
DA:45,6
DA:46,5
DA:47,4
DA:57,11
FN:57,RuleMintAllowanceOwnable2Step._onlyComplianceManager
FNDA:11,RuleMintAllowanceOwnable2Step._onlyComplianceManager
DA:62,6
FN:62,RuleMintAllowanceOwnable2Step._authorizeSetMintAllowance
FNDA:6,RuleMintAllowanceOwnable2Step._authorizeSetMintAllowance
DA:67,2
FN:67,RuleMintAllowanceOwnable2Step._authorizeComplianceBindingChange
FNDA:2,RuleMintAllowanceOwnable2Step._authorizeComplianceBindingChange
FNF:4
FNH:4
LF:8
LH:8
BRF:0
BRH:0
end_of_record
TN:
SF:src/rules/operation/abstract/RuleConditionalTransferLightApprovalBase.sol
DA:22,4
FN:22,RuleConditionalTransferLightApprovalBase.onlyTransferApprover
FNDA:4,RuleConditionalTransferLightApprovalBase.onlyTransferApprover
DA:23,4
DA:27,3
FN:27,RuleConditionalTransferLightApprovalBase.onlyTransferExecutor
FNDA:3,RuleConditionalTransferLightApprovalBase.onlyTransferExecutor
DA:28,3
DA:40,3
FN:40,RuleConditionalTransferLightApprovalBase.transferred
FNDA:3,RuleConditionalTransferLightApprovalBase.transferred
DA:41,3
DA:54,6211
FN:54,RuleConditionalTransferLightApprovalBase.approveTransfer
FNDA:6211,RuleConditionalTransferLightApprovalBase.approveTransfer
DA:55,6214
DA:56,6214
DA:57,6214
DA:66,1371
FN:66,RuleConditionalTransferLightApprovalBase.cancelTransferApproval
FNDA:1371,RuleConditionalTransferLightApprovalBase.cancelTransferApproval
DA:67,1370
DA:68,1370
DA:69,1370
BRDA:69,0,0,1
BRDA:69,0,1,1369
DA:70,1369
DA:71,1369
DA:86,4
FN:86,RuleConditionalTransferLightApprovalBase.resetApproval
FNDA:4,RuleConditionalTransferLightApprovalBase.resetApproval
DA:92,3
DA:93,3
DA:94,3
BRDA:94,1,0,1
BRDA:94,1,1,2
DA:95,2
DA:96,2
DA:106,9207
FN:106,RuleConditionalTransferLightApprovalBase.approvedCount
FNDA:9207,RuleConditionalTransferLightApprovalBase.approvedCount
DA:107,9207
DA:108,9207
DA:119,3
FN:119,RuleConditionalTransferLightApprovalBase._transferredFromContext
FNDA:3,RuleConditionalTransferLightApprovalBase._transferredFromContext
DA:120,3
DA:130,6276
FN:130,RuleConditionalTransferLightApprovalBase._transferred
FNDA:6276,RuleConditionalTransferLightApprovalBase._transferred
DA:131,6276
BRDA:131,2,0,6276
DA:132,6276
DA:134,2235
DA:135,2235
DA:137,2235
BRDA:137,3,0,5
BRDA:137,3,1,2230
DA:139,2230
DA:140,2230
DA:150,19038
FN:150,RuleConditionalTransferLightApprovalBase._transferHash
FNDA:19038,RuleConditionalTransferLightApprovalBase._transferHash
DA:153,19038
DA:154,19038
DA:155,19038
DA:156,19038
DA:157,19038
DA:164,0
FN:164,RuleConditionalTransferLightApprovalBase._authorizeTransferApproval
FNDA:0,RuleConditionalTransferLightApprovalBase._authorizeTransferApproval
DA:169,0
FN:169,RuleConditionalTransferLightApprovalBase._authorizeTransferExecution
FNDA:0,RuleConditionalTransferLightApprovalBase._authorizeTransferExecution
FNF:12
FNH:10
LF:43
LH:41
BRF:7
BRH:7
end_of_record
TN:
SF:src/rules/operation/abstract/RuleConditionalTransferLightBase.sol
DA:59,1
FN:59,RuleConditionalTransferLightBase.created
FNDA:1,RuleConditionalTransferLightBase.created
DA:60,1
DA:68,1
FN:68,RuleConditionalTransferLightBase.destroyed
FNDA:1,RuleConditionalTransferLightBase.destroyed
DA:69,1
DA:75,1
FN:75,RuleConditionalTransferLightBase.canReturnTransferRestrictionCode
FNDA:1,RuleConditionalTransferLightBase.canReturnTransferRestrictionCode
DA:76,1
DA:82,2
FN:82,RuleConditionalTransferLightBase.messageForTransferRestriction
FNDA:2,RuleConditionalTransferLightBase.messageForTransferRestriction
DA:88,2
BRDA:88,0,0,1
DA:89,1
DA:91,1
DA:113,6
FN:113,RuleConditionalTransferLightBase.approveAndTransferIfAllowed
FNDA:6,RuleConditionalTransferLightBase.approveAndTransferIfAllowed
DA:118,6
DA:119,6
BRDA:119,1,0,1
BRDA:119,1,1,5
DA:121,5
DA:123,5
DA:124,4
BRDA:124,2,0,1
BRDA:124,2,1,3
DA:126,3
DA:127,2
DA:133,6270
FN:133,RuleConditionalTransferLightBase.transferred.0
FNDA:6270,RuleConditionalTransferLightBase.transferred.0
DA:138,6265
DA:144,7
FN:144,RuleConditionalTransferLightBase.transferred.1
FNDA:7,RuleConditionalTransferLightBase.transferred.1
DA:155,6
DA:177,45
FN:177,RuleConditionalTransferLightBase.bindToken
FNDA:45,RuleConditionalTransferLightBase.bindToken
DA:178,44
BRDA:178,3,0,1
BRDA:178,3,1,43
DA:179,43
DA:208,13
FN:208,RuleConditionalTransferLightBase.bindRuleEngine
FNDA:13,RuleConditionalTransferLightBase.bindRuleEngine
DA:209,12
BRDA:209,4,0,1
BRDA:209,4,1,11
DA:210,11
BRDA:210,5,0,1
BRDA:210,5,1,10
DA:211,10
DA:212,10
DA:219,3
FN:219,RuleConditionalTransferLightBase.unbindRuleEngine
FNDA:3,RuleConditionalTransferLightBase.unbindRuleEngine
DA:220,2
DA:221,2
BRDA:221,6,0,1
BRDA:221,6,1,1
DA:222,1
DA:223,1
DA:231,8
FN:231,RuleConditionalTransferLightBase.isTransferExecutor
FNDA:8,RuleConditionalTransferLightBase.isTransferExecutor
DA:232,6288
DA:238,7
FN:238,RuleConditionalTransferLightBase.detectTransferRestriction
FNDA:7,RuleConditionalTransferLightBase.detectTransferRestriction
DA:244,13
BRDA:244,7,0,4
DA:245,4
DA:247,9
DA:248,9
BRDA:248,8,0,6
DA:249,6
DA:251,3
DA:257,1
FN:257,RuleConditionalTransferLightBase.detectTransferRestrictionFrom
FNDA:1,RuleConditionalTransferLightBase.detectTransferRestrictionFrom
DA:269,2
DA:275,4
FN:275,RuleConditionalTransferLightBase.canTransfer
FNDA:4,RuleConditionalTransferLightBase.canTransfer
DA:281,4
DA:287,1
FN:287,RuleConditionalTransferLightBase.canTransferFrom
FNDA:1,RuleConditionalTransferLightBase.canTransferFrom
DA:293,1
DA:306,6280
FN:306,RuleConditionalTransferLightBase._authorizeTransferExecution
FNDA:6280,RuleConditionalTransferLightBase._authorizeTransferExecution
DA:307,6280
BRDA:307,9,0,6
BRDA:307,9,1,6274
FNF:16
FNH:16
LF:52
LH:52
BRF:17
BRH:17
end_of_record
TN:
SF:src/rules/operation/abstract/RuleConditionalTransferLightMultiTokenBase.sol
DA:34,24
FN:34,RuleConditionalTransferLightMultiTokenBase.onlyTransferApprover
FNDA:24,RuleConditionalTransferLightMultiTokenBase.onlyTransferApprover
DA:35,24
DA:39,3
FN:39,RuleConditionalTransferLightMultiTokenBase.onlyTransferExecutor
FNDA:3,RuleConditionalTransferLightMultiTokenBase.onlyTransferExecutor
DA:40,3
DA:49,2
FN:49,RuleConditionalTransferLightMultiTokenBase.created
FNDA:2,RuleConditionalTransferLightMultiTokenBase.created
DA:50,1
DA:58,2
FN:58,RuleConditionalTransferLightMultiTokenBase.destroyed
FNDA:2,RuleConditionalTransferLightMultiTokenBase.destroyed
DA:59,1
DA:66,3
FN:66,RuleConditionalTransferLightMultiTokenBase.transferred.0
FNDA:3,RuleConditionalTransferLightMultiTokenBase.transferred.0
DA:67,3
DA:73,2
FN:73,RuleConditionalTransferLightMultiTokenBase.canReturnTransferRestrictionCode
FNDA:2,RuleConditionalTransferLightMultiTokenBase.canReturnTransferRestrictionCode
DA:74,2
DA:80,2
FN:80,RuleConditionalTransferLightMultiTokenBase.messageForTransferRestriction
FNDA:2,RuleConditionalTransferLightMultiTokenBase.messageForTransferRestriction
DA:86,2
BRDA:86,0,0,1
DA:87,1
DA:89,1
DA:99,24
FN:99,RuleConditionalTransferLightMultiTokenBase.approveTransfer
FNDA:24,RuleConditionalTransferLightMultiTokenBase.approveTransfer
DA:100,24
DA:110,3
FN:110,RuleConditionalTransferLightMultiTokenBase.cancelTransferApproval
FNDA:3,RuleConditionalTransferLightMultiTokenBase.cancelTransferApproval
DA:114,2
DA:126,1
FN:126,RuleConditionalTransferLightMultiTokenBase.approveAndTransferIfAllowed
FNDA:1,RuleConditionalTransferLightMultiTokenBase.approveAndTransferIfAllowed
DA:131,1
BRDA:131,1,0,-
BRDA:131,1,1,1
DA:133,1
DA:135,1
DA:136,1
BRDA:136,2,0,-
BRDA:136,2,1,1
DA:140,1
DA:141,1
DA:147,4
FN:147,RuleConditionalTransferLightMultiTokenBase.transferred.1
FNDA:4,RuleConditionalTransferLightMultiTokenBase.transferred.1
DA:152,4
DA:158,6
FN:158,RuleConditionalTransferLightMultiTokenBase.transferred.2
FNDA:6,RuleConditionalTransferLightMultiTokenBase.transferred.2
DA:169,6
DA:187,3
FN:187,RuleConditionalTransferLightMultiTokenBase.resetApproval
FNDA:3,RuleConditionalTransferLightMultiTokenBase.resetApproval
DA:193,2
DA:194,2
DA:195,2
BRDA:195,3,0,1
BRDA:195,3,1,1
DA:196,1
DA:197,1
DA:208,16
FN:208,RuleConditionalTransferLightMultiTokenBase.approvedCount
FNDA:16,RuleConditionalTransferLightMultiTokenBase.approvedCount
DA:209,16
DA:210,16
DA:222,265
FN:222,RuleConditionalTransferLightMultiTokenBase.detectTransferRestriction
FNDA:265,RuleConditionalTransferLightMultiTokenBase.detectTransferRestriction
DA:228,270
DA:242,263
FN:242,RuleConditionalTransferLightMultiTokenBase.detectTransferRestrictionForToken
FNDA:263,RuleConditionalTransferLightMultiTokenBase.detectTransferRestrictionForToken
DA:248,263
DA:261,5
FN:261,RuleConditionalTransferLightMultiTokenBase.canTransferForToken
FNDA:5,RuleConditionalTransferLightMultiTokenBase.canTransferForToken
DA:267,5
DA:274,2
FN:274,RuleConditionalTransferLightMultiTokenBase.detectTransferRestrictionFrom
FNDA:2,RuleConditionalTransferLightMultiTokenBase.detectTransferRestrictionFrom
DA:286,4
DA:294,1
FN:294,RuleConditionalTransferLightMultiTokenBase.canTransfer
FNDA:1,RuleConditionalTransferLightMultiTokenBase.canTransfer
DA:300,1
DA:306,2
FN:306,RuleConditionalTransferLightMultiTokenBase.canTransferFrom
FNDA:2,RuleConditionalTransferLightMultiTokenBase.canTransferFrom
DA:312,2
DA:327,38
FN:327,RuleConditionalTransferLightMultiTokenBase._authorizeComplianceBindingChange
FNDA:38,RuleConditionalTransferLightMultiTokenBase._authorizeComplianceBindingChange
DA:328,38
DA:338,25
FN:338,RuleConditionalTransferLightMultiTokenBase._approveTransfer
FNDA:25,RuleConditionalTransferLightMultiTokenBase._approveTransfer
DA:339,25
BRDA:339,4,0,2
BRDA:339,4,1,23
DA:340,23
DA:341,23
DA:342,23
DA:352,2
FN:352,RuleConditionalTransferLightMultiTokenBase._cancelTransferApproval
FNDA:2,RuleConditionalTransferLightMultiTokenBase._cancelTransferApproval
DA:353,2
BRDA:353,5,0,-
BRDA:353,5,1,2
DA:354,2
DA:355,2
DA:357,2
BRDA:357,6,0,1
BRDA:357,6,1,1
DA:359,1
DA:360,1
DA:371,15
FN:371,RuleConditionalTransferLightMultiTokenBase._transferred
FNDA:15,RuleConditionalTransferLightMultiTokenBase._transferred
DA:372,15
BRDA:372,7,0,15
DA:373,15
DA:376,9
DA:377,9
DA:379,9
BRDA:379,8,0,3
BRDA:379,8,1,6
DA:381,6
DA:382,6
DA:397,538
FN:397,RuleConditionalTransferLightMultiTokenBase._detectTransferRestrictionForToken
FNDA:538,RuleConditionalTransferLightMultiTokenBase._detectTransferRestrictionForToken
DA:403,538
BRDA:403,9,0,2
DA:404,2
DA:407,536
BRDA:407,10,0,7
DA:408,7
DA:411,529
BRDA:411,11,0,519
DA:412,519
DA:415,10
DA:421,13
FN:421,RuleConditionalTransferLightMultiTokenBase._authorizeTransferExecution
FNDA:13,RuleConditionalTransferLightMultiTokenBase._authorizeTransferExecution
DA:422,13
BRDA:422,12,0,-
BRDA:422,12,1,13
DA:431,0
FN:431,RuleConditionalTransferLightMultiTokenBase._authorizeTransferApproval
FNDA:0,RuleConditionalTransferLightMultiTokenBase._authorizeTransferApproval
DA:441,581
FN:441,RuleConditionalTransferLightMultiTokenBase._transferHash
FNDA:581,RuleConditionalTransferLightMultiTokenBase._transferHash
DA:448,581
DA:449,581
DA:450,581
DA:451,581
DA:452,581
DA:453,581
FNF:28
FNH:27
LF:92
LH:91
BRF:21
BRH:17
end_of_record
TN:
SF:src/rules/operation/abstract/RuleMintAllowanceBase.sol
DA:51,4
FN:51,RuleMintAllowanceBase.onlyAllowanceOperator
FNDA:4,RuleMintAllowanceBase.onlyAllowanceOperator
DA:52,4
DA:63,1
FN:63,RuleMintAllowanceBase.created
FNDA:1,RuleMintAllowanceBase.created
DA:68,1
FN:68,RuleMintAllowanceBase.destroyed
FNDA:1,RuleMintAllowanceBase.destroyed
DA:73,2
FN:73,RuleMintAllowanceBase.canReturnTransferRestrictionCode
FNDA:2,RuleMintAllowanceBase.canReturnTransferRestrictionCode
DA:74,2
DA:86,3753
FN:86,RuleMintAllowanceBase.setMintAllowance
FNDA:3753,RuleMintAllowanceBase.setMintAllowance
DA:87,3751
DA:95,3241
FN:95,RuleMintAllowanceBase.increaseMintAllowance
FNDA:3241,RuleMintAllowanceBase.increaseMintAllowance
DA:96,3240
DA:97,3240
DA:98,3240
DA:107,3088
FN:107,RuleMintAllowanceBase.decreaseMintAllowance
FNDA:3088,RuleMintAllowanceBase.decreaseMintAllowance
DA:108,3087
DA:109,3087
BRDA:109,0,0,1
BRDA:109,0,1,3086
DA:110,3086
DA:111,3086
DA:112,3086
DA:124,4
FN:124,RuleMintAllowanceBase.clearMintAllowances
FNDA:4,RuleMintAllowanceBase.clearMintAllowances
DA:125,3
DA:126,7
DA:142,323
FN:142,RuleMintAllowanceBase.bindToken
FNDA:323,RuleMintAllowanceBase.bindToken
DA:143,321
BRDA:143,1,0,2
BRDA:143,1,1,319
DA:144,319
DA:154,3
FN:154,RuleMintAllowanceBase.transferred.0
FNDA:3,RuleMintAllowanceBase.transferred.0
DA:160,2
DA:171,6838
FN:171,RuleMintAllowanceBase.transferred.1
FNDA:6838,RuleMintAllowanceBase.transferred.1
DA:177,6837
DA:183,2
FN:183,RuleMintAllowanceBase.messageForTransferRestriction
FNDA:2,RuleMintAllowanceBase.messageForTransferRestriction
DA:189,2
BRDA:189,2,0,1
DA:190,1
DA:192,1
DA:200,5
FN:200,RuleMintAllowanceBase.detectTransferRestriction
FNDA:5,RuleMintAllowanceBase.detectTransferRestriction
DA:207,5
DA:213,9
FN:213,RuleMintAllowanceBase.detectTransferRestrictionFrom
FNDA:9,RuleMintAllowanceBase.detectTransferRestrictionFrom
DA:220,15
DA:227,3
FN:227,RuleMintAllowanceBase.canTransfer
FNDA:3,RuleMintAllowanceBase.canTransfer
DA:234,3
DA:240,6
FN:240,RuleMintAllowanceBase.canTransferFrom
FNDA:6,RuleMintAllowanceBase.canTransferFrom
DA:247,6
DA:258,2
FN:258,RuleMintAllowanceBase._transferred
FNDA:2,RuleMintAllowanceBase._transferred
DA:270,6837
FN:270,RuleMintAllowanceBase._transferredFrom
FNDA:6837,RuleMintAllowanceBase._transferredFrom
DA:271,6837
BRDA:271,3,0,6837
DA:272,6837
DA:274,3566
DA:275,3566
BRDA:275,4,0,258
BRDA:275,4,1,3308
DA:276,3308
DA:277,3308
DA:278,3308
DA:286,3758
FN:286,RuleMintAllowanceBase._setMintAllowance
FNDA:3758,RuleMintAllowanceBase._setMintAllowance
DA:287,3758
DA:288,3758
DA:299,15
FN:299,RuleMintAllowanceBase._detectTransferRestrictionFrom
FNDA:15,RuleMintAllowanceBase._detectTransferRestrictionFrom
DA:305,15
BRDA:305,5,0,7
DA:306,7
DA:308,8
DA:314,0
FN:314,RuleMintAllowanceBase._authorizeSetMintAllowance
FNDA:0,RuleMintAllowanceBase._authorizeSetMintAllowance
FNF:21
FNH:20
LF:57
LH:56
BRF:9
BRH:9
end_of_record
TN:
SF:src/rules/validation/abstract/RuleAddressSet/RuleAddressSet.sol
DA:40,278
FN:40,RuleAddressSet.onlyAddressListAdd
FNDA:278,RuleAddressSet.onlyAddressListAdd
DA:41,278
DA:45,12
FN:45,RuleAddressSet.onlyAddressListRemove
FNDA:12,RuleAddressSet.onlyAddressListRemove
DA:46,12
DA:61,278
FN:61,RuleAddressSet.addAddresses
FNDA:278,RuleAddressSet.addAddresses
DA:62,277
DA:63,275
DA:73,260
FN:73,RuleAddressSet.removeAddresses
FNDA:260,RuleAddressSet.removeAddresses
DA:74,259
DA:75,259
DA:85,132
FN:85,RuleAddressSet.addAddress
FNDA:132,RuleAddressSet.addAddress
DA:86,127
BRDA:86,0,0,2
BRDA:86,0,1,125
DA:87,125
BRDA:87,1,0,1
BRDA:87,1,1,124
DA:88,124
DA:89,124
DA:99,12
FN:99,RuleAddressSet.removeAddress
FNDA:12,RuleAddressSet.removeAddress
DA:100,7
BRDA:100,2,0,1
BRDA:100,2,1,6
DA:101,6
DA:102,6
DA:109,543
FN:109,RuleAddressSet.listedAddressCount
FNDA:543,RuleAddressSet.listedAddressCount
DA:110,543
DA:118,4
FN:118,RuleAddressSet.contains
FNDA:4,RuleAddressSet.contains
DA:119,4
DA:127,79
FN:127,RuleAddressSet.isAddressListed
FNDA:79,RuleAddressSet.isAddressListed
DA:128,577
DA:136,155
FN:136,RuleAddressSet.areAddressesListed
FNDA:155,RuleAddressSet.areAddressesListed
DA:137,155
DA:138,155
DA:139,345
DA:150,0
FN:150,RuleAddressSet._authorizeAddressListAdd
FNDA:0,RuleAddressSet._authorizeAddressListAdd
DA:155,0
FN:155,RuleAddressSet._authorizeAddressListRemove
FNDA:0,RuleAddressSet._authorizeAddressListRemove
DA:160,994
FN:160,RuleAddressSet._msgSender
FNDA:994,RuleAddressSet._msgSender
DA:161,994
DA:167,6
FN:167,RuleAddressSet._msgData
FNDA:6,RuleAddressSet._msgData
DA:168,6
DA:174,1002
FN:174,RuleAddressSet._contextSuffixLength
FNDA:1002,RuleAddressSet._contextSuffixLength
DA:175,1002
FNF:15
FNH:13
LF:37
LH:35
BRF:6
BRH:6
end_of_record
TN:
SF:src/rules/validation/abstract/RuleAddressSet/RuleAddressSetInternal.sol
DA:41,277
FN:41,RuleAddressSetInternal._addAddresses
FNDA:277,RuleAddressSetInternal._addAddresses
DA:42,277
DA:49,813
BRDA:49,0,0,2
BRDA:49,0,1,811
DA:50,811
BRDA:50,1,0,551
BRDA:50,1,1,260
DA:51,551
DA:53,260
DA:67,259
FN:67,RuleAddressSetInternal._removeAddresses
FNDA:259,RuleAddressSetInternal._removeAddresses
DA:71,259
DA:72,775
BRDA:72,2,0,518
BRDA:72,2,1,257
DA:73,518
DA:75,257
DA:84,124
FN:84,RuleAddressSetInternal._addAddress
FNDA:124,RuleAddressSetInternal._addAddress
DA:85,124
DA:92,6
FN:92,RuleAddressSetInternal._removeAddress
FNDA:6,RuleAddressSetInternal._removeAddress
DA:93,6
DA:100,543
FN:100,RuleAddressSetInternal._listedAddressCount
FNDA:543,RuleAddressSetInternal._listedAddressCount
DA:101,543
DA:109,1093
FN:109,RuleAddressSetInternal._isAddressListed
FNDA:1093,RuleAddressSetInternal._isAddressListed
DA:110,1093
FNF:6
FNH:6
LF:19
LH:19
BRF:6
BRH:6
end_of_record
TN:
SF:src/rules/validation/abstract/RuleERC2980/RuleERC2980Internal.sol
DA:44,4
FN:44,RuleERC2980Internal._addWhitelistAddresses
FNDA:4,RuleERC2980Internal._addWhitelistAddresses
DA:48,4
DA:51,6
BRDA:51,0,0,-
BRDA:51,0,1,6
DA:52,6
BRDA:52,1,0,5
BRDA:52,1,1,1
DA:53,5
DA:55,1
DA:66,3
FN:66,RuleERC2980Internal._removeWhitelistAddresses
FNDA:3,RuleERC2980Internal._removeWhitelistAddresses
DA:70,3
DA:71,3
BRDA:71,2,0,2
BRDA:71,2,1,1
DA:72,2
DA:74,1
DA:83,44
FN:83,RuleERC2980Internal._addWhitelistAddress
FNDA:44,RuleERC2980Internal._addWhitelistAddress
DA:84,44
DA:91,4
FN:91,RuleERC2980Internal._removeWhitelistAddress
FNDA:4,RuleERC2980Internal._removeWhitelistAddress
DA:92,4
DA:105,4
FN:105,RuleERC2980Internal._addFrozenlistAddresses
FNDA:4,RuleERC2980Internal._addFrozenlistAddresses
DA:109,4
DA:112,6
BRDA:112,3,0,-
BRDA:112,3,1,6
DA:113,6
BRDA:113,4,0,5
BRDA:113,4,1,1
DA:114,5
DA:116,1
DA:127,2
FN:127,RuleERC2980Internal._removeFrozenlistAddresses
FNDA:2,RuleERC2980Internal._removeFrozenlistAddresses
DA:131,2
DA:132,2
BRDA:132,5,0,1
BRDA:132,5,1,1
DA:133,1
DA:135,1
DA:144,19
FN:144,RuleERC2980Internal._addFrozenlistAddress
FNDA:19,RuleERC2980Internal._addFrozenlistAddress
DA:145,19
DA:152,4
FN:152,RuleERC2980Internal._removeFrozenlistAddress
FNDA:4,RuleERC2980Internal._removeFrozenlistAddress
DA:153,4
DA:165,115
FN:165,RuleERC2980Internal._isWhitelisted
FNDA:115,RuleERC2980Internal._isWhitelisted
DA:166,115
DA:173,5
FN:173,RuleERC2980Internal._whitelistCount
FNDA:5,RuleERC2980Internal._whitelistCount
DA:174,5
DA:182,163
FN:182,RuleERC2980Internal._isFrozen
FNDA:163,RuleERC2980Internal._isFrozen
DA:183,163
DA:190,4
FN:190,RuleERC2980Internal._frozenlistCount
FNDA:4,RuleERC2980Internal._frozenlistCount
DA:191,4
FNF:12
FNH:12
LF:38
LH:38
BRF:12
BRH:10
end_of_record
TN:
SF:src/rules/validation/abstract/base/RuleBlacklistBase.sol
DA:37,18
FN:37,RuleBlacklistBase.transferred.0
FNDA:18,RuleBlacklistBase.transferred.0
DA:43,18
DA:50,46
FN:50,RuleBlacklistBase.transferred.1
FNDA:46,RuleBlacklistBase.transferred.1
DA:56,46
DA:62,4
FN:62,RuleBlacklistBase.canReturnTransferRestrictionCode
FNDA:4,RuleBlacklistBase.canReturnTransferRestrictionCode
DA:69,4
DA:70,1
DA:76,12
FN:76,RuleBlacklistBase.messageForTransferRestriction
FNDA:12,RuleBlacklistBase.messageForTransferRestriction
DA:83,12
BRDA:83,0,0,5
BRDA:83,0,1,3
DA:84,5
DA:85,7
BRDA:85,1,0,3
BRDA:85,1,1,3
DA:86,3
DA:87,4
BRDA:87,2,0,1
BRDA:87,2,1,3
DA:88,1
DA:90,3
DA:97,65
FN:97,RuleBlacklistBase.supportsInterface
FNDA:65,RuleBlacklistBase.supportsInterface
DA:100,65
DA:101,63
DA:114,140
FN:114,RuleBlacklistBase._detectTransferRestriction
FNDA:140,RuleBlacklistBase._detectTransferRestriction
DA:124,140
BRDA:124,3,0,40
BRDA:124,3,1,81
DA:125,40
DA:126,100
BRDA:126,4,0,19
DA:127,19
DA:129,81
DA:140,80
FN:140,RuleBlacklistBase._detectTransferRestrictionFrom
FNDA:80,RuleBlacklistBase._detectTransferRestrictionFrom
DA:146,80
BRDA:146,5,0,8
DA:147,8
DA:149,72
DA:158,29
FN:158,RuleBlacklistBase._transferred
FNDA:29,RuleBlacklistBase._transferred
DA:159,29
DA:160,29
BRDA:160,6,0,17
BRDA:160,6,1,12
DA:173,54
FN:173,RuleBlacklistBase._transferredFrom
FNDA:54,RuleBlacklistBase._transferredFrom
DA:174,54
DA:175,54
BRDA:175,7,0,9
BRDA:175,7,1,45
FNF:9
FNH:9
LF:34
LH:34
BRF:14
BRH:14
end_of_record
TN:
SF:src/rules/validation/abstract/base/RuleChainlinkPoRBase.sol
DA:74,600
FN:74,RuleChainlinkPoRBase.constructor
FNDA:600,RuleChainlinkPoRBase.constructor
DA:80,600
DA:81,598
DA:82,596
DA:94,8
FN:94,RuleChainlinkPoRBase.canReturnTransferRestrictionCode
FNDA:8,RuleChainlinkPoRBase.canReturnTransferRestrictionCode
DA:95,8
DA:96,4
DA:109,8
FN:109,RuleChainlinkPoRBase.setReservesFeed
FNDA:8,RuleChainlinkPoRBase.setReservesFeed
DA:110,6
DA:119,12
FN:119,RuleChainlinkPoRBase.setTokenMetadata
FNDA:12,RuleChainlinkPoRBase.setTokenMetadata
DA:120,10
DA:127,5
FN:127,RuleChainlinkPoRBase.setMaxStalenessSeconds
FNDA:5,RuleChainlinkPoRBase.setMaxStalenessSeconds
DA:128,3
DA:138,4
FN:138,RuleChainlinkPoRBase.feedDecimals
FNDA:4,RuleChainlinkPoRBase.feedDecimals
DA:139,4
DA:152,657
FN:152,RuleChainlinkPoRBase.maxBackedSupply
FNDA:657,RuleChainlinkPoRBase.maxBackedSupply
DA:153,657
DA:159,4
FN:159,RuleChainlinkPoRBase.transferred.0
FNDA:4,RuleChainlinkPoRBase.transferred.0
DA:160,4
DA:166,13
FN:166,RuleChainlinkPoRBase.transferred.1
FNDA:13,RuleChainlinkPoRBase.transferred.1
DA:167,13
DA:173,8
FN:173,RuleChainlinkPoRBase.messageForTransferRestriction
FNDA:8,RuleChainlinkPoRBase.messageForTransferRestriction
DA:179,8
BRDA:179,0,0,2
BRDA:179,0,1,1
DA:180,2
DA:181,6
BRDA:181,1,0,2
BRDA:181,1,1,1
DA:182,2
DA:183,4
BRDA:183,2,0,2
BRDA:183,2,1,1
DA:184,2
DA:185,2
BRDA:185,3,0,1
DA:186,1
DA:188,1
DA:195,8
FN:195,RuleChainlinkPoRBase.onlyChainlinkPoRManager
FNDA:8,RuleChainlinkPoRBase.onlyChainlinkPoRManager
DA:196,8
DA:204,0
FN:204,RuleChainlinkPoRBase._authorizeChainlinkPoRManager
FNDA:0,RuleChainlinkPoRBase._authorizeChainlinkPoRManager
DA:218,606
FN:218,RuleChainlinkPoRBase._setReservesFeed
FNDA:606,RuleChainlinkPoRBase._setReservesFeed
DA:219,606
DA:220,606
BRDA:220,4,0,1
BRDA:220,4,1,605
DA:221,605
BRDA:221,5,0,1
BRDA:221,5,1,604
DA:222,604
DA:223,604
BRDA:223,6,0,604
DA:224,603
DA:225,1
BRDA:225,6,1,1
DA:226,1
DA:228,603
BRDA:228,7,0,1
BRDA:228,7,1,602
DA:229,602
DA:230,602
DA:241,608
FN:241,RuleChainlinkPoRBase._setTokenMetadata
FNDA:608,RuleChainlinkPoRBase._setTokenMetadata
DA:242,608
BRDA:242,8,0,2
BRDA:242,8,1,606
DA:246,606
BRDA:246,9,0,2
BRDA:246,9,1,604
DA:247,604
BRDA:247,10,0,1
BRDA:247,10,1,603
DA:248,603
BRDA:248,11,0,603
DA:249,602
BRDA:249,12,0,1
BRDA:249,12,1,601
DA:258,602
BRDA:258,13,0,602
DA:259,1
BRDA:259,13,1,1
DA:260,1
DA:262,601
DA:263,601
DA:264,601
DA:271,599
FN:271,RuleChainlinkPoRBase._setMaxStalenessSeconds
FNDA:599,RuleChainlinkPoRBase._setMaxStalenessSeconds
DA:272,599
DA:273,599
DA:282,1252
FN:282,RuleChainlinkPoRBase._maxBackedSupply
FNDA:1252,RuleChainlinkPoRBase._maxBackedSupply
DA:283,1252
DA:286,1252
DA:287,1252
BRDA:287,14,0,1252
DA:288,1250
DA:289,2
BRDA:289,14,1,2
DA:290,2
DA:294,1250
BRDA:294,15,0,3
DA:295,3
DA:297,1247
BRDA:297,16,0,1247
DA:299,1245
BRDA:299,17,0,135
DA:300,135
DA:302,1110
DA:303,1110
BRDA:303,18,0,3
DA:304,3
DA:308,1107
DA:309,1107
DA:310,2
BRDA:310,16,1,2
DA:311,2
DA:325,453
FN:325,RuleChainlinkPoRBase._currentSupply
FNDA:453,RuleChainlinkPoRBase._currentSupply
DA:326,453
DA:327,453
BRDA:327,19,0,453
DA:328,449
DA:329,4
BRDA:329,19,1,4
DA:330,4
DA:343,1107
FN:343,RuleChainlinkPoRBase._scaleReserve
FNDA:1107,RuleChainlinkPoRBase._scaleReserve
DA:344,1107
DA:345,1107
BRDA:345,20,0,58
DA:346,58
DA:348,1049
BRDA:348,21,0,641
DA:350,641
DA:351,641
BRDA:351,22,0,30
DA:352,30
DA:354,611
DA:357,408
DA:363,601
FN:363,RuleChainlinkPoRBase._detectTransferRestriction
FNDA:601,RuleChainlinkPoRBase._detectTransferRestriction
DA:375,601
BRDA:375,23,0,6
DA:376,6
DA:378,595
DA:379,595
BRDA:379,24,0,142
DA:380,142
DA:382,453
DA:383,453
BRDA:383,25,0,4
DA:384,4
DA:388,449
BRDA:388,26,0,227
DA:389,227
DA:391,222
DA:397,18
FN:397,RuleChainlinkPoRBase._detectTransferRestrictionFrom
FNDA:18,RuleChainlinkPoRBase._detectTransferRestrictionFrom
DA:403,18
DA:412,4
FN:412,RuleChainlinkPoRBase._transferred
FNDA:4,RuleChainlinkPoRBase._transferred
DA:413,4
DA:414,4
BRDA:414,27,0,2
BRDA:414,27,1,2
DA:427,13
FN:427,RuleChainlinkPoRBase._transferredFrom
FNDA:13,RuleChainlinkPoRBase._transferredFrom
DA:428,13
DA:429,13
BRDA:429,28,0,5
BRDA:429,28,1,8
FNF:22
FNH:21
LF:116
LH:115
BRF:46
BRH:46
end_of_record
TN:
SF:src/rules/validation/abstract/base/RuleERC2980Base.sol
DA:64,75
FN:64,RuleERC2980Base.constructor
FNDA:75,RuleERC2980Base.constructor
DA:65,75
DA:66,75
DA:67,75
DA:68,75
DA:75,5
FN:75,RuleERC2980Base.onlyMintBurnManager
FNDA:5,RuleERC2980Base.onlyMintBurnManager
DA:76,5
DA:80,6
FN:80,RuleERC2980Base.onlyWhitelistAdd
FNDA:6,RuleERC2980Base.onlyWhitelistAdd
DA:81,6
DA:85,7
FN:85,RuleERC2980Base.onlyWhitelistRemove
FNDA:7,RuleERC2980Base.onlyWhitelistRemove
DA:86,7
DA:90,6
FN:90,RuleERC2980Base.onlyFrozenlistAdd
FNDA:6,RuleERC2980Base.onlyFrozenlistAdd
DA:91,6
DA:95,2
FN:95,RuleERC2980Base.onlyFrozenlistRemove
FNDA:2,RuleERC2980Base.onlyFrozenlistRemove
DA:96,2
DA:109,6
FN:109,RuleERC2980Base.addWhitelistAddresses
FNDA:6,RuleERC2980Base.addWhitelistAddresses
DA:110,4
DA:111,4
DA:119,4
FN:119,RuleERC2980Base.removeWhitelistAddresses
FNDA:4,RuleERC2980Base.removeWhitelistAddresses
DA:120,3
DA:121,3
DA:133,49
FN:133,RuleERC2980Base.addWhitelistAddress
FNDA:49,RuleERC2980Base.addWhitelistAddress
DA:134,46
BRDA:134,0,0,1
BRDA:134,0,1,45
DA:135,45
BRDA:135,1,0,1
BRDA:135,1,1,44
DA:136,44
DA:137,44
DA:149,7
FN:149,RuleERC2980Base.removeWhitelistAddress
FNDA:7,RuleERC2980Base.removeWhitelistAddress
DA:150,5
BRDA:150,2,0,1
BRDA:150,2,1,4
DA:151,4
DA:152,4
DA:164,6
FN:164,RuleERC2980Base.addFrozenlistAddresses
FNDA:6,RuleERC2980Base.addFrozenlistAddresses
DA:165,4
DA:166,4
DA:174,2
FN:174,RuleERC2980Base.removeFrozenlistAddresses
FNDA:2,RuleERC2980Base.removeFrozenlistAddresses
DA:175,2
DA:176,2
DA:188,24
FN:188,RuleERC2980Base.addFrozenlistAddress
FNDA:24,RuleERC2980Base.addFrozenlistAddress
DA:189,21
BRDA:189,3,0,1
BRDA:189,3,1,20
DA:190,20
BRDA:190,4,0,1
BRDA:190,4,1,19
DA:191,19
DA:192,19
DA:204,7
FN:204,RuleERC2980Base.removeFrozenlistAddress
FNDA:7,RuleERC2980Base.removeFrozenlistAddress
DA:205,5
BRDA:205,5,0,1
BRDA:205,5,1,4
DA:206,4
DA:207,4
DA:218,5
FN:218,RuleERC2980Base.setAllowMint
FNDA:5,RuleERC2980Base.setAllowMint
DA:219,3
DA:220,3
DA:227,3
FN:227,RuleERC2980Base.setAllowBurn
FNDA:3,RuleERC2980Base.setAllowBurn
DA:228,2
DA:229,2
DA:235,6
FN:235,RuleERC2980Base.transferred.0
FNDA:6,RuleERC2980Base.transferred.0
DA:241,6
DA:247,4
FN:247,RuleERC2980Base.transferred.1
FNDA:4,RuleERC2980Base.transferred.1
DA:253,4
DA:259,5
FN:259,RuleERC2980Base.canReturnTransferRestrictionCode
FNDA:5,RuleERC2980Base.canReturnTransferRestrictionCode
DA:266,5
DA:267,3
DA:268,1
DA:274,7
FN:274,RuleERC2980Base.messageForTransferRestriction
FNDA:7,RuleERC2980Base.messageForTransferRestriction
DA:281,7
BRDA:281,6,0,1
BRDA:281,6,1,1
DA:282,1
DA:283,6
BRDA:283,7,0,1
BRDA:283,7,1,1
DA:284,1
DA:285,5
BRDA:285,8,0,1
BRDA:285,8,1,1
DA:286,1
DA:287,4
BRDA:287,9,0,1
BRDA:287,9,1,1
DA:288,1
DA:289,3
BRDA:289,10,0,1
BRDA:289,10,1,1
DA:290,1
DA:291,2
BRDA:291,11,0,1
BRDA:291,11,1,1
DA:292,1
DA:294,1
DA:301,3
FN:301,RuleERC2980Base.supportsInterface
FNDA:3,RuleERC2980Base.supportsInterface
DA:302,3
DA:309,5
FN:309,RuleERC2980Base.whitelistAddressCount
FNDA:5,RuleERC2980Base.whitelistAddressCount
DA:310,5
DA:318,15
FN:318,RuleERC2980Base.isWhitelisted
FNDA:15,RuleERC2980Base.isWhitelisted
DA:319,15
DA:327,11
FN:327,RuleERC2980Base.whitelist
FNDA:11,RuleERC2980Base.whitelist
DA:328,11
DA:338,5
FN:338,RuleERC2980Base.isVerified
FNDA:5,RuleERC2980Base.isVerified
DA:339,5
DA:347,1
FN:347,RuleERC2980Base.areWhitelisted
FNDA:1,RuleERC2980Base.areWhitelisted
DA:348,1
DA:349,1
DA:350,2
DA:358,4
FN:358,RuleERC2980Base.frozenlistAddressCount
FNDA:4,RuleERC2980Base.frozenlistAddressCount
DA:359,4
DA:367,12
FN:367,RuleERC2980Base.isFrozen
FNDA:12,RuleERC2980Base.isFrozen
DA:368,12
DA:376,7
FN:376,RuleERC2980Base.frozenlist
FNDA:7,RuleERC2980Base.frozenlist
DA:377,7
DA:385,1
FN:385,RuleERC2980Base.areFrozen
FNDA:1,RuleERC2980Base.areFrozen
DA:386,1
DA:387,1
DA:388,2
DA:399,0
FN:399,RuleERC2980Base._authorizeMintBurnManager
FNDA:0,RuleERC2980Base._authorizeMintBurnManager
DA:404,0
FN:404,RuleERC2980Base._authorizeWhitelistAdd
FNDA:0,RuleERC2980Base._authorizeWhitelistAdd
DA:408,0
FN:408,RuleERC2980Base._authorizeWhitelistRemove
FNDA:0,RuleERC2980Base._authorizeWhitelistRemove
DA:412,0
FN:412,RuleERC2980Base._authorizeFrozenlistAdd
FNDA:0,RuleERC2980Base._authorizeFrozenlistAdd
DA:416,0
FN:416,RuleERC2980Base._authorizeFrozenlistRemove
FNDA:0,RuleERC2980Base._authorizeFrozenlistRemove
DA:421,62
FN:421,RuleERC2980Base._detectTransferRestriction
FNDA:62,RuleERC2980Base._detectTransferRestriction
DA:432,62
DA:433,62
DA:436,62
BRDA:436,12,0,1
DA:437,1
DA:439,61
BRDA:439,13,0,2
DA:440,2
DA:444,59
BRDA:444,14,0,20
DA:445,20
DA:447,39
BRDA:447,15,0,4
DA:448,4
DA:451,35
BRDA:451,16,0,5
DA:452,5
DA:454,30
DA:460,24
FN:460,RuleERC2980Base._detectTransferRestrictionFrom
FNDA:24,RuleERC2980Base._detectTransferRestrictionFrom
DA:467,24
BRDA:467,17,0,4
DA:468,4
DA:470,20
DA:476,13
FN:476,RuleERC2980Base._transferred
FNDA:13,RuleERC2980Base._transferred
DA:477,13
DA:478,13
BRDA:478,18,0,7
BRDA:478,18,1,6
DA:487,11
FN:487,RuleERC2980Base._transferredFrom
FNDA:11,RuleERC2980Base._transferredFrom
DA:488,11
DA:489,11
BRDA:489,19,0,5
BRDA:489,19,1,6
DA:498,293
FN:498,RuleERC2980Base._msgSender
FNDA:293,RuleERC2980Base._msgSender
DA:499,293
DA:505,2
FN:505,RuleERC2980Base._msgData
FNDA:2,RuleERC2980Base._msgData
DA:506,2
DA:512,295
FN:512,RuleERC2980Base._contextSuffixLength
FNDA:295,RuleERC2980Base._contextSuffixLength
DA:513,295
FNF:42
FNH:37
LF:132
LH:127
BRF:34
BRH:34
end_of_record
TN:
SF:src/rules/validation/abstract/base/RuleIdentityRegistryBase.sol
DA:63,39
FN:63,RuleIdentityRegistryBase.constructor
FNDA:39,RuleIdentityRegistryBase.constructor
DA:64,39
BRDA:64,0,0,37
DA:65,37
DA:67,39
DA:68,39
DA:69,39
DA:70,39
DA:77,5
FN:77,RuleIdentityRegistryBase.onlyIdentityRegistryManager
FNDA:5,RuleIdentityRegistryBase.onlyIdentityRegistryManager
DA:78,5
DA:91,4
FN:91,RuleIdentityRegistryBase.canReturnTransferRestrictionCode
FNDA:4,RuleIdentityRegistryBase.canReturnTransferRestrictionCode
DA:92,4
DA:93,2
DA:104,4
FN:104,RuleIdentityRegistryBase.setIdentityRegistry
FNDA:4,RuleIdentityRegistryBase.setIdentityRegistry
DA:105,2
BRDA:105,1,0,1
BRDA:105,1,1,1
DA:106,1
DA:107,1
DA:116,2
FN:116,RuleIdentityRegistryBase.setCheckSender
FNDA:2,RuleIdentityRegistryBase.setCheckSender
DA:117,2
DA:118,2
DA:126,5
FN:126,RuleIdentityRegistryBase.setCheckSpender
FNDA:5,RuleIdentityRegistryBase.setCheckSpender
DA:127,5
DA:128,5
DA:134,5
FN:134,RuleIdentityRegistryBase.clearIdentityRegistry
FNDA:5,RuleIdentityRegistryBase.clearIdentityRegistry
DA:135,3
DA:136,3
DA:142,5
FN:142,RuleIdentityRegistryBase.transferred.0
FNDA:5,RuleIdentityRegistryBase.transferred.0
DA:143,5
DA:149,7
FN:149,RuleIdentityRegistryBase.transferred.1
FNDA:7,RuleIdentityRegistryBase.transferred.1
DA:150,7
DA:156,4
FN:156,RuleIdentityRegistryBase.messageForTransferRestriction
FNDA:4,RuleIdentityRegistryBase.messageForTransferRestriction
DA:162,4
BRDA:162,2,0,1
BRDA:162,2,1,1
DA:163,1
DA:164,3
BRDA:164,3,0,1
BRDA:164,3,1,1
DA:165,1
DA:166,2
BRDA:166,4,0,1
DA:167,1
DA:169,1
DA:179,0
FN:179,RuleIdentityRegistryBase._authorizeIdentityRegistryManager
FNDA:0,RuleIdentityRegistryBase._authorizeIdentityRegistryManager
DA:187,62
FN:187,RuleIdentityRegistryBase._detectTransferRestriction
FNDA:62,RuleIdentityRegistryBase._detectTransferRestriction
DA:197,62
BRDA:197,5,0,3
DA:198,3
DA:201,59
BRDA:201,6,0,3
DA:202,3
DA:206,56
BRDA:206,7,0,1
DA:207,1
DA:212,55
BRDA:212,8,0,6
DA:213,6
DA:215,49
DA:226,31
FN:226,RuleIdentityRegistryBase._detectTransferRestrictionFrom
FNDA:31,RuleIdentityRegistryBase._detectTransferRestrictionFrom
DA:232,31
BRDA:232,9,0,1
DA:233,1
DA:236,30
BRDA:236,10,0,2
DA:237,2
DA:245,5
DA:246,4
DA:247,3
BRDA:247,11,0,3
DA:248,3
DA:250,25
DA:256,11
FN:256,RuleIdentityRegistryBase._transferred
FNDA:11,RuleIdentityRegistryBase._transferred
DA:257,11
DA:258,11
BRDA:258,12,0,1
BRDA:258,12,1,10
DA:267,13
FN:267,RuleIdentityRegistryBase._transferredFrom
FNDA:13,RuleIdentityRegistryBase._transferredFrom
DA:268,13
DA:269,13
BRDA:269,13,0,2
BRDA:269,13,1,11
FNF:15
FNH:14
LF:64
LH:63
BRF:19
BRH:19
end_of_record
TN:
SF:src/rules/validation/abstract/base/RuleMaxTotalSupplyBase.sol
DA:36,550
FN:36,RuleMaxTotalSupplyBase.constructor
FNDA:550,RuleMaxTotalSupplyBase.constructor
DA:37,550
DA:38,547
DA:39,547
DA:51,3
FN:51,RuleMaxTotalSupplyBase.canReturnTransferRestrictionCode
FNDA:3,RuleMaxTotalSupplyBase.canReturnTransferRestrictionCode
DA:52,3
DA:63,260
FN:63,RuleMaxTotalSupplyBase.setMaxTotalSupply
FNDA:260,RuleMaxTotalSupplyBase.setMaxTotalSupply
DA:64,258
DA:65,258
DA:72,8
FN:72,RuleMaxTotalSupplyBase.setTokenContract
FNDA:8,RuleMaxTotalSupplyBase.setTokenContract
DA:73,6
DA:74,3
DA:75,3
DA:81,3
FN:81,RuleMaxTotalSupplyBase.transferred.0
FNDA:3,RuleMaxTotalSupplyBase.transferred.0
DA:82,3
DA:88,2
FN:88,RuleMaxTotalSupplyBase.transferred.1
FNDA:2,RuleMaxTotalSupplyBase.transferred.1
DA:89,2
DA:95,3
FN:95,RuleMaxTotalSupplyBase.messageForTransferRestriction
FNDA:3,RuleMaxTotalSupplyBase.messageForTransferRestriction
DA:101,3
BRDA:101,0,0,1
BRDA:101,0,1,1
DA:102,1
DA:103,2
BRDA:103,1,0,1
DA:104,1
DA:106,1
DA:113,260
FN:113,RuleMaxTotalSupplyBase.onlyMaxTotalSupplyManager
FNDA:260,RuleMaxTotalSupplyBase.onlyMaxTotalSupplyManager
DA:114,260
DA:121,0
FN:121,RuleMaxTotalSupplyBase._authorizeMaxTotalSupplyManager
FNDA:0,RuleMaxTotalSupplyBase._authorizeMaxTotalSupplyManager
DA:135,556
FN:135,RuleMaxTotalSupplyBase._validateTokenContract
FNDA:556,RuleMaxTotalSupplyBase._validateTokenContract
DA:136,556
BRDA:136,2,0,2
BRDA:136,2,1,554
DA:137,554
BRDA:137,3,0,2
BRDA:137,3,1,552
DA:138,552
BRDA:138,4,0,552
DA:139,2
BRDA:139,4,1,2
DA:140,2
DA:157,788
FN:157,RuleMaxTotalSupplyBase._currentSupply
FNDA:788,RuleMaxTotalSupplyBase._currentSupply
DA:158,788
DA:159,788
BRDA:159,5,0,788
DA:160,784
DA:161,4
BRDA:161,5,1,4
DA:162,4
DA:169,793
FN:169,RuleMaxTotalSupplyBase._detectTransferRestriction
FNDA:793,RuleMaxTotalSupplyBase._detectTransferRestriction
DA:180,793
BRDA:180,6,0,788
DA:181,788
DA:182,788
BRDA:182,7,0,4
DA:183,4
DA:187,784
BRDA:187,8,0,452
DA:188,452
DA:191,337
DA:197,4
FN:197,RuleMaxTotalSupplyBase._detectTransferRestrictionFrom
FNDA:4,RuleMaxTotalSupplyBase._detectTransferRestrictionFrom
DA:203,4
DA:212,3
FN:212,RuleMaxTotalSupplyBase._transferred
FNDA:3,RuleMaxTotalSupplyBase._transferred
DA:213,3
DA:214,3
BRDA:214,9,0,2
BRDA:214,9,1,1
DA:227,2
FN:227,RuleMaxTotalSupplyBase._transferredFrom
FNDA:2,RuleMaxTotalSupplyBase._transferredFrom
DA:228,2
DA:229,2
BRDA:229,10,0,1
BRDA:229,10,1,1
FNF:15
FNH:14
LF:54
LH:53
BRF:18
BRH:18
end_of_record
TN:
SF:src/rules/validation/abstract/base/RuleSanctionsListBase.sol
DA:32,49
FN:32,RuleSanctionsListBase.constructor
FNDA:49,RuleSanctionsListBase.constructor
DA:35,48
BRDA:35,0,0,21
DA:36,21
DA:47,3
FN:47,RuleSanctionsListBase.canReturnTransferRestrictionCode
FNDA:3,RuleSanctionsListBase.canReturnTransferRestrictionCode
DA:48,3
DA:49,1
DA:61,18
FN:61,RuleSanctionsListBase.setSanctionListOracle
FNDA:18,RuleSanctionsListBase.setSanctionListOracle
DA:62,16
BRDA:62,1,0,1
BRDA:62,1,1,15
DA:63,15
DA:70,3
FN:70,RuleSanctionsListBase.clearSanctionListOracle
FNDA:3,RuleSanctionsListBase.clearSanctionListOracle
DA:71,3
DA:77,9
FN:77,RuleSanctionsListBase.transferred.0
FNDA:9,RuleSanctionsListBase.transferred.0
DA:78,9
DA:84,41
FN:84,RuleSanctionsListBase.transferred.1
FNDA:41,RuleSanctionsListBase.transferred.1
DA:85,41
DA:91,4
FN:91,RuleSanctionsListBase.messageForTransferRestriction
FNDA:4,RuleSanctionsListBase.messageForTransferRestriction
DA:97,4
BRDA:97,2,0,1
BRDA:97,2,1,1
DA:98,1
DA:99,3
BRDA:99,3,0,1
BRDA:99,3,1,1
DA:100,1
DA:101,2
BRDA:101,4,0,1
DA:102,1
DA:104,1
DA:111,3
FN:111,RuleSanctionsListBase.onlySanctionListManager
FNDA:3,RuleSanctionsListBase.onlySanctionListManager
DA:112,3
DA:124,39
FN:124,RuleSanctionsListBase._setSanctionListOracle
FNDA:39,RuleSanctionsListBase._setSanctionListOracle
DA:125,39
DA:126,39
DA:133,0
FN:133,RuleSanctionsListBase._authorizeSanctionListManager
FNDA:0,RuleSanctionsListBase._authorizeSanctionListManager
DA:141,119
FN:141,RuleSanctionsListBase._detectTransferRestriction
FNDA:119,RuleSanctionsListBase._detectTransferRestriction
DA:151,119
BRDA:151,5,0,112
DA:152,112
BRDA:152,6,0,27
BRDA:152,6,1,73
DA:153,27
DA:154,85
BRDA:154,7,0,12
DA:155,12
DA:158,80
DA:169,69
FN:169,RuleSanctionsListBase._detectTransferRestrictionFrom
FNDA:69,RuleSanctionsListBase._detectTransferRestrictionFrom
DA:176,69
BRDA:176,8,0,68
DA:177,68
BRDA:177,9,0,6
DA:178,6
DA:180,62
DA:182,1
DA:191,19
FN:191,RuleSanctionsListBase._transferred
FNDA:19,RuleSanctionsListBase._transferred
DA:192,19
DA:193,19
BRDA:193,10,0,10
BRDA:193,10,1,9
DA:206,48
FN:206,RuleSanctionsListBase._transferredFrom
FNDA:48,RuleSanctionsListBase._transferredFrom
DA:207,48
DA:208,48
BRDA:208,11,0,6
BRDA:208,11,1,42
FNF:14
FNH:13
LF:48
LH:47
BRF:18
BRH:18
end_of_record
TN:
SF:src/rules/validation/abstract/base/RuleSpenderWhitelistBase.sol
DA:38,2
FN:38,RuleSpenderWhitelistBase.canReturnTransferRestrictionCode
FNDA:2,RuleSpenderWhitelistBase.canReturnTransferRestrictionCode
DA:39,2
DA:49,3
FN:49,RuleSpenderWhitelistBase.transferred.0
FNDA:3,RuleSpenderWhitelistBase.transferred.0
DA:54,6
FN:54,RuleSpenderWhitelistBase.transferred.1
FNDA:6,RuleSpenderWhitelistBase.transferred.1
DA:55,6
DA:61,2
FN:61,RuleSpenderWhitelistBase.messageForTransferRestriction
FNDA:2,RuleSpenderWhitelistBase.messageForTransferRestriction
DA:67,2
BRDA:67,0,0,1
DA:68,1
DA:70,1
DA:76,8
FN:76,RuleSpenderWhitelistBase.supportsInterface
FNDA:8,RuleSpenderWhitelistBase.supportsInterface
DA:79,8
DA:80,6
DA:91,12
FN:91,RuleSpenderWhitelistBase._detectTransferRestriction
FNDA:12,RuleSpenderWhitelistBase._detectTransferRestriction
DA:92,12
DA:102,35
FN:102,RuleSpenderWhitelistBase._detectTransferRestrictionFrom
FNDA:35,RuleSpenderWhitelistBase._detectTransferRestrictionFrom
DA:111,35
BRDA:111,1,0,13
DA:112,13
DA:114,22
DA:120,9
FN:120,RuleSpenderWhitelistBase._transferred
FNDA:9,RuleSpenderWhitelistBase._transferred
DA:131,17
FN:131,RuleSpenderWhitelistBase._transferredFrom
FNDA:17,RuleSpenderWhitelistBase._transferredFrom
DA:132,17
DA:133,17
BRDA:133,2,0,7
BRDA:133,2,1,10
FNF:9
FNH:9
LF:22
LH:22
BRF:4
BRH:4
end_of_record
TN:
SF:src/rules/validation/abstract/base/RuleWhitelistBase.sol
DA:32,188
FN:32,RuleWhitelistBase.constructor
FNDA:188,RuleWhitelistBase.constructor
DA:35,188
DA:36,188
DA:48,3
FN:48,RuleWhitelistBase.setCheckSpender
FNDA:3,RuleWhitelistBase.setCheckSpender
DA:49,2
DA:50,2
DA:56,6
FN:56,RuleWhitelistBase.isVerified
FNDA:6,RuleWhitelistBase.isVerified
DA:63,6
DA:69,35
FN:69,RuleWhitelistBase.supportsInterface
FNDA:35,RuleWhitelistBase.supportsInterface
DA:72,35
DA:73,33
DA:80,3
FN:80,RuleWhitelistBase.onlyCheckSpenderManager
FNDA:3,RuleWhitelistBase.onlyCheckSpenderManager
DA:81,3
DA:93,2
FN:93,RuleWhitelistBase._setCheckSpender
FNDA:2,RuleWhitelistBase._setCheckSpender
DA:94,2
DA:101,0
FN:101,RuleWhitelistBase._authorizeCheckSpenderManager
FNDA:0,RuleWhitelistBase._authorizeCheckSpenderManager
DA:109,100
FN:109,RuleWhitelistBase._detectTransferRestriction
FNDA:100,RuleWhitelistBase._detectTransferRestriction
DA:120,100
DA:121,100
DA:124,100
DA:125,100
BRDA:125,0,0,7
DA:126,7
DA:131,93
BRDA:131,1,0,30
DA:132,30
DA:134,63
BRDA:134,2,0,11
DA:135,11
DA:137,52
DA:148,38
FN:148,RuleWhitelistBase._detectTransferRestrictionFrom
FNDA:38,RuleWhitelistBase._detectTransferRestrictionFrom
DA:157,38
BRDA:157,3,0,8
DA:158,8
DA:160,30
FNF:9
FNH:8
LF:31
LH:30
BRF:4
BRH:4
end_of_record
TN:
SF:src/rules/validation/abstract/base/RuleWhitelistWrapperBase.sol
DA:37,57
FN:37,RuleWhitelistWrapperBase.constructor
FNDA:57,RuleWhitelistWrapperBase.constructor
DA:40,57
DA:41,57
DA:48,4
FN:48,RuleWhitelistWrapperBase.onlyCheckSpenderManager
FNDA:4,RuleWhitelistWrapperBase.onlyCheckSpenderManager
DA:49,4
DA:65,4
FN:65,RuleWhitelistWrapperBase.setCheckSpender
FNDA:4,RuleWhitelistWrapperBase.setCheckSpender
DA:66,3
DA:67,3
DA:73,49
FN:73,RuleWhitelistWrapperBase.supportsInterface
FNDA:49,RuleWhitelistWrapperBase.supportsInterface
DA:74,49
DA:83,7
FN:83,RuleWhitelistWrapperBase.isVerified
FNDA:7,RuleWhitelistWrapperBase.isVerified
DA:84,7
DA:85,7
DA:86,7
DA:87,7
DA:98,3
FN:98,RuleWhitelistWrapperBase._setCheckSpender
FNDA:3,RuleWhitelistWrapperBase._setCheckSpender
DA:99,3
DA:108,0
FN:108,RuleWhitelistWrapperBase._authorizeCheckSpenderManager
FNDA:0,RuleWhitelistWrapperBase._authorizeCheckSpenderManager
DA:117,66
FN:117,RuleWhitelistWrapperBase._detectTransferRestriction
FNDA:66,RuleWhitelistWrapperBase._detectTransferRestriction
DA:129,66
DA:130,66
BRDA:130,0,0,4
DA:131,4
DA:134,62
DA:135,62
DA:142,62
BRDA:142,1,0,2
DA:143,2
DA:145,3
BRDA:145,2,0,3
DA:146,3
BRDA:146,3,0,1
DA:147,1
DA:149,2
DA:151,2
BRDA:151,4,0,2
DA:152,2
BRDA:152,5,0,1
DA:153,1
DA:155,1
DA:158,55
DA:159,55
DA:160,55
DA:162,55
DA:163,54
BRDA:163,6,0,22
BRDA:163,6,1,24
DA:164,22
DA:165,32
BRDA:165,7,0,8
BRDA:165,7,1,24
DA:166,8
DA:168,24
DA:177,5
FN:177,RuleWhitelistWrapperBase._isListedInAnyChild
FNDA:5,RuleWhitelistWrapperBase._isListedInAnyChild
DA:178,5
DA:179,5
DA:180,5
DA:191,37
FN:191,RuleWhitelistWrapperBase._detectTransferRestrictionFrom
FNDA:37,RuleWhitelistWrapperBase._detectTransferRestrictionFrom
DA:200,37
BRDA:200,8,0,2
DA:201,2
DA:204,35
DA:205,35
DA:206,35
DA:207,35
DA:209,35
DA:211,35
BRDA:211,9,0,9
BRDA:211,9,1,17
DA:212,9
DA:213,26
BRDA:213,10,0,1
BRDA:213,10,1,17
DA:214,1
DA:215,25
BRDA:215,11,0,8
BRDA:215,11,1,17
DA:216,8
DA:218,17
DA:230,20
FN:230,RuleWhitelistWrapperBase._transferred.0
FNDA:20,RuleWhitelistWrapperBase._transferred.0
DA:236,20
DA:246,1
FN:246,RuleWhitelistWrapperBase._transferred.1
FNDA:1,RuleWhitelistWrapperBase._transferred.1
DA:252,1
DA:260,102
FN:260,RuleWhitelistWrapperBase._detectTransferRestrictionForTargets
FNDA:102,RuleWhitelistWrapperBase._detectTransferRestrictionForTargets
DA:266,102
DA:267,102
DA:268,102
DA:271,153
DA:272,152
DA:273,160
BRDA:273,12,0,160
DA:274,160
DA:279,152
DA:280,152
DA:281,278
BRDA:281,13,0,105
DA:282,105
DA:283,105
DA:286,47
BRDA:286,14,0,47
DA:287,47
DA:290,101
DA:301,175
FN:301,RuleWhitelistWrapperBase._msgSender
FNDA:175,RuleWhitelistWrapperBase._msgSender
DA:302,175
DA:309,2
FN:309,RuleWhitelistWrapperBase._msgData
FNDA:2,RuleWhitelistWrapperBase._msgData
DA:310,2
DA:317,177
FN:317,RuleWhitelistWrapperBase._contextSuffixLength
FNDA:177,RuleWhitelistWrapperBase._contextSuffixLength
DA:318,177
FNF:16
FNH:15
LF:88
LH:87
BRF:20
BRH:20
end_of_record
TN:
SF:src/rules/validation/abstract/core/RuleNFTAdapter.sol
DA:46,34
FN:46,RuleNFTAdapter.transferred.0
FNDA:34,RuleNFTAdapter.transferred.0
DA:47,34
BRDA:47,0,0,17
BRDA:47,0,1,17
DA:48,17
DA:50,17
DA:57,36
FN:57,RuleNFTAdapter.transferred.1
FNDA:36,RuleNFTAdapter.transferred.1
DA:58,36
BRDA:58,1,0,17
BRDA:58,1,1,19
DA:59,17
DA:61,19
DA:72,28
FN:72,RuleNFTAdapter.transferred.2
FNDA:28,RuleNFTAdapter.transferred.2
DA:83,28
DA:89,23
FN:89,RuleNFTAdapter.transferred.3
FNDA:23,RuleNFTAdapter.transferred.3
DA:101,23
DA:107,31
FN:107,RuleNFTAdapter.detectTransferRestriction
FNDA:31,RuleNFTAdapter.detectTransferRestriction
DA:120,31
DA:126,27
FN:126,RuleNFTAdapter.detectTransferRestrictionFrom
FNDA:27,RuleNFTAdapter.detectTransferRestrictionFrom
DA:140,27
DA:146,29
FN:146,RuleNFTAdapter.canTransfer
FNDA:29,RuleNFTAdapter.canTransfer
DA:158,29
DA:164,25
FN:164,RuleNFTAdapter.canTransferFrom
FNDA:25,RuleNFTAdapter.canTransferFrom
DA:178,25
DA:192,0
FN:192,RuleNFTAdapter._transferred
FNDA:0,RuleNFTAdapter._transferred
DA:201,0
FN:201,RuleNFTAdapter._transferredFrom
FNDA:0,RuleNFTAdapter._transferredFrom
FNF:10
FNH:8
LF:22
LH:20
BRF:4
BRH:4
end_of_record
TN:
SF:src/rules/validation/abstract/core/RuleTransferValidation.sol
DA:36,1502
FN:36,RuleTransferValidation.detectTransferRestriction
FNDA:1502,RuleTransferValidation.detectTransferRestriction
DA:43,1502
DA:49,62
FN:49,RuleTransferValidation.detectTransferRestrictionFrom
FNDA:62,RuleTransferValidation.detectTransferRestrictionFrom
DA:56,62
DA:67,41
FN:67,RuleTransferValidation.canTransfer
FNDA:41,RuleTransferValidation.canTransfer
DA:73,41
DA:79,32
FN:79,RuleTransferValidation.canTransferFrom
FNDA:32,RuleTransferValidation.canTransferFrom
DA:86,32
DA:95,248
FN:95,RuleTransferValidation.supportsInterface
FNDA:248,RuleTransferValidation.supportsInterface
DA:96,248
DA:97,246
DA:98,244
DA:99,141
DA:113,0
FN:113,RuleTransferValidation._detectTransferRestriction
FNDA:0,RuleTransferValidation._detectTransferRestriction
DA:127,0
FN:127,RuleTransferValidation._detectTransferRestrictionFrom
FNDA:0,RuleTransferValidation._detectTransferRestrictionFrom
FNF:7
FNH:5
LF:15
LH:13
BRF:0
BRH:0
end_of_record
TN:
SF:src/rules/validation/abstract/core/RuleWhitelistShared.sol
DA:46,13
FN:46,RuleWhitelistShared.onlyMintBurnManager
FNDA:13,RuleWhitelistShared.onlyMintBurnManager
DA:47,13
DA:62,10
FN:62,RuleWhitelistShared.canReturnTransferRestrictionCode
FNDA:10,RuleWhitelistShared.canReturnTransferRestrictionCode
DA:63,10
DA:64,5
DA:65,2
DA:66,2
DA:76,19
FN:76,RuleWhitelistShared.messageForTransferRestriction
FNDA:19,RuleWhitelistShared.messageForTransferRestriction
DA:82,19
BRDA:82,0,0,6
BRDA:82,0,1,2
DA:83,6
DA:84,13
BRDA:84,1,0,4
BRDA:84,1,1,2
DA:85,4
DA:86,9
BRDA:86,2,0,2
BRDA:86,2,1,2
DA:87,2
DA:88,7
BRDA:88,3,0,3
BRDA:88,3,1,2
DA:89,3
DA:90,4
BRDA:90,4,0,2
BRDA:90,4,1,2
DA:91,2
DA:93,2
DA:105,13
FN:105,RuleWhitelistShared.setAllowMint
FNDA:13,RuleWhitelistShared.setAllowMint
DA:106,10
DA:107,10
DA:114,7
FN:114,RuleWhitelistShared.setAllowBurn
FNDA:7,RuleWhitelistShared.setAllowBurn
DA:115,5
DA:116,5
DA:130,19
FN:130,RuleWhitelistShared.transferred.0
FNDA:19,RuleWhitelistShared.transferred.0
DA:131,19
DA:145,13
FN:145,RuleWhitelistShared.transferred.1
FNDA:13,RuleWhitelistShared.transferred.1
DA:146,13
DA:158,245
FN:158,RuleWhitelistShared._setAllowMintBurn
FNDA:245,RuleWhitelistShared._setAllowMintBurn
DA:159,245
DA:160,245
DA:161,245
DA:162,245
DA:172,166
FN:172,RuleWhitelistShared._detectMintBurnRestriction
FNDA:166,RuleWhitelistShared._detectMintBurnRestriction
DA:173,166
BRDA:173,5,0,8
DA:174,8
DA:176,158
BRDA:176,6,0,3
DA:177,3
DA:179,155
DA:185,0
FN:185,RuleWhitelistShared._authorizeMintBurnManager
FNDA:0,RuleWhitelistShared._authorizeMintBurnManager
DA:190,40
FN:190,RuleWhitelistShared._transferred
FNDA:40,RuleWhitelistShared._transferred
DA:191,40
DA:192,40
BRDA:192,7,0,22
BRDA:192,7,1,18
DA:201,32
FN:201,RuleWhitelistShared._transferredFrom
FNDA:32,RuleWhitelistShared._transferredFrom
DA:202,32
DA:203,32
BRDA:203,8,0,12
BRDA:203,8,1,20
FNF:12
FNH:11
LF:47
LH:46
BRF:16
BRH:16
end_of_record
TN:
SF:src/rules/validation/deployment/RuleBlacklist.sol
DA:37,92
FN:37,RuleBlacklist.supportsInterface
FNDA:92,RuleBlacklist.supportsInterface
DA:44,92
DA:45,62
DA:55,30
FN:55,RuleBlacklist._authorizeAddressListAdd
FNDA:30,RuleBlacklist._authorizeAddressListAdd
DA:60,1
FN:60,RuleBlacklist._authorizeAddressListRemove
FNDA:1,RuleBlacklist._authorizeAddressListRemove
DA:70,88
FN:70,RuleBlacklist._msgSender
FNDA:88,RuleBlacklist._msgSender
DA:71,88
DA:78,1
FN:78,RuleBlacklist._msgData
FNDA:1,RuleBlacklist._msgData
DA:79,1
DA:86,89
FN:86,RuleBlacklist._contextSuffixLength
FNDA:89,RuleBlacklist._contextSuffixLength
DA:87,89
FNF:6
FNH:6
LF:11
LH:11
BRF:0
BRH:0
end_of_record
TN:
SF:src/rules/validation/deployment/RuleBlacklistOwnable2Step.sol
DA:36,6
FN:36,RuleBlacklistOwnable2Step.supportsInterface
FNDA:6,RuleBlacklistOwnable2Step.supportsInterface
DA:43,6
DA:44,3
DA:54,2
FN:54,RuleBlacklistOwnable2Step._authorizeAddressListAdd
FNDA:2,RuleBlacklistOwnable2Step._authorizeAddressListAdd
DA:59,2
FN:59,RuleBlacklistOwnable2Step._authorizeAddressListRemove
FNDA:2,RuleBlacklistOwnable2Step._authorizeAddressListRemove
DA:69,12
FN:69,RuleBlacklistOwnable2Step._msgSender
FNDA:12,RuleBlacklistOwnable2Step._msgSender
DA:70,12
DA:77,1
FN:77,RuleBlacklistOwnable2Step._msgData
FNDA:1,RuleBlacklistOwnable2Step._msgData
DA:78,1
DA:85,13
FN:85,RuleBlacklistOwnable2Step._contextSuffixLength
FNDA:13,RuleBlacklistOwnable2Step._contextSuffixLength
DA:86,13
FNF:6
FNH:6
LF:11
LH:11
BRF:0
BRH:0
end_of_record
TN:
SF:src/rules/validation/deployment/RuleChainlinkPoR.sol
DA:47,21
FN:47,RuleChainlinkPoR.supportsInterface
FNDA:21,RuleChainlinkPoR.supportsInterface
DA:54,21
DA:55,14
DA:65,19
FN:65,RuleChainlinkPoR._authorizeChainlinkPoRManager
FNDA:19,RuleChainlinkPoR._authorizeChainlinkPoRManager
FNF:2
FNH:2
LF:4
LH:4
BRF:0
BRH:0
end_of_record
TN:
SF:src/rules/validation/deployment/RuleChainlinkPoROwnable2Step.sol
DA:44,5
FN:44,RuleChainlinkPoROwnable2Step.supportsInterface
FNDA:5,RuleChainlinkPoROwnable2Step.supportsInterface
DA:51,5
DA:52,4
DA:62,6
FN:62,RuleChainlinkPoROwnable2Step._authorizeChainlinkPoRManager
FNDA:6,RuleChainlinkPoROwnable2Step._authorizeChainlinkPoRManager
FNF:2
FNH:2
LF:4
LH:4
BRF:0
BRH:0
end_of_record
TN:
SF:src/rules/validation/deployment/RuleERC2980.sol
DA:56,1
FN:56,RuleERC2980.supportsInterface
FNDA:1,RuleERC2980.supportsInterface
DA:63,1
DA:73,5
FN:73,RuleERC2980._authorizeMintBurnManager
FNDA:5,RuleERC2980._authorizeMintBurnManager
DA:78,48
FN:78,RuleERC2980._authorizeWhitelistAdd
FNDA:48,RuleERC2980._authorizeWhitelistAdd
DA:83,8
FN:83,RuleERC2980._authorizeWhitelistRemove
FNDA:8,RuleERC2980._authorizeWhitelistRemove
DA:88,24
FN:88,RuleERC2980._authorizeFrozenlistAdd
FNDA:24,RuleERC2980._authorizeFrozenlistAdd
DA:93,7
FN:93,RuleERC2980._authorizeFrozenlistRemove
FNDA:7,RuleERC2980._authorizeFrozenlistRemove
DA:103,259
FN:103,RuleERC2980._msgSender
FNDA:259,RuleERC2980._msgSender
DA:104,259
DA:111,1
FN:111,RuleERC2980._msgData
FNDA:1,RuleERC2980._msgData
DA:112,1
DA:119,260
FN:119,RuleERC2980._contextSuffixLength
FNDA:260,RuleERC2980._contextSuffixLength
DA:120,260
FNF:9
FNH:9
LF:13
LH:13
BRF:0
BRH:0
end_of_record
TN:
SF:src/rules/validation/deployment/RuleERC2980Ownable2Step.sol
DA:39,5
FN:39,RuleERC2980Ownable2Step.supportsInterface
FNDA:5,RuleERC2980Ownable2Step.supportsInterface
DA:46,5
DA:56,3
FN:56,RuleERC2980Ownable2Step._authorizeMintBurnManager
FNDA:3,RuleERC2980Ownable2Step._authorizeMintBurnManager
DA:61,7
FN:61,RuleERC2980Ownable2Step._authorizeWhitelistAdd
FNDA:7,RuleERC2980Ownable2Step._authorizeWhitelistAdd
DA:66,3
FN:66,RuleERC2980Ownable2Step._authorizeWhitelistRemove
FNDA:3,RuleERC2980Ownable2Step._authorizeWhitelistRemove
DA:71,6
FN:71,RuleERC2980Ownable2Step._authorizeFrozenlistAdd
FNDA:6,RuleERC2980Ownable2Step._authorizeFrozenlistAdd
DA:76,2
FN:76,RuleERC2980Ownable2Step._authorizeFrozenlistRemove
FNDA:2,RuleERC2980Ownable2Step._authorizeFrozenlistRemove
DA:86,34
FN:86,RuleERC2980Ownable2Step._msgSender
FNDA:34,RuleERC2980Ownable2Step._msgSender
DA:87,34
DA:94,1
FN:94,RuleERC2980Ownable2Step._msgData
FNDA:1,RuleERC2980Ownable2Step._msgData
DA:95,1
DA:102,35
FN:102,RuleERC2980Ownable2Step._contextSuffixLength
FNDA:35,RuleERC2980Ownable2Step._contextSuffixLength
DA:103,35
FNF:9
FNH:9
LF:13
LH:13
BRF:0
BRH:0
end_of_record
TN:
SF:src/rules/validation/deployment/RuleIdentityRegistry.sol
DA:45,27
FN:45,RuleIdentityRegistry.supportsInterface
FNDA:27,RuleIdentityRegistry.supportsInterface
DA:52,27
DA:53,18
DA:63,12
FN:63,RuleIdentityRegistry._authorizeIdentityRegistryManager
FNDA:12,RuleIdentityRegistry._authorizeIdentityRegistryManager
FNF:2
FNH:2
LF:4
LH:4
BRF:0
BRH:0
end_of_record
TN:
SF:src/rules/validation/deployment/RuleIdentityRegistryOwnable2Step.sol
DA:45,5
FN:45,RuleIdentityRegistryOwnable2Step.supportsInterface
FNDA:5,RuleIdentityRegistryOwnable2Step.supportsInterface
DA:52,5
DA:53,2
DA:63,4
FN:63,RuleIdentityRegistryOwnable2Step._authorizeIdentityRegistryManager
FNDA:4,RuleIdentityRegistryOwnable2Step._authorizeIdentityRegistryManager
FNF:2
FNH:2
LF:4
LH:4
BRF:0
BRH:0
end_of_record
TN:
SF:src/rules/validation/deployment/RuleMaxTotalSupply.sol
DA:37,19
FN:37,RuleMaxTotalSupply.supportsInterface
FNDA:19,RuleMaxTotalSupply.supportsInterface
DA:44,19
DA:45,13
DA:55,264
FN:55,RuleMaxTotalSupply._authorizeMaxTotalSupplyManager
FNDA:264,RuleMaxTotalSupply._authorizeMaxTotalSupplyManager
FNF:2
FNH:2
LF:4
LH:4
BRF:0
BRH:0
end_of_record
TN:
SF:src/rules/validation/deployment/RuleMaxTotalSupplyOwnable2Step.sol
DA:39,5
FN:39,RuleMaxTotalSupplyOwnable2Step.supportsInterface
FNDA:5,RuleMaxTotalSupplyOwnable2Step.supportsInterface
DA:46,5
DA:47,2
DA:57,4
FN:57,RuleMaxTotalSupplyOwnable2Step._authorizeMaxTotalSupplyManager
FNDA:4,RuleMaxTotalSupplyOwnable2Step._authorizeMaxTotalSupplyManager
FNF:2
FNH:2
LF:4
LH:4
BRF:0
BRH:0
end_of_record
TN:
SF:src/rules/validation/deployment/RuleSanctionsList.sol
DA:40,58
FN:40,RuleSanctionsList.supportsInterface
FNDA:58,RuleSanctionsList.supportsInterface
DA:47,58
DA:48,39
DA:58,18
FN:58,RuleSanctionsList._authorizeSanctionListManager
FNDA:18,RuleSanctionsList._authorizeSanctionListManager
DA:68,60
FN:68,RuleSanctionsList._msgSender
FNDA:60,RuleSanctionsList._msgSender
DA:69,60
DA:76,1
FN:76,RuleSanctionsList._msgData
FNDA:1,RuleSanctionsList._msgData
DA:77,1
DA:84,61
FN:84,RuleSanctionsList._contextSuffixLength
FNDA:61,RuleSanctionsList._contextSuffixLength
DA:85,61
FNF:5
FNH:5
LF:10
LH:10
BRF:0
BRH:0
end_of_record
TN:
SF:src/rules/validation/deployment/RuleSanctionsListOwnable2Step.sol
DA:42,5
FN:42,RuleSanctionsListOwnable2Step.supportsInterface
FNDA:5,RuleSanctionsListOwnable2Step.supportsInterface
DA:49,5
DA:50,2
DA:60,3
FN:60,RuleSanctionsListOwnable2Step._authorizeSanctionListManager
FNDA:3,RuleSanctionsListOwnable2Step._authorizeSanctionListManager
DA:70,11
FN:70,RuleSanctionsListOwnable2Step._msgSender
FNDA:11,RuleSanctionsListOwnable2Step._msgSender
DA:71,11
DA:78,1
FN:78,RuleSanctionsListOwnable2Step._msgData
FNDA:1,RuleSanctionsListOwnable2Step._msgData
DA:79,1
DA:86,13
FN:86,RuleSanctionsListOwnable2Step._contextSuffixLength
FNDA:13,RuleSanctionsListOwnable2Step._contextSuffixLength
DA:87,13
FNF:5
FNH:5
LF:10
LH:10
BRF:0
BRH:0
end_of_record
TN:
SF:src/rules/validation/deployment/RuleSpenderWhitelist.sol
DA:38,6
FN:38,RuleSpenderWhitelist.supportsInterface
FNDA:6,RuleSpenderWhitelist.supportsInterface
DA:45,6
DA:46,5
DA:56,7
FN:56,RuleSpenderWhitelist._authorizeAddressListAdd
FNDA:7,RuleSpenderWhitelist._authorizeAddressListAdd
DA:61,2
FN:61,RuleSpenderWhitelist._authorizeAddressListRemove
FNDA:2,RuleSpenderWhitelist._authorizeAddressListRemove
DA:71,38
FN:71,RuleSpenderWhitelist._msgSender
FNDA:38,RuleSpenderWhitelist._msgSender
DA:72,38
DA:79,1
FN:79,RuleSpenderWhitelist._msgData
FNDA:1,RuleSpenderWhitelist._msgData
DA:80,1
DA:87,40
FN:87,RuleSpenderWhitelist._contextSuffixLength
FNDA:40,RuleSpenderWhitelist._contextSuffixLength
DA:88,40
FNF:6
FNH:6
LF:11
LH:11
BRF:0
BRH:0
end_of_record
TN:
SF:src/rules/validation/deployment/RuleSpenderWhitelistOwnable2Step.sol
DA:39,6
FN:39,RuleSpenderWhitelistOwnable2Step.supportsInterface
FNDA:6,RuleSpenderWhitelistOwnable2Step.supportsInterface
DA:46,6
DA:47,3
DA:57,2
FN:57,RuleSpenderWhitelistOwnable2Step._authorizeAddressListAdd
FNDA:2,RuleSpenderWhitelistOwnable2Step._authorizeAddressListAdd
DA:62,2
FN:62,RuleSpenderWhitelistOwnable2Step._authorizeAddressListRemove
FNDA:2,RuleSpenderWhitelistOwnable2Step._authorizeAddressListRemove
DA:72,10
FN:72,RuleSpenderWhitelistOwnable2Step._msgSender
FNDA:10,RuleSpenderWhitelistOwnable2Step._msgSender
DA:73,10
DA:80,1
FN:80,RuleSpenderWhitelistOwnable2Step._msgData
FNDA:1,RuleSpenderWhitelistOwnable2Step._msgData
DA:81,1
DA:88,12
FN:88,RuleSpenderWhitelistOwnable2Step._contextSuffixLength
FNDA:12,RuleSpenderWhitelistOwnable2Step._contextSuffixLength
DA:89,12
FNF:6
FNH:6
LF:11
LH:11
BRF:0
BRH:0
end_of_record
TN:
SF:src/rules/validation/deployment/RuleWhitelist.sol
DA:47,47
FN:47,RuleWhitelist.supportsInterface
FNDA:47,RuleWhitelist.supportsInterface
DA:54,47
DA:55,32
DA:65,1
FN:65,RuleWhitelist._authorizeCheckSpenderManager
FNDA:1,RuleWhitelist._authorizeCheckSpenderManager
DA:70,10
FN:70,RuleWhitelist._authorizeMintBurnManager
FNDA:10,RuleWhitelist._authorizeMintBurnManager
DA:75,367
FN:75,RuleWhitelist._authorizeAddressListAdd
FNDA:367,RuleWhitelist._authorizeAddressListAdd
DA:80,263
FN:80,RuleWhitelist._authorizeAddressListRemove
FNDA:263,RuleWhitelist._authorizeAddressListRemove
DA:90,827
FN:90,RuleWhitelist._msgSender
FNDA:827,RuleWhitelist._msgSender
DA:91,827
DA:98,1
FN:98,RuleWhitelist._msgData
FNDA:1,RuleWhitelist._msgData
DA:99,1
DA:106,828
FN:106,RuleWhitelist._contextSuffixLength
FNDA:828,RuleWhitelist._contextSuffixLength
DA:107,828
FNF:8
FNH:8
LF:13
LH:13
BRF:0
BRH:0
end_of_record
TN:
SF:src/rules/validation/deployment/RuleWhitelistOwnable2Step.sol
DA:40,6
FN:40,RuleWhitelistOwnable2Step.supportsInterface
FNDA:6,RuleWhitelistOwnable2Step.supportsInterface
DA:47,6
DA:48,3
DA:58,2
FN:58,RuleWhitelistOwnable2Step._authorizeAddressListAdd
FNDA:2,RuleWhitelistOwnable2Step._authorizeAddressListAdd
DA:63,2
FN:63,RuleWhitelistOwnable2Step._authorizeAddressListRemove
FNDA:2,RuleWhitelistOwnable2Step._authorizeAddressListRemove
DA:68,2
FN:68,RuleWhitelistOwnable2Step._authorizeCheckSpenderManager
FNDA:2,RuleWhitelistOwnable2Step._authorizeCheckSpenderManager
DA:73,3
FN:73,RuleWhitelistOwnable2Step._authorizeMintBurnManager
FNDA:3,RuleWhitelistOwnable2Step._authorizeMintBurnManager
DA:83,19
FN:83,RuleWhitelistOwnable2Step._msgSender
FNDA:19,RuleWhitelistOwnable2Step._msgSender
DA:84,19
DA:91,1
FN:91,RuleWhitelistOwnable2Step._msgData
FNDA:1,RuleWhitelistOwnable2Step._msgData
DA:92,1
DA:99,20
FN:99,RuleWhitelistOwnable2Step._contextSuffixLength
FNDA:20,RuleWhitelistOwnable2Step._contextSuffixLength
DA:100,20
FNF:8
FNH:8
LF:13
LH:13
BRF:0
BRH:0
end_of_record
TN:
SF:src/rules/validation/deployment/RuleWhitelistWrapper.sol
DA:47,49
FN:47,RuleWhitelistWrapper.hasRole
FNDA:49,RuleWhitelistWrapper.hasRole
DA:48,159
DA:56,47
FN:56,RuleWhitelistWrapper.supportsInterface
FNDA:47,RuleWhitelistWrapper.supportsInterface
DA:63,47
DA:64,32
DA:77,49
FN:77,RuleWhitelistWrapper._grantRole
FNDA:49,RuleWhitelistWrapper._grantRole
DA:78,49
DA:87,1
FN:87,RuleWhitelistWrapper._revokeRole
FNDA:1,RuleWhitelistWrapper._revokeRole
DA:88,1
DA:98,2
FN:98,RuleWhitelistWrapper._authorizeCheckSpenderManager
FNDA:2,RuleWhitelistWrapper._authorizeCheckSpenderManager
DA:103,4
FN:103,RuleWhitelistWrapper._authorizeMintBurnManager
FNDA:4,RuleWhitelistWrapper._authorizeMintBurnManager
DA:109,98
FN:109,RuleWhitelistWrapper._onlyRulesManager
FNDA:98,RuleWhitelistWrapper._onlyRulesManager
DA:114,2
FN:114,RuleWhitelistWrapper._onlyRulesLimitManager
FNDA:2,RuleWhitelistWrapper._onlyRulesLimitManager
DA:120,158
FN:120,RuleWhitelistWrapper._msgSender
FNDA:158,RuleWhitelistWrapper._msgSender
DA:121,158
DA:128,1
FN:128,RuleWhitelistWrapper._msgData
FNDA:1,RuleWhitelistWrapper._msgData
DA:129,1
DA:136,159
FN:136,RuleWhitelistWrapper._contextSuffixLength
FNDA:159,RuleWhitelistWrapper._contextSuffixLength
DA:143,159
FNF:11
FNH:11
LF:19
LH:19
BRF:0
BRH:0
end_of_record
TN:
SF:src/rules/validation/deployment/RuleWhitelistWrapperOwnable2Step.sol
DA:40,5
FN:40,RuleWhitelistWrapperOwnable2Step.supportsInterface
FNDA:5,RuleWhitelistWrapperOwnable2Step.supportsInterface
DA:47,5
DA:48,2
DA:58,2
FN:58,RuleWhitelistWrapperOwnable2Step._authorizeCheckSpenderManager
FNDA:2,RuleWhitelistWrapperOwnable2Step._authorizeCheckSpenderManager
DA:63,3
FN:63,RuleWhitelistWrapperOwnable2Step._authorizeMintBurnManager
FNDA:3,RuleWhitelistWrapperOwnable2Step._authorizeMintBurnManager
DA:69,2
FN:69,RuleWhitelistWrapperOwnable2Step._onlyRulesManager
FNDA:2,RuleWhitelistWrapperOwnable2Step._onlyRulesManager
DA:74,1
FN:74,RuleWhitelistWrapperOwnable2Step._onlyRulesLimitManager
FNDA:1,RuleWhitelistWrapperOwnable2Step._onlyRulesLimitManager
DA:84,17
FN:84,RuleWhitelistWrapperOwnable2Step._msgSender
FNDA:17,RuleWhitelistWrapperOwnable2Step._msgSender
DA:85,17
DA:92,1
FN:92,RuleWhitelistWrapperOwnable2Step._msgData
FNDA:1,RuleWhitelistWrapperOwnable2Step._msgData
DA:93,1
DA:100,18
FN:100,RuleWhitelistWrapperOwnable2Step._contextSuffixLength
FNDA:18,RuleWhitelistWrapperOwnable2Step._contextSuffixLength
DA:107,18
FNF:8
FNH:8
LF:13
LH:13
BRF:0
BRH:0
end_of_record
TN:
SF:test/RuleBlacklist/Ownable/RuleBlacklistOwnable2Step.t.sol
DA:10,2
FN:10,RuleBlacklistOwnable2StepTest._deployOwnable2Step
FNDA:2,RuleBlacklistOwnable2StepTest._deployOwnable2Step
DA:11,2
DA:12,2
DA:13,2
FNF:1
FNH:1
LF:4
LH:4
BRF:0
BRH:0
end_of_record
TN:
SF:test/RuleBlacklist/Ownable/RuleBlacklistOwnableAccessControl.t.sol
DA:9,2
FN:9,RuleBlacklistOwnable2StepAccessControl._deployAddressList
FNDA:2,RuleBlacklistOwnable2StepAccessControl._deployAddressList
DA:10,2
DA:11,2
DA:12,2
FNF:1
FNH:1
LF:4
LH:4
BRF:0
BRH:0
end_of_record
TN:
SF:test/RuleChainlinkPoR/Ownable/RuleChainlinkPoROwnable2Step.t.sol
DA:17,2
FN:17,RuleChainlinkPoROwnable2StepTest._deployOwnable2Step
FNDA:2,RuleChainlinkPoROwnable2StepTest._deployOwnable2Step
DA:18,2
DA:19,2
DA:20,2
DA:21,2
DA:24,2
FNF:1
FNH:1
LF:6
LH:6
BRF:0
BRH:0
end_of_record
TN:
SF:test/RuleChainlinkPoR/RuleChainlinkPoRUnit.t.sol
DA:627,1
FN:627,DecimalsOnlyMock.decimals
FNDA:1,DecimalsOnlyMock.decimals
DA:628,1
FNF:1
FNH:1
LF:2
LH:2
BRF:0
BRH:0
end_of_record
TN:
SF:test/RuleERC2980/Ownable/RuleERC2980Ownable2Step.t.sol
DA:10,2
FN:10,RuleERC2980Ownable2StepTest._deployOwnable2Step
FNDA:2,RuleERC2980Ownable2StepTest._deployOwnable2Step
DA:11,2
DA:12,2
DA:13,2
FNF:1
FNH:1
LF:4
LH:4
BRF:0
BRH:0
end_of_record
TN:
SF:test/RuleIdentityRegistry/Ownable/RuleIdentityRegistryOwnable2Step.t.sol
DA:11,2
FN:11,RuleIdentityRegistryOwnable2StepTest._deployOwnable2Step
FNDA:2,RuleIdentityRegistryOwnable2StepTest._deployOwnable2Step
DA:12,2
DA:13,2
DA:14,2
DA:15,2
DA:16,2
FNF:1
FNH:1
LF:6
LH:6
BRF:0
BRH:0
end_of_record
TN:
SF:test/RuleMaxTotalSupply/Ownable/RuleMaxTotalSupplyOwnable2Step.t.sol
DA:11,2
FN:11,RuleMaxTotalSupplyOwnable2StepTest._deployOwnable2Step
FNDA:2,RuleMaxTotalSupplyOwnable2StepTest._deployOwnable2Step
DA:12,2
DA:13,2
DA:14,2
DA:15,2
FNF:1
FNH:1
LF:5
LH:5
BRF:0
BRH:0
end_of_record
TN:
SF:test/RuleMaxTotalSupply/RuleMaxTotalSupplyUnit.t.sol
DA:211,2
FN:211,RevertingTotalSupplyMock.setRevertOnTotalSupply
FNDA:2,RevertingTotalSupplyMock.setRevertOnTotalSupply
DA:212,2
DA:215,6
FN:215,RevertingTotalSupplyMock.totalSupply
FNDA:6,RevertingTotalSupplyMock.totalSupply
DA:216,6
BRDA:216,0,0,4
BRDA:216,0,1,2
DA:217,2
FNF:2
FNH:2
LF:5
LH:5
BRF:2
BRH:2
end_of_record
TN:
SF:test/RuleSanctionList/Ownable/RuleSanctionsListOwnable2Step.t.sol
DA:13,2
FN:13,RuleSanctionsListOwnable2StepTest._deployOwnable2Step
FNDA:2,RuleSanctionsListOwnable2StepTest._deployOwnable2Step
DA:14,2
DA:15,2
DA:16,2
DA:17,2
FNF:1
FNH:1
LF:5
LH:5
BRF:0
BRH:0
end_of_record
TN:
SF:test/RuleWhitelist/Ownable/RuleWhitelistOwnable2Step.t.sol
DA:10,2
FN:10,RuleWhitelistOwnable2StepTest._deployOwnable2Step
FNDA:2,RuleWhitelistOwnable2StepTest._deployOwnable2Step
DA:11,2
DA:12,2
DA:13,2
DA:14,2
FNF:1
FNH:1
LF:5
LH:5
BRF:0
BRH:0
end_of_record
TN:
SF:test/invariant/ConditionalTransferHandler.sol
DA:61,2
FN:61,ConditionalTransferHandler.constructor
FNDA:2,ConditionalTransferHandler.constructor
DA:62,2
DA:72,4152
FN:72,ConditionalTransferHandler.approve
FNDA:4152,ConditionalTransferHandler.approve
DA:73,4152
DA:74,4152
DA:75,4152
DA:76,4152
DA:82,4270
FN:82,ConditionalTransferHandler.cancel
FNDA:4270,ConditionalTransferHandler.cancel
DA:83,4270
BRDA:83,0,0,4270
DA:84,4270
DA:86,4114
DA:87,4114
BRDA:87,1,0,2747
DA:88,2747
DA:90,1367
DA:91,1367
DA:97,4190
FN:97,ConditionalTransferHandler.execute
FNDA:4190,ConditionalTransferHandler.execute
DA:98,4190
BRDA:98,2,0,4190
DA:99,4190
DA:101,4048
DA:102,4048
BRDA:102,3,0,2559
DA:103,2559
DA:105,1489
DA:106,1489
DA:114,4028
FN:114,ConditionalTransferHandler.executeMintOrBurn
FNDA:4028,ConditionalTransferHandler.executeMintOrBurn
DA:115,4028
DA:116,4028
DA:117,4028
BRDA:117,4,0,2023
BRDA:117,4,1,2005
DA:118,2023
DA:120,2005
DA:122,4028
DA:132,0
FN:132,ConditionalTransferHandler.sumApprovalCounts
FNDA:0,ConditionalTransferHandler.sumApprovalCounts
DA:133,0
DA:134,0
DA:135,0
DA:142,0
FN:142,ConditionalTransferHandler.keyCount
FNDA:0,ConditionalTransferHandler.keyCount
DA:143,0
DA:150,4152
FN:150,ConditionalTransferHandler._tuple
FNDA:4152,ConditionalTransferHandler._tuple
DA:156,4152
DA:157,4152
DA:158,4152
DA:161,4152
FN:161,ConditionalTransferHandler._record
FNDA:4152,ConditionalTransferHandler._record
DA:162,4152
DA:163,4152
BRDA:163,5,0,2998
DA:164,2998
DA:165,2998
FNF:9
FNH:7
LF:45
LH:39
BRF:7
BRH:7
end_of_record
TN:
SF:test/invariant/MintAllowanceHandler.sol
DA:55,2
FN:55,MintAllowanceHandler.constructor
FNDA:2,MintAllowanceHandler.constructor
DA:56,2
DA:66,3454
FN:66,MintAllowanceHandler.setAllowance
FNDA:3454,MintAllowanceHandler.setAllowance
DA:67,3454
DA:68,3454
DA:69,3454
DA:70,3454
DA:71,3454
DA:77,3236
FN:77,MintAllowanceHandler.increase
FNDA:3236,MintAllowanceHandler.increase
DA:78,3236
DA:79,3236
DA:80,3236
DA:81,3236
DA:82,3236
DA:88,3376
FN:88,MintAllowanceHandler.decrease
FNDA:3376,MintAllowanceHandler.decrease
DA:89,3376
DA:90,3376
DA:91,3376
BRDA:91,0,0,294
DA:92,294
DA:94,3082
DA:95,3082
DA:96,3082
DA:102,3304
FN:102,MintAllowanceHandler.mint
FNDA:3304,MintAllowanceHandler.mint
DA:103,3304
DA:104,3304
DA:105,3304
BRDA:105,1,0,275
DA:106,275
DA:108,3029
DA:109,3029
DA:111,3029
DA:113,3029
DA:114,3029
DA:121,3270
FN:121,MintAllowanceHandler.regularTransfer
FNDA:3270,MintAllowanceHandler.regularTransfer
DA:122,3270
DA:123,3270
DA:124,3270
DA:125,3270
DA:135,0
FN:135,MintAllowanceHandler.minterAt
FNDA:0,MintAllowanceHandler.minterAt
DA:136,0
DA:137,0
DA:143,0
FN:143,MintAllowanceHandler.minterCount
FNDA:0,MintAllowanceHandler.minterCount
DA:144,0
DA:151,16640
FN:151,MintAllowanceHandler._minter
FNDA:16640,MintAllowanceHandler._minter
DA:152,16640
FNF:9
FNH:7
LF:44
LH:39
BRF:2
BRH:2
end_of_record
TN:
SF:test/utils/AccessControlEnumerableTestBase.sol
DA:22,0
FN:22,AccessControlEnumerableTestBase._deployAccessControl
FNDA:0,AccessControlEnumerableTestBase._deployAccessControl
DA:24,7
FN:24,AccessControlEnumerableTestBase.setUp
FNDA:7,AccessControlEnumerableTestBase.setUp
DA:25,7
DA:28,14
FN:28,AccessControlEnumerableTestBase._assertRoleMembers
FNDA:14,AccessControlEnumerableTestBase._assertRoleMembers
DA:29,14
DA:30,14
DA:31,14
BRDA:31,0,0,7
DA:32,7
DA:34,7
DA:35,7
DA:36,7
FNF:3
FNH:2
LF:11
LH:10
BRF:1
BRH:1
end_of_record
TN:
SF:test/utils/CMTATDeployment.sol
DA:15,78
FN:15,CMTATDeployment.constructor
FNDA:78,CMTATDeployment.constructor
DA:17,78
DA:18,78
DA:19,78
DA:20,78
DA:27,78
DA:28,78
FNF:1
FNH:1
LF:7
LH:7
BRF:0
BRH:0
end_of_record
